[0.952s] Invoking command in '/home/q/Algorithm_research/DWA_ws/src/mower_dwa_local_planner': PYTHONPATH=/home/q/Algorithm_research/DWA_ws/build/mower_dwa_local_planner/prefix_override:/usr/lib/python3/dist-packages/colcon_core/task/python/colcon_distutils_commands:/home/q/Algorithm_research/DWA_ws/install/mower_dwa_local_planner/lib/python3.10/site-packages:${PYTHONPATH} /usr/bin/python3 -W ignore:setup.py install is deprecated -W ignore:easy_install command is deprecated setup.py egg_info --egg-base ../../build/mower_dwa_local_planner build --build-base /home/q/Algorithm_research/DWA_ws/build/mower_dwa_local_planner/build install --record /home/q/Algorithm_research/DWA_ws/build/mower_dwa_local_planner/install.log --single-version-externally-managed install_data
[1.155s] running egg_info
[1.156s] writing ../../build/mower_dwa_local_planner/mower_dwa_local_planner.egg-info/PKG-INFO
[1.156s] writing dependency_links to ../../build/mower_dwa_local_planner/mower_dwa_local_planner.egg-info/dependency_links.txt
[1.157s] writing entry points to ../../build/mower_dwa_local_planner/mower_dwa_local_planner.egg-info/entry_points.txt
[1.157s] writing requirements to ../../build/mower_dwa_local_planner/mower_dwa_local_planner.egg-info/requires.txt
[1.157s] writing top-level names to ../../build/mower_dwa_local_planner/mower_dwa_local_planner.egg-info/top_level.txt
[1.159s] reading manifest file '../../build/mower_dwa_local_planner/mower_dwa_local_planner.egg-info/SOURCES.txt'
[1.160s] writing manifest file '../../build/mower_dwa_local_planner/mower_dwa_local_planner.egg-info/SOURCES.txt'
[1.160s] running build
[1.160s] running build_py
[1.160s] running install
[1.160s] running install_lib
[1.161s] running install_data
[1.161s] running install_egg_info
[1.162s] removing '/home/q/Algorithm_research/DWA_ws/install/mower_dwa_local_planner/lib/python3.10/site-packages/mower_dwa_local_planner-0.0.1-py3.10.egg-info' (and everything under it)
[1.163s] Copying ../../build/mower_dwa_local_planner/mower_dwa_local_planner.egg-info to /home/q/Algorithm_research/DWA_ws/install/mower_dwa_local_planner/lib/python3.10/site-packages/mower_dwa_local_planner-0.0.1-py3.10.egg-info
[1.164s] running install_scripts
[1.180s] Installing dwa_local_planner script to /home/q/Algorithm_research/DWA_ws/install/mower_dwa_local_planner/lib/mower_dwa_local_planner
[1.180s] writing list of installed files to '/home/q/Algorithm_research/DWA_ws/build/mower_dwa_local_planner/install.log'
[1.194s] Invoked command in '/home/q/Algorithm_research/DWA_ws/src/mower_dwa_local_planner' returned '0': PYTHONPATH=/home/q/Algorithm_research/DWA_ws/build/mower_dwa_local_planner/prefix_override:/usr/lib/python3/dist-packages/colcon_core/task/python/colcon_distutils_commands:/home/q/Algorithm_research/DWA_ws/install/mower_dwa_local_planner/lib/python3.10/site-packages:${PYTHONPATH} /usr/bin/python3 -W ignore:setup.py install is deprecated -W ignore:easy_install command is deprecated setup.py egg_info --egg-base ../../build/mower_dwa_local_planner build --build-base /home/q/Algorithm_research/DWA_ws/build/mower_dwa_local_planner/build install --record /home/q/Algorithm_research/DWA_ws/build/mower_dwa_local_planner/install.log --single-version-externally-managed install_data
