[0.536s] Invoking command in '/home/q/Algorithm_research/DWA_ws/src/mower_dwa_local_planner': CMAKE_PREFIX_PATH=/home/q/Algorithm_research/DWA_ws/install/mower_description:/home/q/Algorithm_research/DWA_ws/install/mower_dwa_controller LD_LIBRARY_PATH=/home/q/Algorithm_research/DWA_ws/install/mower_description/lib:/home/q/Algorithm_research/DWA_ws/install/mower_dwa_controller/lib:/usr/lib/x86_64-linux-gnu/gazebo-11/plugins:/opt/ros/humble/opt/rviz_ogre_vendor/lib:/opt/ros/humble/lib/x86_64-linux-gnu:/opt/ros/humble/lib PYTHONPATH=/home/q/Algorithm_research/DWA_ws/build/mower_dwa_local_planner/prefix_override:/usr/lib/python3/dist-packages/colcon_core/task/python/colcon_distutils_commands:/home/q/Algorithm_research/DWA_ws/install/mower_dwa_local_planner/lib/python3.10/site-packages:${PYTHONPATH} /usr/bin/python3 -W ignore:setup.py install is deprecated -W ignore:easy_install command is deprecated setup.py egg_info --egg-base ../../build/mower_dwa_local_planner build --build-base /home/q/Algorithm_research/DWA_ws/build/mower_dwa_local_planner/build install --record /home/q/Algorithm_research/DWA_ws/build/mower_dwa_local_planner/install.log --single-version-externally-managed install_data
[0.757s] running egg_info
[0.757s] writing ../../build/mower_dwa_local_planner/mower_dwa_local_planner.egg-info/PKG-INFO
[0.757s] writing dependency_links to ../../build/mower_dwa_local_planner/mower_dwa_local_planner.egg-info/dependency_links.txt
[0.758s] writing entry points to ../../build/mower_dwa_local_planner/mower_dwa_local_planner.egg-info/entry_points.txt
[0.758s] writing requirements to ../../build/mower_dwa_local_planner/mower_dwa_local_planner.egg-info/requires.txt
[0.758s] writing top-level names to ../../build/mower_dwa_local_planner/mower_dwa_local_planner.egg-info/top_level.txt
[0.759s] reading manifest file '../../build/mower_dwa_local_planner/mower_dwa_local_planner.egg-info/SOURCES.txt'
[0.760s] writing manifest file '../../build/mower_dwa_local_planner/mower_dwa_local_planner.egg-info/SOURCES.txt'
[0.760s] running build
[0.760s] running build_py
[0.761s] copying mower_dwa_local_planner/dwa_local_planner.py -> /home/q/Algorithm_research/DWA_ws/build/mower_dwa_local_planner/build/lib/mower_dwa_local_planner
[0.761s] running install
[0.761s] running install_lib
[0.762s] copying /home/q/Algorithm_research/DWA_ws/build/mower_dwa_local_planner/build/lib/mower_dwa_local_planner/dwa_local_planner.py -> /home/q/Algorithm_research/DWA_ws/install/mower_dwa_local_planner/lib/python3.10/site-packages/mower_dwa_local_planner
[0.767s] byte-compiling /home/q/Algorithm_research/DWA_ws/install/mower_dwa_local_planner/lib/python3.10/site-packages/mower_dwa_local_planner/dwa_local_planner.py to dwa_local_planner.cpython-310.pyc
[0.773s] running install_data
[0.773s] running install_egg_info
[0.775s] removing '/home/q/Algorithm_research/DWA_ws/install/mower_dwa_local_planner/lib/python3.10/site-packages/mower_dwa_local_planner-0.0.1-py3.10.egg-info' (and everything under it)
[0.775s] Copying ../../build/mower_dwa_local_planner/mower_dwa_local_planner.egg-info to /home/q/Algorithm_research/DWA_ws/install/mower_dwa_local_planner/lib/python3.10/site-packages/mower_dwa_local_planner-0.0.1-py3.10.egg-info
[0.777s] running install_scripts
[0.793s] Installing dwa_local_planner script to /home/q/Algorithm_research/DWA_ws/install/mower_dwa_local_planner/lib/mower_dwa_local_planner
[0.793s] writing list of installed files to '/home/q/Algorithm_research/DWA_ws/build/mower_dwa_local_planner/install.log'
[0.808s] Invoked command in '/home/q/Algorithm_research/DWA_ws/src/mower_dwa_local_planner' returned '0': CMAKE_PREFIX_PATH=/home/q/Algorithm_research/DWA_ws/install/mower_description:/home/q/Algorithm_research/DWA_ws/install/mower_dwa_controller LD_LIBRARY_PATH=/home/q/Algorithm_research/DWA_ws/install/mower_description/lib:/home/q/Algorithm_research/DWA_ws/install/mower_dwa_controller/lib:/usr/lib/x86_64-linux-gnu/gazebo-11/plugins:/opt/ros/humble/opt/rviz_ogre_vendor/lib:/opt/ros/humble/lib/x86_64-linux-gnu:/opt/ros/humble/lib PYTHONPATH=/home/q/Algorithm_research/DWA_ws/build/mower_dwa_local_planner/prefix_override:/usr/lib/python3/dist-packages/colcon_core/task/python/colcon_distutils_commands:/home/q/Algorithm_research/DWA_ws/install/mower_dwa_local_planner/lib/python3.10/site-packages:${PYTHONPATH} /usr/bin/python3 -W ignore:setup.py install is deprecated -W ignore:easy_install command is deprecated setup.py egg_info --egg-base ../../build/mower_dwa_local_planner build --build-base /home/q/Algorithm_research/DWA_ws/build/mower_dwa_local_planner/build install --record /home/q/Algorithm_research/DWA_ws/build/mower_dwa_local_planner/install.log --single-version-externally-managed install_data
