[0.010s] Invoking command in '/home/q/Algorithm_research/DWA_ws/build/mower_description': CMAKE_PREFIX_PATH=${CMAKE_PREFIX_PATH}:/home/q/Algorithm_research/DWA_ws/install/mower_dwa_local_planner:/home/q/Algorithm_research/DWA_ws/install/mower_slam:/home/q/Algorithm_research/DWA_ws/install/mower_algo_validation:/opt/ros/humble /usr/bin/cmake --build /home/q/Algorithm_research/DWA_ws/build/mower_description -- -j24 -l24
[0.067s] [  3%] Built target mower_description__rs
[0.068s] [  6%] Built target mower_description__cpp
[0.069s] [ 15%] Built target mower_description__rosidl_generator_c
[0.078s] [ 15%] Built target ament_cmake_python_symlink_mower_description
[0.090s] [ 25%] Built target mower_description__rosidl_typesupport_introspection_cpp
[0.094s] [ 34%] Built target mower_description__rosidl_typesupport_cpp
[0.096s] [ 43%] Built target mower_description__rosidl_typesupport_fastrtps_cpp
[0.103s] [ 53%] Built target mower_description__rosidl_typesupport_c
[0.104s] [ 62%] Built target mower_description__rosidl_typesupport_fastrtps_c
[0.105s] [ 71%] Built target mower_description__rosidl_typesupport_introspection_c
[0.130s] [ 71%] Built target mower_description
[0.152s] [ 75%] Built target mower_description__py
[0.177s] [ 81%] Built target mower_description__rosidl_generator_py
[0.203s] [ 87%] Built target mower_description__rosidl_typesupport_introspection_c__pyext
[0.204s] [ 93%] Built target mower_description__rosidl_typesupport_c__pyext
[0.205s] [100%] Built target mower_description__rosidl_typesupport_fastrtps_c__pyext
[0.294s] running egg_info
[0.294s] writing mower_description.egg-info/PKG-INFO
[0.295s] writing dependency_links to mower_description.egg-info/dependency_links.txt
[0.295s] writing top-level names to mower_description.egg-info/top_level.txt
[0.297s] reading manifest file 'mower_description.egg-info/SOURCES.txt'
[0.298s] writing manifest file 'mower_description.egg-info/SOURCES.txt'
[0.324s] [100%] Built target ament_cmake_python_build_mower_description_egg
[0.336s] Invoked command in '/home/q/Algorithm_research/DWA_ws/build/mower_description' returned '0': CMAKE_PREFIX_PATH=${CMAKE_PREFIX_PATH}:/home/q/Algorithm_research/DWA_ws/install/mower_dwa_local_planner:/home/q/Algorithm_research/DWA_ws/install/mower_slam:/home/q/Algorithm_research/DWA_ws/install/mower_algo_validation:/opt/ros/humble /usr/bin/cmake --build /home/q/Algorithm_research/DWA_ws/build/mower_description -- -j24 -l24
[0.347s] Invoking command in '/home/q/Algorithm_research/DWA_ws/build/mower_description': CMAKE_PREFIX_PATH=${CMAKE_PREFIX_PATH}:/home/q/Algorithm_research/DWA_ws/install/mower_dwa_local_planner:/home/q/Algorithm_research/DWA_ws/install/mower_slam:/home/q/Algorithm_research/DWA_ws/install/mower_algo_validation:/opt/ros/humble /usr/bin/cmake --install /home/q/Algorithm_research/DWA_ws/build/mower_description
[0.356s] -- Install configuration: ""
[0.356s] -- Execute custom install script
[0.356s] -- Up-to-date symlink: /home/q/Algorithm_research/DWA_ws/install/mower_description/share/ament_index/resource_index/rosidl_interfaces/mower_description
[0.357s] -- Up-to-date symlink: /home/q/Algorithm_research/DWA_ws/install/mower_description/include/mower_description/mower_description/msg/rosidl_generator_c__visibility_control.h
[0.358s] -- Up-to-date symlink: /home/q/Algorithm_research/DWA_ws/install/mower_description/include/mower_description/mower_description/srv/cutting_motor_control.h
[0.358s] -- Up-to-date symlink: /home/q/Algorithm_research/DWA_ws/install/mower_description/include/mower_description/mower_description/srv/detail/cutting_motor_control__functions.h
[0.359s] -- Up-to-date symlink: /home/q/Algorithm_research/DWA_ws/install/mower_description/include/mower_description/mower_description/srv/detail/cutting_motor_control__struct.h
[0.359s] -- Up-to-date symlink: /home/q/Algorithm_research/DWA_ws/install/mower_description/include/mower_description/mower_description/srv/detail/cutting_motor_control__type_support.h
[0.360s] -- Up-to-date symlink: /home/q/Algorithm_research/DWA_ws/install/mower_description/share/mower_description/environment/library_path.sh
[0.360s] -- Up-to-date symlink: /home/q/Algorithm_research/DWA_ws/install/mower_description/share/mower_description/environment/library_path.dsv
[0.361s] -- Up-to-date symlink: /home/q/Algorithm_research/DWA_ws/install/mower_description/include/mower_description/mower_description/msg/rosidl_typesupport_fastrtps_c__visibility_control.h
[0.361s] -- Up-to-date symlink: /home/q/Algorithm_research/DWA_ws/install/mower_description/include/mower_description/mower_description/srv/detail/cutting_motor_control__rosidl_typesupport_fastrtps_c.h
[0.361s] -- Up-to-date symlink: /home/q/Algorithm_research/DWA_ws/install/mower_description/include/mower_description/mower_description/msg/rosidl_generator_cpp__visibility_control.hpp
[0.362s] -- Up-to-date symlink: /home/q/Algorithm_research/DWA_ws/install/mower_description/include/mower_description/mower_description/srv/cutting_motor_control.hpp
[0.362s] -- Up-to-date symlink: /home/q/Algorithm_research/DWA_ws/install/mower_description/include/mower_description/mower_description/srv/detail/cutting_motor_control__builder.hpp
[0.363s] -- Up-to-date symlink: /home/q/Algorithm_research/DWA_ws/install/mower_description/include/mower_description/mower_description/srv/detail/cutting_motor_control__struct.hpp
[0.363s] -- Up-to-date symlink: /home/q/Algorithm_research/DWA_ws/install/mower_description/include/mower_description/mower_description/srv/detail/cutting_motor_control__traits.hpp
[0.364s] -- Up-to-date symlink: /home/q/Algorithm_research/DWA_ws/install/mower_description/include/mower_description/mower_description/srv/detail/cutting_motor_control__type_support.hpp
[0.364s] -- Up-to-date symlink: /home/q/Algorithm_research/DWA_ws/install/mower_description/include/mower_description/mower_description/msg/rosidl_typesupport_fastrtps_cpp__visibility_control.h
[0.364s] -- Up-to-date symlink: /home/q/Algorithm_research/DWA_ws/install/mower_description/include/mower_description/mower_description/srv/detail/cutting_motor_control__rosidl_typesupport_fastrtps_cpp.hpp
[0.365s] -- Up-to-date symlink: /home/q/Algorithm_research/DWA_ws/install/mower_description/include/mower_description/mower_description/msg/rosidl_typesupport_introspection_c__visibility_control.h
[0.365s] -- Up-to-date symlink: /home/q/Algorithm_research/DWA_ws/install/mower_description/include/mower_description/mower_description/srv/detail/cutting_motor_control__rosidl_typesupport_introspection_c.h
[0.365s] -- Up-to-date symlink: /home/q/Algorithm_research/DWA_ws/install/mower_description/include/mower_description/mower_description/srv/detail/cutting_motor_control__rosidl_typesupport_introspection_cpp.hpp
[0.365s] -- Up-to-date symlink: /home/q/Algorithm_research/DWA_ws/install/mower_description/share/mower_description/environment/pythonpath.sh
[0.366s] -- Up-to-date symlink: /home/q/Algorithm_research/DWA_ws/install/mower_description/share/mower_description/environment/pythonpath.dsv
[0.366s] -- Up-to-date symlink: /home/q/Algorithm_research/DWA_ws/install/mower_description/local/lib/python3.10/dist-packages/mower_description-0.0.0-py3.10.egg-info/PKG-INFO
[0.366s] -- Up-to-date symlink: /home/q/Algorithm_research/DWA_ws/install/mower_description/local/lib/python3.10/dist-packages/mower_description-0.0.0-py3.10.egg-info/SOURCES.txt
[0.366s] -- Up-to-date symlink: /home/q/Algorithm_research/DWA_ws/install/mower_description/local/lib/python3.10/dist-packages/mower_description-0.0.0-py3.10.egg-info/dependency_links.txt
[0.367s] -- Up-to-date symlink: /home/q/Algorithm_research/DWA_ws/install/mower_description/local/lib/python3.10/dist-packages/mower_description-0.0.0-py3.10.egg-info/top_level.txt
[0.367s] -- Up-to-date symlink: /home/q/Algorithm_research/DWA_ws/install/mower_description/local/lib/python3.10/dist-packages/mower_description/__init__.py
[0.368s] -- Up-to-date symlink: /home/q/Algorithm_research/DWA_ws/install/mower_description/local/lib/python3.10/dist-packages/mower_description/_mower_description_s.ep.rosidl_typesupport_c.c
[0.368s] -- Up-to-date symlink: /home/q/Algorithm_research/DWA_ws/install/mower_description/local/lib/python3.10/dist-packages/mower_description/_mower_description_s.ep.rosidl_typesupport_fastrtps_c.c
[0.368s] -- Up-to-date symlink: /home/q/Algorithm_research/DWA_ws/install/mower_description/local/lib/python3.10/dist-packages/mower_description/_mower_description_s.ep.rosidl_typesupport_introspection_c.c
[0.369s] -- Up-to-date symlink: /home/q/Algorithm_research/DWA_ws/install/mower_description/local/lib/python3.10/dist-packages/mower_description/libmower_description__rosidl_generator_py.so
[0.369s] -- Up-to-date symlink: /home/q/Algorithm_research/DWA_ws/install/mower_description/local/lib/python3.10/dist-packages/mower_description/mower_description_s__rosidl_typesupport_c.cpython-310-x86_64-linux-gnu.so
[0.370s] -- Up-to-date symlink: /home/q/Algorithm_research/DWA_ws/install/mower_description/local/lib/python3.10/dist-packages/mower_description/mower_description_s__rosidl_typesupport_fastrtps_c.cpython-310-x86_64-linux-gnu.so
[0.370s] -- Up-to-date symlink: /home/q/Algorithm_research/DWA_ws/install/mower_description/local/lib/python3.10/dist-packages/mower_description/mower_description_s__rosidl_typesupport_introspection_c.cpython-310-x86_64-linux-gnu.so
[0.371s] -- Up-to-date symlink: /home/q/Algorithm_research/DWA_ws/install/mower_description/local/lib/python3.10/dist-packages/mower_description/srv/__init__.py
[0.371s] -- Up-to-date symlink: /home/q/Algorithm_research/DWA_ws/install/mower_description/local/lib/python3.10/dist-packages/mower_description/srv/_cutting_motor_control.py
[0.371s] -- Up-to-date symlink: /home/q/Algorithm_research/DWA_ws/install/mower_description/local/lib/python3.10/dist-packages/mower_description/srv/_cutting_motor_control_s.c
[0.371s] -- Up-to-date symlink: /home/q/Algorithm_research/DWA_ws/install/mower_description/local/lib/python3.10/dist-packages/mower_description/mower_description_s__rosidl_typesupport_fastrtps_c.cpython-310-x86_64-linux-gnu.so
[0.372s] -- Up-to-date symlink: /home/q/Algorithm_research/DWA_ws/install/mower_description/local/lib/python3.10/dist-packages/mower_description/mower_description_s__rosidl_typesupport_introspection_c.cpython-310-x86_64-linux-gnu.so
[0.372s] -- Up-to-date symlink: /home/q/Algorithm_research/DWA_ws/install/mower_description/local/lib/python3.10/dist-packages/mower_description/mower_description_s__rosidl_typesupport_c.cpython-310-x86_64-linux-gnu.so
[0.373s] -- Up-to-date symlink: /home/q/Algorithm_research/DWA_ws/install/mower_description/share/ament_index/resource_index/rust_packages/mower_description
[0.373s] -- Up-to-date symlink: /home/q/Algorithm_research/DWA_ws/install/mower_description/share/mower_description/rust/Cargo.toml
[0.373s] -- Up-to-date symlink: /home/q/Algorithm_research/DWA_ws/install/mower_description/share/mower_description/rust/build.rs
[0.374s] -- Up-to-date symlink: /home/q/Algorithm_research/DWA_ws/install/mower_description/share/mower_description/rust/src/lib.rs
[0.374s] -- Up-to-date symlink: /home/q/Algorithm_research/DWA_ws/install/mower_description/share/mower_description/rust/src/srv.rs
[0.375s] -- Up-to-date symlink: /home/q/Algorithm_research/DWA_ws/install/mower_description/share/mower_description/rust/src/srv/rmw.rs
[0.375s] -- Up-to-date symlink: /home/q/Algorithm_research/DWA_ws/install/mower_description/share/mower_description/srv/CuttingMotorControl.idl
[0.375s] -- Up-to-date symlink: /home/q/Algorithm_research/DWA_ws/install/mower_description/share/mower_description/srv/CuttingMotorControl.srv
[0.376s] -- Up-to-date symlink: /home/q/Algorithm_research/DWA_ws/install/mower_description/share/mower_description/srv/CuttingMotorControl_Request.msg
[0.376s] -- Up-to-date symlink: /home/q/Algorithm_research/DWA_ws/install/mower_description/share/mower_description/srv/CuttingMotorControl_Response.msg
[0.377s] -- Up-to-date symlink: /home/q/Algorithm_research/DWA_ws/install/mower_description/lib/mower_description/cutting_motor_controller.py
[0.377s] -- Up-to-date symlink: /home/q/Algorithm_research/DWA_ws/install/mower_description/lib/mower_description/gear_marker_publisher.py
[0.378s] -- Up-to-date symlink: /home/q/Algorithm_research/DWA_ws/install/mower_description/share/mower_description/launch/mower_gazebo.launch.py
[0.378s] -- Up-to-date symlink: /home/q/Algorithm_research/DWA_ws/install/mower_description/share/mower_description/urdf/mower.urdf
[0.378s] -- Up-to-date symlink: /home/q/Algorithm_research/DWA_ws/install/mower_description/share/mower_description/worlds/mower_world.world
[0.379s] -- Up-to-date symlink: /home/q/Algorithm_research/DWA_ws/install/mower_description/share/mower_description/worlds/room_world.world
[0.379s] -- Up-to-date symlink: /home/q/Algorithm_research/DWA_ws/install/mower_description/share/mower_description/worlds/room_world_open.world
[0.380s] -- Up-to-date symlink: /home/q/Algorithm_research/DWA_ws/install/mower_description/share/mower_description/config/rviz/mower_gazebo.rviz
[0.380s] -- Up-to-date symlink: /home/q/Algorithm_research/DWA_ws/install/mower_description/share/ament_index/resource_index/package_run_dependencies/mower_description
[0.380s] -- Up-to-date symlink: /home/q/Algorithm_research/DWA_ws/install/mower_description/share/ament_index/resource_index/parent_prefix_path/mower_description
[0.381s] -- Up-to-date symlink: /home/q/Algorithm_research/DWA_ws/install/mower_description/share/mower_description/environment/ament_prefix_path.sh
[0.381s] -- Up-to-date symlink: /home/q/Algorithm_research/DWA_ws/install/mower_description/share/mower_description/environment/ament_prefix_path.dsv
[0.382s] -- Up-to-date symlink: /home/q/Algorithm_research/DWA_ws/install/mower_description/share/mower_description/environment/path.sh
[0.382s] -- Up-to-date symlink: /home/q/Algorithm_research/DWA_ws/install/mower_description/share/mower_description/environment/path.dsv
[0.383s] -- Up-to-date symlink: /home/q/Algorithm_research/DWA_ws/install/mower_description/share/mower_description/local_setup.bash
[0.383s] -- Up-to-date symlink: /home/q/Algorithm_research/DWA_ws/install/mower_description/share/mower_description/local_setup.sh
[0.384s] -- Up-to-date symlink: /home/q/Algorithm_research/DWA_ws/install/mower_description/share/mower_description/local_setup.zsh
[0.384s] -- Up-to-date symlink: /home/q/Algorithm_research/DWA_ws/install/mower_description/share/mower_description/local_setup.dsv
[0.384s] -- Symlinking: /home/q/Algorithm_research/DWA_ws/install/mower_description/share/mower_description/package.dsv
[0.395s] -- Up-to-date symlink: /home/q/Algorithm_research/DWA_ws/install/mower_description/share/ament_index/resource_index/packages/mower_description
[0.396s] -- Up-to-date symlink: /home/q/Algorithm_research/DWA_ws/install/mower_description/share/mower_description/cmake/rosidl_cmake-extras.cmake
[0.396s] -- Up-to-date symlink: /home/q/Algorithm_research/DWA_ws/install/mower_description/share/mower_description/cmake/ament_cmake_export_dependencies-extras.cmake
[0.397s] -- Up-to-date symlink: /home/q/Algorithm_research/DWA_ws/install/mower_description/share/mower_description/cmake/ament_cmake_export_include_directories-extras.cmake
[0.397s] -- Up-to-date symlink: /home/q/Algorithm_research/DWA_ws/install/mower_description/share/mower_description/cmake/ament_cmake_export_libraries-extras.cmake
[0.397s] -- Up-to-date symlink: /home/q/Algorithm_research/DWA_ws/install/mower_description/share/mower_description/cmake/ament_cmake_export_targets-extras.cmake
[0.398s] -- Up-to-date symlink: /home/q/Algorithm_research/DWA_ws/install/mower_description/share/mower_description/cmake/rosidl_cmake_export_typesupport_targets-extras.cmake
[0.398s] -- Up-to-date symlink: /home/q/Algorithm_research/DWA_ws/install/mower_description/share/mower_description/cmake/rosidl_cmake_export_typesupport_libraries-extras.cmake
[0.399s] -- Up-to-date symlink: /home/q/Algorithm_research/DWA_ws/install/mower_description/share/mower_description/cmake/mower_descriptionConfig.cmake
[0.399s] -- Up-to-date symlink: /home/q/Algorithm_research/DWA_ws/install/mower_description/share/mower_description/cmake/mower_descriptionConfig-version.cmake
[0.400s] -- Up-to-date symlink: /home/q/Algorithm_research/DWA_ws/install/mower_description/share/mower_description/package.xml
[0.400s] -- Up-to-date: /home/q/Algorithm_research/DWA_ws/install/mower_description/lib/libmower_description__rosidl_generator_c.so
[0.400s] -- Up-to-date: /home/q/Algorithm_research/DWA_ws/install/mower_description/lib/libmower_description__rosidl_typesupport_fastrtps_c.so
[0.400s] -- Up-to-date: /home/q/Algorithm_research/DWA_ws/install/mower_description/lib/libmower_description__rosidl_typesupport_fastrtps_cpp.so
[0.401s] -- Up-to-date: /home/q/Algorithm_research/DWA_ws/install/mower_description/lib/libmower_description__rosidl_typesupport_introspection_c.so
[0.401s] -- Up-to-date: /home/q/Algorithm_research/DWA_ws/install/mower_description/lib/libmower_description__rosidl_typesupport_c.so
[0.401s] -- Up-to-date: /home/q/Algorithm_research/DWA_ws/install/mower_description/lib/libmower_description__rosidl_typesupport_introspection_cpp.so
[0.402s] -- Up-to-date: /home/q/Algorithm_research/DWA_ws/install/mower_description/lib/libmower_description__rosidl_typesupport_cpp.so
[0.428s] Listing '/home/q/Algorithm_research/DWA_ws/install/mower_description/local/lib/python3.10/dist-packages/mower_description'...
[0.428s] Listing '/home/q/Algorithm_research/DWA_ws/install/mower_description/local/lib/python3.10/dist-packages/mower_description/srv'...
[0.431s] -- Up-to-date: /home/q/Algorithm_research/DWA_ws/install/mower_description/lib/libmower_description__rosidl_generator_py.so
[0.431s] -- Up-to-date: /home/q/Algorithm_research/DWA_ws/install/mower_description/share/mower_description/cmake/export_mower_description__rosidl_generator_cExport.cmake
[0.431s] -- Up-to-date: /home/q/Algorithm_research/DWA_ws/install/mower_description/share/mower_description/cmake/export_mower_description__rosidl_generator_cExport-noconfig.cmake
[0.431s] -- Up-to-date: /home/q/Algorithm_research/DWA_ws/install/mower_description/share/mower_description/cmake/export_mower_description__rosidl_typesupport_fastrtps_cExport.cmake
[0.431s] -- Up-to-date: /home/q/Algorithm_research/DWA_ws/install/mower_description/share/mower_description/cmake/export_mower_description__rosidl_typesupport_fastrtps_cExport-noconfig.cmake
[0.431s] -- Up-to-date: /home/q/Algorithm_research/DWA_ws/install/mower_description/share/mower_description/cmake/export_mower_description__rosidl_generator_cppExport.cmake
[0.431s] -- Up-to-date: /home/q/Algorithm_research/DWA_ws/install/mower_description/share/mower_description/cmake/export_mower_description__rosidl_typesupport_fastrtps_cppExport.cmake
[0.431s] -- Up-to-date: /home/q/Algorithm_research/DWA_ws/install/mower_description/share/mower_description/cmake/export_mower_description__rosidl_typesupport_fastrtps_cppExport-noconfig.cmake
[0.432s] -- Up-to-date: /home/q/Algorithm_research/DWA_ws/install/mower_description/share/mower_description/cmake/mower_description__rosidl_typesupport_introspection_cExport.cmake
[0.432s] -- Up-to-date: /home/q/Algorithm_research/DWA_ws/install/mower_description/share/mower_description/cmake/mower_description__rosidl_typesupport_introspection_cExport-noconfig.cmake
[0.432s] -- Up-to-date: /home/q/Algorithm_research/DWA_ws/install/mower_description/share/mower_description/cmake/mower_description__rosidl_typesupport_cExport.cmake
[0.432s] -- Up-to-date: /home/q/Algorithm_research/DWA_ws/install/mower_description/share/mower_description/cmake/mower_description__rosidl_typesupport_cExport-noconfig.cmake
[0.432s] -- Up-to-date: /home/q/Algorithm_research/DWA_ws/install/mower_description/share/mower_description/cmake/mower_description__rosidl_typesupport_introspection_cppExport.cmake
[0.432s] -- Up-to-date: /home/q/Algorithm_research/DWA_ws/install/mower_description/share/mower_description/cmake/mower_description__rosidl_typesupport_introspection_cppExport-noconfig.cmake
[0.432s] -- Up-to-date: /home/q/Algorithm_research/DWA_ws/install/mower_description/share/mower_description/cmake/mower_description__rosidl_typesupport_cppExport.cmake
[0.432s] -- Up-to-date: /home/q/Algorithm_research/DWA_ws/install/mower_description/share/mower_description/cmake/mower_description__rosidl_typesupport_cppExport-noconfig.cmake
[0.432s] -- Up-to-date: /home/q/Algorithm_research/DWA_ws/install/mower_description/share/mower_description/cmake/export_mower_description__rosidl_generator_pyExport.cmake
[0.432s] -- Up-to-date: /home/q/Algorithm_research/DWA_ws/install/mower_description/share/mower_description/cmake/export_mower_description__rosidl_generator_pyExport-noconfig.cmake
[0.434s] Invoked command in '/home/q/Algorithm_research/DWA_ws/build/mower_description' returned '0': CMAKE_PREFIX_PATH=${CMAKE_PREFIX_PATH}:/home/q/Algorithm_research/DWA_ws/install/mower_dwa_local_planner:/home/q/Algorithm_research/DWA_ws/install/mower_slam:/home/q/Algorithm_research/DWA_ws/install/mower_algo_validation:/opt/ros/humble /usr/bin/cmake --install /home/q/Algorithm_research/DWA_ws/build/mower_description
