[0.112s] DEBUG:colcon:Command line arguments: ['/usr/bin/colcon', 'build', '--symlink-install']
[0.112s] DEBUG:colcon:Parsed command line arguments: Namespace(log_base=None, log_level=None, verb_name='build', build_base='build', install_base='install', merge_install=False, symlink_install=True, test_result_base=None, continue_on_error=False, executor='parallel', parallel_workers=24, event_handlers=None, ignore_user_meta=False, metas=['./colcon.meta'], base_paths=['.'], packages_ignore=None, packages_ignore_regex=None, paths=None, packages_up_to=None, packages_up_to_regex=None, packages_above=None, packages_above_and_dependencies=None, packages_above_depth=None, packages_select_by_dep=None, packages_skip_by_dep=None, packages_skip_up_to=None, packages_select_build_failed=False, packages_skip_build_finished=False, packages_select_test_failures=False, packages_skip_test_passed=False, packages_select=None, packages_skip=None, packages_select_regex=None, packages_skip_regex=None, packages_start=None, packages_end=None, allow_overriding=[], cmake_args=None, cmake_target=None, cmake_target_skip_unavailable=False, cmake_clean_cache=False, cmake_clean_first=False, cmake_force_configure=False, ament_cmake_args=None, catkin_cmake_args=None, catkin_skip_building_tests=False, verb_parser=<colcon_defaults.argument_parser.defaults.DefaultArgumentsDecorator object at 0x7ce4d1e41930>, verb_extension=<colcon_core.verb.build.BuildVerb object at 0x7ce4d1fb6020>, main=<bound method BuildVerb.main of <colcon_core.verb.build.BuildVerb object at 0x7ce4d1fb6020>>)
[0.257s] Level 1:colcon.colcon_core.package_discovery:discover_packages(colcon_meta) check parameters
[0.257s] Level 1:colcon.colcon_core.package_discovery:discover_packages(recursive) check parameters
[0.257s] Level 1:colcon.colcon_core.package_discovery:discover_packages(ignore) check parameters
[0.257s] Level 1:colcon.colcon_core.package_discovery:discover_packages(path) check parameters
[0.257s] Level 1:colcon.colcon_core.package_discovery:discover_packages(colcon_meta) discover
[0.257s] Level 1:colcon.colcon_core.package_discovery:discover_packages(recursive) discover
[0.257s] INFO:colcon.colcon_core.package_discovery:Crawling recursively for packages in '/home/q/Algorithm_research/DWA_ws'
[0.257s] Level 1:colcon.colcon_core.package_identification:_identify(.) by extensions ['ignore', 'ignore_ament_install']
[0.257s] Level 1:colcon.colcon_core.package_identification:_identify(.) by extension 'ignore'
[0.257s] Level 1:colcon.colcon_core.package_identification:_identify(.) by extension 'ignore_ament_install'
[0.257s] Level 1:colcon.colcon_core.package_identification:_identify(.) by extensions ['colcon_pkg']
[0.257s] Level 1:colcon.colcon_core.package_identification:_identify(.) by extension 'colcon_pkg'
[0.257s] Level 1:colcon.colcon_core.package_identification:_identify(.) by extensions ['colcon_meta']
[0.257s] Level 1:colcon.colcon_core.package_identification:_identify(.) by extension 'colcon_meta'
[0.257s] Level 1:colcon.colcon_core.package_identification:_identify(.) by extensions ['ros']
[0.257s] Level 1:colcon.colcon_core.package_identification:_identify(.) by extension 'ros'
[0.289s] Level 1:colcon.colcon_core.package_identification:_identify(.) by extensions ['cmake', 'python']
[0.289s] Level 1:colcon.colcon_core.package_identification:_identify(.) by extension 'cmake'
[0.289s] Level 1:colcon.colcon_core.package_identification:_identify(.) by extension 'python'
[0.289s] Level 1:colcon.colcon_core.package_identification:_identify(.) by extensions ['python_setup_py']
[0.289s] Level 1:colcon.colcon_core.package_identification:_identify(.) by extension 'python_setup_py'
[0.289s] Level 1:colcon.colcon_core.package_identification:_identify(build) by extensions ['ignore', 'ignore_ament_install']
[0.289s] Level 1:colcon.colcon_core.package_identification:_identify(build) by extension 'ignore'
[0.290s] Level 1:colcon.colcon_core.package_identification:_identify(build) ignored
[0.290s] Level 1:colcon.colcon_core.package_identification:_identify(install) by extensions ['ignore', 'ignore_ament_install']
[0.290s] Level 1:colcon.colcon_core.package_identification:_identify(install) by extension 'ignore'
[0.290s] Level 1:colcon.colcon_core.package_identification:_identify(install) ignored
[0.290s] Level 1:colcon.colcon_core.package_identification:_identify(log) by extensions ['ignore', 'ignore_ament_install']
[0.290s] Level 1:colcon.colcon_core.package_identification:_identify(log) by extension 'ignore'
[0.290s] Level 1:colcon.colcon_core.package_identification:_identify(log) ignored
[0.290s] Level 1:colcon.colcon_core.package_identification:_identify(src) by extensions ['ignore', 'ignore_ament_install']
[0.290s] Level 1:colcon.colcon_core.package_identification:_identify(src) by extension 'ignore'
[0.290s] Level 1:colcon.colcon_core.package_identification:_identify(src) by extension 'ignore_ament_install'
[0.290s] Level 1:colcon.colcon_core.package_identification:_identify(src) by extensions ['colcon_pkg']
[0.290s] Level 1:colcon.colcon_core.package_identification:_identify(src) by extension 'colcon_pkg'
[0.290s] Level 1:colcon.colcon_core.package_identification:_identify(src) by extensions ['colcon_meta']
[0.290s] Level 1:colcon.colcon_core.package_identification:_identify(src) by extension 'colcon_meta'
[0.290s] Level 1:colcon.colcon_core.package_identification:_identify(src) by extensions ['ros']
[0.290s] Level 1:colcon.colcon_core.package_identification:_identify(src) by extension 'ros'
[0.290s] Level 1:colcon.colcon_core.package_identification:_identify(src) by extensions ['cmake', 'python']
[0.290s] Level 1:colcon.colcon_core.package_identification:_identify(src) by extension 'cmake'
[0.290s] Level 1:colcon.colcon_core.package_identification:_identify(src) by extension 'python'
[0.290s] Level 1:colcon.colcon_core.package_identification:_identify(src) by extensions ['python_setup_py']
[0.290s] Level 1:colcon.colcon_core.package_identification:_identify(src) by extension 'python_setup_py'
[0.290s] Level 1:colcon.colcon_core.package_identification:_identify(src/mower_description) by extensions ['ignore', 'ignore_ament_install']
[0.290s] Level 1:colcon.colcon_core.package_identification:_identify(src/mower_description) by extension 'ignore'
[0.290s] Level 1:colcon.colcon_core.package_identification:_identify(src/mower_description) by extension 'ignore_ament_install'
[0.290s] Level 1:colcon.colcon_core.package_identification:_identify(src/mower_description) by extensions ['colcon_pkg']
[0.290s] Level 1:colcon.colcon_core.package_identification:_identify(src/mower_description) by extension 'colcon_pkg'
[0.290s] Level 1:colcon.colcon_core.package_identification:_identify(src/mower_description) by extensions ['colcon_meta']
[0.290s] Level 1:colcon.colcon_core.package_identification:_identify(src/mower_description) by extension 'colcon_meta'
[0.291s] Level 1:colcon.colcon_core.package_identification:_identify(src/mower_description) by extensions ['ros']
[0.291s] Level 1:colcon.colcon_core.package_identification:_identify(src/mower_description) by extension 'ros'
[0.293s] DEBUG:colcon.colcon_core.package_identification:Package 'src/mower_description' with type 'ros.ament_cmake' and name 'mower_description'
[0.293s] Level 1:colcon.colcon_core.package_identification:_identify(src/mower_dwa_local_planner) by extensions ['ignore', 'ignore_ament_install']
[0.293s] Level 1:colcon.colcon_core.package_identification:_identify(src/mower_dwa_local_planner) by extension 'ignore'
[0.293s] Level 1:colcon.colcon_core.package_identification:_identify(src/mower_dwa_local_planner) by extension 'ignore_ament_install'
[0.293s] Level 1:colcon.colcon_core.package_identification:_identify(src/mower_dwa_local_planner) by extensions ['colcon_pkg']
[0.293s] Level 1:colcon.colcon_core.package_identification:_identify(src/mower_dwa_local_planner) by extension 'colcon_pkg'
[0.293s] Level 1:colcon.colcon_core.package_identification:_identify(src/mower_dwa_local_planner) by extensions ['colcon_meta']
[0.293s] Level 1:colcon.colcon_core.package_identification:_identify(src/mower_dwa_local_planner) by extension 'colcon_meta'
[0.293s] Level 1:colcon.colcon_core.package_identification:_identify(src/mower_dwa_local_planner) by extensions ['ros']
[0.293s] Level 1:colcon.colcon_core.package_identification:_identify(src/mower_dwa_local_planner) by extension 'ros'
[0.294s] DEBUG:colcon.colcon_core.package_identification:Package 'src/mower_dwa_local_planner' with type 'ros.ament_python' and name 'mower_dwa_local_planner'
[0.294s] Level 1:colcon.colcon_core.package_discovery:discover_packages(recursive) using defaults
[0.294s] Level 1:colcon.colcon_core.package_discovery:discover_packages(ignore) discover
[0.294s] Level 1:colcon.colcon_core.package_discovery:discover_packages(ignore) using defaults
[0.294s] Level 1:colcon.colcon_core.package_discovery:discover_packages(path) discover
[0.294s] Level 1:colcon.colcon_core.package_discovery:discover_packages(path) using defaults
[0.311s] Level 1:colcon.colcon_core.package_discovery:discover_packages(prefix_path) check parameters
[0.311s] Level 1:colcon.colcon_core.package_discovery:discover_packages(prefix_path) discover
[0.313s] DEBUG:colcon.colcon_installed_package_information.package_discovery:Found 462 installed packages in /opt/ros/humble
[0.314s] Level 1:colcon.colcon_core.package_discovery:discover_packages(prefix_path) using defaults
[0.362s] Level 5:colcon.colcon_core.verb:set package 'mower_description' build argument 'cmake_args' from command line to 'None'
[0.362s] Level 5:colcon.colcon_core.verb:set package 'mower_description' build argument 'cmake_target' from command line to 'None'
[0.362s] Level 5:colcon.colcon_core.verb:set package 'mower_description' build argument 'cmake_target_skip_unavailable' from command line to 'False'
[0.362s] Level 5:colcon.colcon_core.verb:set package 'mower_description' build argument 'cmake_clean_cache' from command line to 'False'
[0.362s] Level 5:colcon.colcon_core.verb:set package 'mower_description' build argument 'cmake_clean_first' from command line to 'False'
[0.362s] Level 5:colcon.colcon_core.verb:set package 'mower_description' build argument 'cmake_force_configure' from command line to 'False'
[0.362s] Level 5:colcon.colcon_core.verb:set package 'mower_description' build argument 'ament_cmake_args' from command line to 'None'
[0.362s] Level 5:colcon.colcon_core.verb:set package 'mower_description' build argument 'catkin_cmake_args' from command line to 'None'
[0.362s] Level 5:colcon.colcon_core.verb:set package 'mower_description' build argument 'catkin_skip_building_tests' from command line to 'False'
[0.362s] DEBUG:colcon.colcon_core.verb:Building package 'mower_description' with the following arguments: {'ament_cmake_args': None, 'build_base': '/home/q/Algorithm_research/DWA_ws/build/mower_description', 'catkin_cmake_args': None, 'catkin_skip_building_tests': False, 'cmake_args': None, 'cmake_clean_cache': False, 'cmake_clean_first': False, 'cmake_force_configure': False, 'cmake_target': None, 'cmake_target_skip_unavailable': False, 'install_base': '/home/q/Algorithm_research/DWA_ws/install/mower_description', 'merge_install': False, 'path': '/home/q/Algorithm_research/DWA_ws/src/mower_description', 'symlink_install': True, 'test_result_base': None}
[0.363s] Level 5:colcon.colcon_core.verb:set package 'mower_dwa_local_planner' build argument 'cmake_args' from command line to 'None'
[0.363s] Level 5:colcon.colcon_core.verb:set package 'mower_dwa_local_planner' build argument 'cmake_target' from command line to 'None'
[0.363s] Level 5:colcon.colcon_core.verb:set package 'mower_dwa_local_planner' build argument 'cmake_target_skip_unavailable' from command line to 'False'
[0.363s] Level 5:colcon.colcon_core.verb:set package 'mower_dwa_local_planner' build argument 'cmake_clean_cache' from command line to 'False'
[0.363s] Level 5:colcon.colcon_core.verb:set package 'mower_dwa_local_planner' build argument 'cmake_clean_first' from command line to 'False'
[0.363s] Level 5:colcon.colcon_core.verb:set package 'mower_dwa_local_planner' build argument 'cmake_force_configure' from command line to 'False'
[0.363s] Level 5:colcon.colcon_core.verb:set package 'mower_dwa_local_planner' build argument 'ament_cmake_args' from command line to 'None'
[0.363s] Level 5:colcon.colcon_core.verb:set package 'mower_dwa_local_planner' build argument 'catkin_cmake_args' from command line to 'None'
[0.363s] Level 5:colcon.colcon_core.verb:set package 'mower_dwa_local_planner' build argument 'catkin_skip_building_tests' from command line to 'False'
[0.363s] DEBUG:colcon.colcon_core.verb:Building package 'mower_dwa_local_planner' with the following arguments: {'ament_cmake_args': None, 'build_base': '/home/q/Algorithm_research/DWA_ws/build/mower_dwa_local_planner', 'catkin_cmake_args': None, 'catkin_skip_building_tests': False, 'cmake_args': None, 'cmake_clean_cache': False, 'cmake_clean_first': False, 'cmake_force_configure': False, 'cmake_target': None, 'cmake_target_skip_unavailable': False, 'install_base': '/home/q/Algorithm_research/DWA_ws/install/mower_dwa_local_planner', 'merge_install': False, 'path': '/home/q/Algorithm_research/DWA_ws/src/mower_dwa_local_planner', 'symlink_install': True, 'test_result_base': None}
[0.363s] INFO:colcon.colcon_core.executor:Executing jobs using 'parallel' executor
[0.364s] DEBUG:colcon.colcon_parallel_executor.executor.parallel:run_until_complete
[0.364s] INFO:colcon.colcon_ros.task.ament_cmake.build:Building ROS package in '/home/q/Algorithm_research/DWA_ws/src/mower_description' with build type 'ament_cmake'
[0.364s] INFO:colcon.colcon_cmake.task.cmake.build:Building CMake package in '/home/q/Algorithm_research/DWA_ws/src/mower_description'
[0.366s] INFO:colcon.colcon_core.plugin_system:Skipping extension 'colcon_core.shell.bat': Not used on non-Windows systems
[0.366s] INFO:colcon.colcon_core.shell:Skip shell extension 'powershell' for command environment: Not usable outside of PowerShell
[0.366s] DEBUG:colcon.colcon_core.shell:Skip shell extension 'dsv' for command environment
[0.373s] DEBUG:colcon.colcon_core.event_handler.log_command:Invoking command in '/home/q/Algorithm_research/DWA_ws/build/mower_description': CMAKE_PREFIX_PATH=/opt/ros/humble /usr/bin/cmake /home/q/Algorithm_research/DWA_ws/src/mower_description -DAMENT_CMAKE_SYMLINK_INSTALL=1 -DCMAKE_INSTALL_PREFIX=/home/q/Algorithm_research/DWA_ws/install/mower_description
[4.770s] DEBUG:colcon.colcon_core.event_handler.log_command:Invoked command in '/home/q/Algorithm_research/DWA_ws/build/mower_description' returned '0': CMAKE_PREFIX_PATH=/opt/ros/humble /usr/bin/cmake /home/q/Algorithm_research/DWA_ws/src/mower_description -DAMENT_CMAKE_SYMLINK_INSTALL=1 -DCMAKE_INSTALL_PREFIX=/home/q/Algorithm_research/DWA_ws/install/mower_description
[4.772s] DEBUG:colcon.colcon_core.event_handler.log_command:Invoking command in '/home/q/Algorithm_research/DWA_ws/build/mower_description': CMAKE_PREFIX_PATH=/opt/ros/humble /usr/bin/cmake --build /home/q/Algorithm_research/DWA_ws/build/mower_description -- -j24 -l24
[6.852s] DEBUG:colcon.colcon_core.event_handler.log_command:Invoked command in '/home/q/Algorithm_research/DWA_ws/build/mower_description' returned '0': CMAKE_PREFIX_PATH=/opt/ros/humble /usr/bin/cmake --build /home/q/Algorithm_research/DWA_ws/build/mower_description -- -j24 -l24
[6.863s] DEBUG:colcon.colcon_core.event_handler.log_command:Invoking command in '/home/q/Algorithm_research/DWA_ws/build/mower_description': CMAKE_PREFIX_PATH=/opt/ros/humble /usr/bin/cmake --install /home/q/Algorithm_research/DWA_ws/build/mower_description
[7.739s] Level 1:colcon.colcon_core.environment:create_environment_scripts_only(mower_description)
[7.740s] DEBUG:colcon.colcon_core.event_handler.log_command:Invoked command in '/home/q/Algorithm_research/DWA_ws/build/mower_description' returned '0': CMAKE_PREFIX_PATH=/opt/ros/humble /usr/bin/cmake --install /home/q/Algorithm_research/DWA_ws/build/mower_description
[7.743s] Level 1:colcon.colcon_core.environment:checking '/home/q/Algorithm_research/DWA_ws/install/mower_description' for CMake module files
[7.744s] Level 1:colcon.colcon_core.environment:checking '/home/q/Algorithm_research/DWA_ws/install/mower_description' for CMake config files
[7.745s] Level 1:colcon.colcon_core.shell:create_environment_hook('mower_description', 'cmake_prefix_path')
[7.745s] INFO:colcon.colcon_core.shell:Creating environment hook '/home/q/Algorithm_research/DWA_ws/install/mower_description/share/mower_description/hook/cmake_prefix_path.ps1'
[7.746s] INFO:colcon.colcon_core.shell:Creating environment descriptor '/home/q/Algorithm_research/DWA_ws/install/mower_description/share/mower_description/hook/cmake_prefix_path.dsv'
[7.746s] INFO:colcon.colcon_core.shell:Creating environment hook '/home/q/Algorithm_research/DWA_ws/install/mower_description/share/mower_description/hook/cmake_prefix_path.sh'
[7.747s] Level 1:colcon.colcon_core.environment:checking '/home/q/Algorithm_research/DWA_ws/install/mower_description/lib'
[7.747s] Level 1:colcon.colcon_core.shell:create_environment_hook('mower_description', 'ld_library_path_lib')
[7.747s] INFO:colcon.colcon_core.shell:Creating environment hook '/home/q/Algorithm_research/DWA_ws/install/mower_description/share/mower_description/hook/ld_library_path_lib.ps1'
[7.747s] INFO:colcon.colcon_core.shell:Creating environment descriptor '/home/q/Algorithm_research/DWA_ws/install/mower_description/share/mower_description/hook/ld_library_path_lib.dsv'
[7.747s] INFO:colcon.colcon_core.shell:Creating environment hook '/home/q/Algorithm_research/DWA_ws/install/mower_description/share/mower_description/hook/ld_library_path_lib.sh'
[7.748s] Level 1:colcon.colcon_core.environment:checking '/home/q/Algorithm_research/DWA_ws/install/mower_description/bin'
[7.748s] Level 1:colcon.colcon_core.environment:checking '/home/q/Algorithm_research/DWA_ws/install/mower_description/lib/pkgconfig/mower_description.pc'
[7.748s] Level 1:colcon.colcon_core.environment:checking '/home/q/Algorithm_research/DWA_ws/install/mower_description/lib/python3.10/site-packages'
[7.748s] Level 1:colcon.colcon_core.environment:checking '/home/q/Algorithm_research/DWA_ws/install/mower_description/bin'
[7.748s] INFO:colcon.colcon_core.shell:Creating package script '/home/q/Algorithm_research/DWA_ws/install/mower_description/share/mower_description/package.ps1'
[7.749s] INFO:colcon.colcon_core.shell:Creating package descriptor '/home/q/Algorithm_research/DWA_ws/install/mower_description/share/mower_description/package.dsv'
[7.750s] INFO:colcon.colcon_core.shell:Creating package script '/home/q/Algorithm_research/DWA_ws/install/mower_description/share/mower_description/package.sh'
[7.750s] INFO:colcon.colcon_core.shell:Creating package script '/home/q/Algorithm_research/DWA_ws/install/mower_description/share/mower_description/package.bash'
[7.751s] INFO:colcon.colcon_core.shell:Creating package script '/home/q/Algorithm_research/DWA_ws/install/mower_description/share/mower_description/package.zsh'
[7.751s] Level 1:colcon.colcon_core.environment:create_file_with_runtime_dependencies(/home/q/Algorithm_research/DWA_ws/install/mower_description/share/colcon-core/packages/mower_description)
[7.752s] Level 1:colcon.colcon_core.environment:create_environment_scripts_only(mower_description)
[7.752s] Level 1:colcon.colcon_core.environment:checking '/home/q/Algorithm_research/DWA_ws/install/mower_description' for CMake module files
[7.752s] Level 1:colcon.colcon_core.environment:checking '/home/q/Algorithm_research/DWA_ws/install/mower_description' for CMake config files
[7.753s] Level 1:colcon.colcon_core.shell:create_environment_hook('mower_description', 'cmake_prefix_path')
[7.753s] INFO:colcon.colcon_core.shell:Creating environment hook '/home/q/Algorithm_research/DWA_ws/install/mower_description/share/mower_description/hook/cmake_prefix_path.ps1'
[7.754s] INFO:colcon.colcon_core.shell:Creating environment descriptor '/home/q/Algorithm_research/DWA_ws/install/mower_description/share/mower_description/hook/cmake_prefix_path.dsv'
[7.754s] INFO:colcon.colcon_core.shell:Creating environment hook '/home/q/Algorithm_research/DWA_ws/install/mower_description/share/mower_description/hook/cmake_prefix_path.sh'
[7.754s] Level 1:colcon.colcon_core.environment:checking '/home/q/Algorithm_research/DWA_ws/install/mower_description/lib'
[7.754s] Level 1:colcon.colcon_core.shell:create_environment_hook('mower_description', 'ld_library_path_lib')
[7.755s] INFO:colcon.colcon_core.shell:Creating environment hook '/home/q/Algorithm_research/DWA_ws/install/mower_description/share/mower_description/hook/ld_library_path_lib.ps1'
[7.755s] INFO:colcon.colcon_core.shell:Creating environment descriptor '/home/q/Algorithm_research/DWA_ws/install/mower_description/share/mower_description/hook/ld_library_path_lib.dsv'
[7.755s] INFO:colcon.colcon_core.shell:Creating environment hook '/home/q/Algorithm_research/DWA_ws/install/mower_description/share/mower_description/hook/ld_library_path_lib.sh'
[7.756s] Level 1:colcon.colcon_core.environment:checking '/home/q/Algorithm_research/DWA_ws/install/mower_description/bin'
[7.756s] Level 1:colcon.colcon_core.environment:checking '/home/q/Algorithm_research/DWA_ws/install/mower_description/lib/pkgconfig/mower_description.pc'
[7.756s] Level 1:colcon.colcon_core.environment:checking '/home/q/Algorithm_research/DWA_ws/install/mower_description/lib/python3.10/site-packages'
[7.756s] Level 1:colcon.colcon_core.environment:checking '/home/q/Algorithm_research/DWA_ws/install/mower_description/bin'
[7.756s] INFO:colcon.colcon_core.shell:Creating package script '/home/q/Algorithm_research/DWA_ws/install/mower_description/share/mower_description/package.ps1'
[7.757s] INFO:colcon.colcon_core.shell:Creating package descriptor '/home/q/Algorithm_research/DWA_ws/install/mower_description/share/mower_description/package.dsv'
[7.757s] INFO:colcon.colcon_core.shell:Creating package script '/home/q/Algorithm_research/DWA_ws/install/mower_description/share/mower_description/package.sh'
[7.758s] INFO:colcon.colcon_core.shell:Creating package script '/home/q/Algorithm_research/DWA_ws/install/mower_description/share/mower_description/package.bash'
[7.758s] INFO:colcon.colcon_core.shell:Creating package script '/home/q/Algorithm_research/DWA_ws/install/mower_description/share/mower_description/package.zsh'
[7.759s] Level 1:colcon.colcon_core.environment:create_file_with_runtime_dependencies(/home/q/Algorithm_research/DWA_ws/install/mower_description/share/colcon-core/packages/mower_description)
[7.759s] INFO:colcon.colcon_ros.task.ament_python.build:Building ROS package in '/home/q/Algorithm_research/DWA_ws/src/mower_dwa_local_planner' with build type 'ament_python'
[7.759s] Level 1:colcon.colcon_core.shell:create_environment_hook('mower_dwa_local_planner', 'ament_prefix_path')
[7.759s] INFO:colcon.colcon_core.shell:Creating environment hook '/home/q/Algorithm_research/DWA_ws/install/mower_dwa_local_planner/share/mower_dwa_local_planner/hook/ament_prefix_path.ps1'
[7.760s] INFO:colcon.colcon_core.shell:Creating environment descriptor '/home/q/Algorithm_research/DWA_ws/install/mower_dwa_local_planner/share/mower_dwa_local_planner/hook/ament_prefix_path.dsv'
[7.761s] INFO:colcon.colcon_core.shell:Creating environment hook '/home/q/Algorithm_research/DWA_ws/install/mower_dwa_local_planner/share/mower_dwa_local_planner/hook/ament_prefix_path.sh'
[7.762s] INFO:colcon.colcon_core.shell:Skip shell extension 'powershell' for command environment: Not usable outside of PowerShell
[7.762s] DEBUG:colcon.colcon_core.shell:Skip shell extension 'dsv' for command environment
[8.003s] INFO:colcon.colcon_core.task.python.build:Building Python package in '/home/q/Algorithm_research/DWA_ws/src/mower_dwa_local_planner'
[8.003s] INFO:colcon.colcon_core.shell:Skip shell extension 'powershell' for command environment: Not usable outside of PowerShell
[8.003s] DEBUG:colcon.colcon_core.shell:Skip shell extension 'dsv' for command environment
[8.322s] DEBUG:colcon.colcon_core.event_handler.log_command:Invoking command in '/home/q/Algorithm_research/DWA_ws/build/mower_dwa_local_planner': AMENT_PREFIX_PATH=/home/q/Algorithm_research/DWA_ws/install/mower_description:${AMENT_PREFIX_PATH} CMAKE_PREFIX_PATH=/home/q/Algorithm_research/DWA_ws/install/mower_description LD_LIBRARY_PATH=/home/q/Algorithm_research/DWA_ws/install/mower_description/lib:${LD_LIBRARY_PATH} PYTHONPATH=/home/q/Algorithm_research/DWA_ws/build/mower_dwa_local_planner/prefix_override:/usr/lib/python3/dist-packages/colcon_core/task/python/colcon_distutils_commands:/home/q/Algorithm_research/DWA_ws/install/mower_dwa_local_planner/lib/python3.10/site-packages:/home/q/Algorithm_research/DWA_ws/install/mower_description/local/lib/python3.10/dist-packages:${PYTHONPATH} /usr/bin/python3 -W ignore:setup.py install is deprecated -W ignore:easy_install command is deprecated setup.py develop --editable --build-directory /home/q/Algorithm_research/DWA_ws/build/mower_dwa_local_planner/build --no-deps symlink_data
[8.742s] Level 1:colcon.colcon_core.shell:create_environment_hook('mower_dwa_local_planner', 'pythonpath_develop')
[8.742s] INFO:colcon.colcon_core.shell:Creating environment hook '/home/q/Algorithm_research/DWA_ws/build/mower_dwa_local_planner/share/mower_dwa_local_planner/hook/pythonpath_develop.ps1'
[8.743s] DEBUG:colcon.colcon_core.event_handler.log_command:Invoked command in '/home/q/Algorithm_research/DWA_ws/build/mower_dwa_local_planner' returned '0': AMENT_PREFIX_PATH=/home/q/Algorithm_research/DWA_ws/install/mower_description:${AMENT_PREFIX_PATH} CMAKE_PREFIX_PATH=/home/q/Algorithm_research/DWA_ws/install/mower_description LD_LIBRARY_PATH=/home/q/Algorithm_research/DWA_ws/install/mower_description/lib:${LD_LIBRARY_PATH} PYTHONPATH=/home/q/Algorithm_research/DWA_ws/build/mower_dwa_local_planner/prefix_override:/usr/lib/python3/dist-packages/colcon_core/task/python/colcon_distutils_commands:/home/q/Algorithm_research/DWA_ws/install/mower_dwa_local_planner/lib/python3.10/site-packages:/home/q/Algorithm_research/DWA_ws/install/mower_description/local/lib/python3.10/dist-packages:${PYTHONPATH} /usr/bin/python3 -W ignore:setup.py install is deprecated -W ignore:easy_install command is deprecated setup.py develop --editable --build-directory /home/q/Algorithm_research/DWA_ws/build/mower_dwa_local_planner/build --no-deps symlink_data
[8.743s] INFO:colcon.colcon_core.shell:Creating environment descriptor '/home/q/Algorithm_research/DWA_ws/build/mower_dwa_local_planner/share/mower_dwa_local_planner/hook/pythonpath_develop.dsv'
[8.744s] INFO:colcon.colcon_core.shell:Creating environment hook '/home/q/Algorithm_research/DWA_ws/build/mower_dwa_local_planner/share/mower_dwa_local_planner/hook/pythonpath_develop.sh'
[8.744s] Level 1:colcon.colcon_core.environment:checking '/home/q/Algorithm_research/DWA_ws/install/mower_dwa_local_planner' for CMake module files
[8.745s] Level 1:colcon.colcon_core.environment:checking '/home/q/Algorithm_research/DWA_ws/install/mower_dwa_local_planner' for CMake config files
[8.746s] Level 1:colcon.colcon_core.environment:checking '/home/q/Algorithm_research/DWA_ws/install/mower_dwa_local_planner/lib'
[8.746s] Level 1:colcon.colcon_core.environment:checking '/home/q/Algorithm_research/DWA_ws/install/mower_dwa_local_planner/bin'
[8.746s] Level 1:colcon.colcon_core.environment:checking '/home/q/Algorithm_research/DWA_ws/install/mower_dwa_local_planner/lib/pkgconfig/mower_dwa_local_planner.pc'
[8.746s] Level 1:colcon.colcon_core.environment:checking '/home/q/Algorithm_research/DWA_ws/install/mower_dwa_local_planner/lib/python3.10/site-packages'
[8.746s] Level 1:colcon.colcon_core.shell:create_environment_hook('mower_dwa_local_planner', 'pythonpath')
[8.746s] INFO:colcon.colcon_core.shell:Creating environment hook '/home/q/Algorithm_research/DWA_ws/install/mower_dwa_local_planner/share/mower_dwa_local_planner/hook/pythonpath.ps1'
[8.747s] INFO:colcon.colcon_core.shell:Creating environment descriptor '/home/q/Algorithm_research/DWA_ws/install/mower_dwa_local_planner/share/mower_dwa_local_planner/hook/pythonpath.dsv'
[8.747s] INFO:colcon.colcon_core.shell:Creating environment hook '/home/q/Algorithm_research/DWA_ws/install/mower_dwa_local_planner/share/mower_dwa_local_planner/hook/pythonpath.sh'
[8.748s] Level 1:colcon.colcon_core.environment:checking '/home/q/Algorithm_research/DWA_ws/install/mower_dwa_local_planner/bin'
[8.748s] Level 1:colcon.colcon_core.environment:create_environment_scripts_only(mower_dwa_local_planner)
[8.749s] INFO:colcon.colcon_core.shell:Creating package script '/home/q/Algorithm_research/DWA_ws/install/mower_dwa_local_planner/share/mower_dwa_local_planner/package.ps1'
[8.749s] INFO:colcon.colcon_core.shell:Creating package descriptor '/home/q/Algorithm_research/DWA_ws/install/mower_dwa_local_planner/share/mower_dwa_local_planner/package.dsv'
[8.749s] INFO:colcon.colcon_core.shell:Creating package script '/home/q/Algorithm_research/DWA_ws/install/mower_dwa_local_planner/share/mower_dwa_local_planner/package.sh'
[8.750s] INFO:colcon.colcon_core.shell:Creating package script '/home/q/Algorithm_research/DWA_ws/install/mower_dwa_local_planner/share/mower_dwa_local_planner/package.bash'
[8.750s] INFO:colcon.colcon_core.shell:Creating package script '/home/q/Algorithm_research/DWA_ws/install/mower_dwa_local_planner/share/mower_dwa_local_planner/package.zsh'
[8.750s] Level 1:colcon.colcon_core.environment:create_file_with_runtime_dependencies(/home/q/Algorithm_research/DWA_ws/install/mower_dwa_local_planner/share/colcon-core/packages/mower_dwa_local_planner)
[8.751s] DEBUG:colcon.colcon_parallel_executor.executor.parallel:closing loop
[8.751s] DEBUG:colcon.colcon_parallel_executor.executor.parallel:loop closed
[8.751s] DEBUG:colcon.colcon_parallel_executor.executor.parallel:run_until_complete finished with '0'
[8.751s] DEBUG:colcon.colcon_core.event_reactor:joining thread
[8.759s] INFO:colcon.colcon_core.plugin_system:Skipping extension 'colcon_notification.desktop_notification.terminal_notifier': Not used on non-Darwin systems
[8.759s] INFO:colcon.colcon_core.plugin_system:Skipping extension 'colcon_notification.desktop_notification.win32': Not used on non-Windows systems
[8.759s] INFO:colcon.colcon_notification.desktop_notification:Sending desktop notification using 'notify2'
[8.769s] DEBUG:colcon.colcon_core.event_reactor:joined thread
[8.769s] INFO:colcon.colcon_core.shell:Creating prefix script '/home/q/Algorithm_research/DWA_ws/install/local_setup.ps1'
[8.770s] INFO:colcon.colcon_core.shell:Creating prefix util module '/home/q/Algorithm_research/DWA_ws/install/_local_setup_util_ps1.py'
[8.771s] INFO:colcon.colcon_core.shell:Creating prefix chain script '/home/q/Algorithm_research/DWA_ws/install/setup.ps1'
[8.772s] INFO:colcon.colcon_core.shell:Creating prefix script '/home/q/Algorithm_research/DWA_ws/install/local_setup.sh'
[8.772s] INFO:colcon.colcon_core.shell:Creating prefix util module '/home/q/Algorithm_research/DWA_ws/install/_local_setup_util_sh.py'
[8.773s] INFO:colcon.colcon_core.shell:Creating prefix chain script '/home/q/Algorithm_research/DWA_ws/install/setup.sh'
[8.774s] INFO:colcon.colcon_core.shell:Creating prefix script '/home/q/Algorithm_research/DWA_ws/install/local_setup.bash'
[8.775s] INFO:colcon.colcon_core.shell:Creating prefix chain script '/home/q/Algorithm_research/DWA_ws/install/setup.bash'
[8.776s] INFO:colcon.colcon_core.shell:Creating prefix script '/home/q/Algorithm_research/DWA_ws/install/local_setup.zsh'
[8.776s] INFO:colcon.colcon_core.shell:Creating prefix chain script '/home/q/Algorithm_research/DWA_ws/install/setup.zsh'
