[0.527s] Invoking command in '/home/q/Algorithm_research/DWA_ws/build/mower_dwa_local_planner': CMAKE_PREFIX_PATH=/home/q/Algorithm_research/DWA_ws/install/mower_description:/home/q/Algorithm_research/DWA_ws/install/mower_dwa_controller LD_LIBRARY_PATH=/home/q/Algorithm_research/DWA_ws/install/mower_description/lib:/home/q/Algorithm_research/DWA_ws/install/mower_dwa_controller/lib:/usr/lib/x86_64-linux-gnu/gazebo-11/plugins:/opt/ros/humble/opt/rviz_ogre_vendor/lib:/opt/ros/humble/lib/x86_64-linux-gnu:/opt/ros/humble/lib PYTHONPATH=/home/q/Algorithm_research/DWA_ws/build/mower_dwa_local_planner/prefix_override:/usr/lib/python3/dist-packages/colcon_core/task/python/colcon_distutils_commands:/home/q/Algorithm_research/DWA_ws/install/mower_dwa_local_planner/lib/python3.10/site-packages:${PYTHONPATH} /usr/bin/python3 -W ignore:setup.py install is deprecated -W ignore:easy_install command is deprecated setup.py develop --uninstall --editable --build-directory /home/q/Algorithm_research/DWA_ws/build/mower_dwa_local_planner/build
[0.748s] running develop
[0.902s] Removing /home/q/Algorithm_research/DWA_ws/install/mower_dwa_local_planner/lib/python3.10/site-packages/mower-dwa-local-planner.egg-link (link to .)
[0.919s] Invoked command in '/home/q/Algorithm_research/DWA_ws/build/mower_dwa_local_planner' returned '0': CMAKE_PREFIX_PATH=/home/q/Algorithm_research/DWA_ws/install/mower_description:/home/q/Algorithm_research/DWA_ws/install/mower_dwa_controller LD_LIBRARY_PATH=/home/q/Algorithm_research/DWA_ws/install/mower_description/lib:/home/q/Algorithm_research/DWA_ws/install/mower_dwa_controller/lib:/usr/lib/x86_64-linux-gnu/gazebo-11/plugins:/opt/ros/humble/opt/rviz_ogre_vendor/lib:/opt/ros/humble/lib/x86_64-linux-gnu:/opt/ros/humble/lib PYTHONPATH=/home/q/Algorithm_research/DWA_ws/build/mower_dwa_local_planner/prefix_override:/usr/lib/python3/dist-packages/colcon_core/task/python/colcon_distutils_commands:/home/q/Algorithm_research/DWA_ws/install/mower_dwa_local_planner/lib/python3.10/site-packages:${PYTHONPATH} /usr/bin/python3 -W ignore:setup.py install is deprecated -W ignore:easy_install command is deprecated setup.py develop --uninstall --editable --build-directory /home/q/Algorithm_research/DWA_ws/build/mower_dwa_local_planner/build
[0.921s] Invoking command in '/home/q/Algorithm_research/DWA_ws/src/mower_dwa_local_planner': CMAKE_PREFIX_PATH=/home/q/Algorithm_research/DWA_ws/install/mower_description:/home/q/Algorithm_research/DWA_ws/install/mower_dwa_controller LD_LIBRARY_PATH=/home/q/Algorithm_research/DWA_ws/install/mower_description/lib:/home/q/Algorithm_research/DWA_ws/install/mower_dwa_controller/lib:/usr/lib/x86_64-linux-gnu/gazebo-11/plugins:/opt/ros/humble/opt/rviz_ogre_vendor/lib:/opt/ros/humble/lib/x86_64-linux-gnu:/opt/ros/humble/lib PYTHONPATH=/home/q/Algorithm_research/DWA_ws/build/mower_dwa_local_planner/prefix_override:/usr/lib/python3/dist-packages/colcon_core/task/python/colcon_distutils_commands:/home/q/Algorithm_research/DWA_ws/install/mower_dwa_local_planner/lib/python3.10/site-packages:${PYTHONPATH} /usr/bin/python3 -W ignore:setup.py install is deprecated -W ignore:easy_install command is deprecated setup.py egg_info --egg-base ../../build/mower_dwa_local_planner build --build-base /home/q/Algorithm_research/DWA_ws/build/mower_dwa_local_planner/build install --record /home/q/Algorithm_research/DWA_ws/build/mower_dwa_local_planner/install.log --single-version-externally-managed install_data --force
[1.115s] running egg_info
[1.115s] writing ../../build/mower_dwa_local_planner/mower_dwa_local_planner.egg-info/PKG-INFO
[1.116s] writing dependency_links to ../../build/mower_dwa_local_planner/mower_dwa_local_planner.egg-info/dependency_links.txt
[1.116s] writing entry points to ../../build/mower_dwa_local_planner/mower_dwa_local_planner.egg-info/entry_points.txt
[1.116s] writing requirements to ../../build/mower_dwa_local_planner/mower_dwa_local_planner.egg-info/requires.txt
[1.116s] writing top-level names to ../../build/mower_dwa_local_planner/mower_dwa_local_planner.egg-info/top_level.txt
[1.117s] reading manifest file '../../build/mower_dwa_local_planner/mower_dwa_local_planner.egg-info/SOURCES.txt'
[1.118s] writing manifest file '../../build/mower_dwa_local_planner/mower_dwa_local_planner.egg-info/SOURCES.txt'
[1.118s] running build
[1.118s] running build_py
[1.118s] creating /home/q/Algorithm_research/DWA_ws/build/mower_dwa_local_planner/build
[1.119s] creating /home/q/Algorithm_research/DWA_ws/build/mower_dwa_local_planner/build/lib
[1.119s] creating /home/q/Algorithm_research/DWA_ws/build/mower_dwa_local_planner/build/lib/mower_dwa_local_planner
[1.119s] copying mower_dwa_local_planner/dwa_local_planner.py -> /home/q/Algorithm_research/DWA_ws/build/mower_dwa_local_planner/build/lib/mower_dwa_local_planner
[1.119s] copying mower_dwa_local_planner/__init__.py -> /home/q/Algorithm_research/DWA_ws/build/mower_dwa_local_planner/build/lib/mower_dwa_local_planner
[1.119s] running install
[1.119s] running install_lib
[1.120s] creating /home/q/Algorithm_research/DWA_ws/install/mower_dwa_local_planner/lib/python3.10/site-packages/mower_dwa_local_planner
[1.120s] copying /home/q/Algorithm_research/DWA_ws/build/mower_dwa_local_planner/build/lib/mower_dwa_local_planner/dwa_local_planner.py -> /home/q/Algorithm_research/DWA_ws/install/mower_dwa_local_planner/lib/python3.10/site-packages/mower_dwa_local_planner
[1.123s] copying /home/q/Algorithm_research/DWA_ws/build/mower_dwa_local_planner/build/lib/mower_dwa_local_planner/__init__.py -> /home/q/Algorithm_research/DWA_ws/install/mower_dwa_local_planner/lib/python3.10/site-packages/mower_dwa_local_planner
[1.124s] byte-compiling /home/q/Algorithm_research/DWA_ws/install/mower_dwa_local_planner/lib/python3.10/site-packages/mower_dwa_local_planner/dwa_local_planner.py to dwa_local_planner.cpython-310.pyc
[1.131s] byte-compiling /home/q/Algorithm_research/DWA_ws/install/mower_dwa_local_planner/lib/python3.10/site-packages/mower_dwa_local_planner/__init__.py to __init__.cpython-310.pyc
[1.131s] running install_data
[1.131s] copying resource/mower_dwa_local_planner -> /home/q/Algorithm_research/DWA_ws/install/mower_dwa_local_planner/share/ament_index/resource_index/packages
[1.132s] copying package.xml -> /home/q/Algorithm_research/DWA_ws/install/mower_dwa_local_planner/share/mower_dwa_local_planner
[1.132s] copying launch/dwa_demo.launch.py -> /home/q/Algorithm_research/DWA_ws/install/mower_dwa_local_planner/share/mower_dwa_local_planner/launch
[1.132s] copying config/dwa_params.yaml -> /home/q/Algorithm_research/DWA_ws/install/mower_dwa_local_planner/share/mower_dwa_local_planner/config
[1.132s] running install_egg_info
[1.134s] Copying ../../build/mower_dwa_local_planner/mower_dwa_local_planner.egg-info to /home/q/Algorithm_research/DWA_ws/install/mower_dwa_local_planner/lib/python3.10/site-packages/mower_dwa_local_planner-0.0.1-py3.10.egg-info
[1.136s] running install_scripts
[1.150s] Installing dwa_local_planner script to /home/q/Algorithm_research/DWA_ws/install/mower_dwa_local_planner/lib/mower_dwa_local_planner
[1.151s] writing list of installed files to '/home/q/Algorithm_research/DWA_ws/build/mower_dwa_local_planner/install.log'
[1.165s] Invoked command in '/home/q/Algorithm_research/DWA_ws/src/mower_dwa_local_planner' returned '0': CMAKE_PREFIX_PATH=/home/q/Algorithm_research/DWA_ws/install/mower_description:/home/q/Algorithm_research/DWA_ws/install/mower_dwa_controller LD_LIBRARY_PATH=/home/q/Algorithm_research/DWA_ws/install/mower_description/lib:/home/q/Algorithm_research/DWA_ws/install/mower_dwa_controller/lib:/usr/lib/x86_64-linux-gnu/gazebo-11/plugins:/opt/ros/humble/opt/rviz_ogre_vendor/lib:/opt/ros/humble/lib/x86_64-linux-gnu:/opt/ros/humble/lib PYTHONPATH=/home/q/Algorithm_research/DWA_ws/build/mower_dwa_local_planner/prefix_override:/usr/lib/python3/dist-packages/colcon_core/task/python/colcon_distutils_commands:/home/q/Algorithm_research/DWA_ws/install/mower_dwa_local_planner/lib/python3.10/site-packages:${PYTHONPATH} /usr/bin/python3 -W ignore:setup.py install is deprecated -W ignore:easy_install command is deprecated setup.py egg_info --egg-base ../../build/mower_dwa_local_planner build --build-base /home/q/Algorithm_research/DWA_ws/build/mower_dwa_local_planner/build install --record /home/q/Algorithm_research/DWA_ws/build/mower_dwa_local_planner/install.log --single-version-externally-managed install_data --force
