[0.110s] DEBUG:colcon:Command line arguments: ['/usr/bin/colcon', 'build']
[0.111s] DEBUG:colcon:Parsed command line arguments: Namespace(log_base=None, log_level=None, verb_name='build', build_base='build', install_base='install', merge_install=False, symlink_install=False, test_result_base=None, continue_on_error=False, executor='parallel', parallel_workers=24, event_handlers=None, ignore_user_meta=False, metas=['./colcon.meta'], base_paths=['.'], packages_ignore=None, packages_ignore_regex=None, paths=None, packages_up_to=None, packages_up_to_regex=None, packages_above=None, packages_above_and_dependencies=None, packages_above_depth=None, packages_select_by_dep=None, packages_skip_by_dep=None, packages_skip_up_to=None, packages_select_build_failed=False, packages_skip_build_finished=False, packages_select_test_failures=False, packages_skip_test_passed=False, packages_select=None, packages_skip=None, packages_select_regex=None, packages_skip_regex=None, packages_start=None, packages_end=None, allow_overriding=[], cmake_args=None, cmake_target=None, cmake_target_skip_unavailable=False, cmake_clean_cache=False, cmake_clean_first=False, cmake_force_configure=False, ament_cmake_args=None, catkin_cmake_args=None, catkin_skip_building_tests=False, verb_parser=<colcon_defaults.argument_parser.defaults.DefaultArgumentsDecorator object at 0x71c99df055d0>, verb_extension=<colcon_core.verb.build.BuildVerb object at 0x71c99e071cc0>, main=<bound method BuildVerb.main of <colcon_core.verb.build.BuildVerb object at 0x71c99e071cc0>>)
[0.260s] Level 1:colcon.colcon_core.package_discovery:discover_packages(colcon_meta) check parameters
[0.260s] Level 1:colcon.colcon_core.package_discovery:discover_packages(recursive) check parameters
[0.260s] Level 1:colcon.colcon_core.package_discovery:discover_packages(ignore) check parameters
[0.260s] Level 1:colcon.colcon_core.package_discovery:discover_packages(path) check parameters
[0.260s] Level 1:colcon.colcon_core.package_discovery:discover_packages(colcon_meta) discover
[0.260s] Level 1:colcon.colcon_core.package_discovery:discover_packages(recursive) discover
[0.260s] INFO:colcon.colcon_core.package_discovery:Crawling recursively for packages in '/home/q/Algorithm_research/DWA_ws'
[0.261s] Level 1:colcon.colcon_core.package_identification:_identify(.) by extensions ['ignore', 'ignore_ament_install']
[0.261s] Level 1:colcon.colcon_core.package_identification:_identify(.) by extension 'ignore'
[0.261s] Level 1:colcon.colcon_core.package_identification:_identify(.) by extension 'ignore_ament_install'
[0.261s] Level 1:colcon.colcon_core.package_identification:_identify(.) by extensions ['colcon_pkg']
[0.261s] Level 1:colcon.colcon_core.package_identification:_identify(.) by extension 'colcon_pkg'
[0.261s] Level 1:colcon.colcon_core.package_identification:_identify(.) by extensions ['colcon_meta']
[0.261s] Level 1:colcon.colcon_core.package_identification:_identify(.) by extension 'colcon_meta'
[0.261s] Level 1:colcon.colcon_core.package_identification:_identify(.) by extensions ['ros']
[0.261s] Level 1:colcon.colcon_core.package_identification:_identify(.) by extension 'ros'
[0.290s] Level 1:colcon.colcon_core.package_identification:_identify(.) by extensions ['cmake', 'python']
[0.290s] Level 1:colcon.colcon_core.package_identification:_identify(.) by extension 'cmake'
[0.290s] Level 1:colcon.colcon_core.package_identification:_identify(.) by extension 'python'
[0.290s] Level 1:colcon.colcon_core.package_identification:_identify(.) by extensions ['python_setup_py']
[0.290s] Level 1:colcon.colcon_core.package_identification:_identify(.) by extension 'python_setup_py'
[0.290s] Level 1:colcon.colcon_core.package_identification:_identify(build) by extensions ['ignore', 'ignore_ament_install']
[0.291s] Level 1:colcon.colcon_core.package_identification:_identify(build) by extension 'ignore'
[0.291s] Level 1:colcon.colcon_core.package_identification:_identify(build) ignored
[0.291s] Level 1:colcon.colcon_core.package_identification:_identify(install) by extensions ['ignore', 'ignore_ament_install']
[0.291s] Level 1:colcon.colcon_core.package_identification:_identify(install) by extension 'ignore'
[0.291s] Level 1:colcon.colcon_core.package_identification:_identify(install) ignored
[0.291s] Level 1:colcon.colcon_core.package_identification:_identify(log) by extensions ['ignore', 'ignore_ament_install']
[0.291s] Level 1:colcon.colcon_core.package_identification:_identify(log) by extension 'ignore'
[0.291s] Level 1:colcon.colcon_core.package_identification:_identify(log) ignored
[0.291s] Level 1:colcon.colcon_core.package_identification:_identify(src) by extensions ['ignore', 'ignore_ament_install']
[0.291s] Level 1:colcon.colcon_core.package_identification:_identify(src) by extension 'ignore'
[0.291s] Level 1:colcon.colcon_core.package_identification:_identify(src) by extension 'ignore_ament_install'
[0.291s] Level 1:colcon.colcon_core.package_identification:_identify(src) by extensions ['colcon_pkg']
[0.291s] Level 1:colcon.colcon_core.package_identification:_identify(src) by extension 'colcon_pkg'
[0.291s] Level 1:colcon.colcon_core.package_identification:_identify(src) by extensions ['colcon_meta']
[0.291s] Level 1:colcon.colcon_core.package_identification:_identify(src) by extension 'colcon_meta'
[0.291s] Level 1:colcon.colcon_core.package_identification:_identify(src) by extensions ['ros']
[0.291s] Level 1:colcon.colcon_core.package_identification:_identify(src) by extension 'ros'
[0.291s] Level 1:colcon.colcon_core.package_identification:_identify(src) by extensions ['cmake', 'python']
[0.291s] Level 1:colcon.colcon_core.package_identification:_identify(src) by extension 'cmake'
[0.291s] Level 1:colcon.colcon_core.package_identification:_identify(src) by extension 'python'
[0.291s] Level 1:colcon.colcon_core.package_identification:_identify(src) by extensions ['python_setup_py']
[0.291s] Level 1:colcon.colcon_core.package_identification:_identify(src) by extension 'python_setup_py'
[0.291s] Level 1:colcon.colcon_core.package_identification:_identify(src/mower_description) by extensions ['ignore', 'ignore_ament_install']
[0.291s] Level 1:colcon.colcon_core.package_identification:_identify(src/mower_description) by extension 'ignore'
[0.291s] Level 1:colcon.colcon_core.package_identification:_identify(src/mower_description) by extension 'ignore_ament_install'
[0.291s] Level 1:colcon.colcon_core.package_identification:_identify(src/mower_description) by extensions ['colcon_pkg']
[0.291s] Level 1:colcon.colcon_core.package_identification:_identify(src/mower_description) by extension 'colcon_pkg'
[0.291s] Level 1:colcon.colcon_core.package_identification:_identify(src/mower_description) by extensions ['colcon_meta']
[0.291s] Level 1:colcon.colcon_core.package_identification:_identify(src/mower_description) by extension 'colcon_meta'
[0.291s] Level 1:colcon.colcon_core.package_identification:_identify(src/mower_description) by extensions ['ros']
[0.292s] Level 1:colcon.colcon_core.package_identification:_identify(src/mower_description) by extension 'ros'
[0.294s] DEBUG:colcon.colcon_core.package_identification:Package 'src/mower_description' with type 'ros.ament_cmake' and name 'mower_description'
[0.294s] Level 1:colcon.colcon_core.package_identification:_identify(src/mower_dwa_local_planner) by extensions ['ignore', 'ignore_ament_install']
[0.294s] Level 1:colcon.colcon_core.package_identification:_identify(src/mower_dwa_local_planner) by extension 'ignore'
[0.294s] Level 1:colcon.colcon_core.package_identification:_identify(src/mower_dwa_local_planner) by extension 'ignore_ament_install'
[0.294s] Level 1:colcon.colcon_core.package_identification:_identify(src/mower_dwa_local_planner) by extensions ['colcon_pkg']
[0.294s] Level 1:colcon.colcon_core.package_identification:_identify(src/mower_dwa_local_planner) by extension 'colcon_pkg'
[0.294s] Level 1:colcon.colcon_core.package_identification:_identify(src/mower_dwa_local_planner) by extensions ['colcon_meta']
[0.294s] Level 1:colcon.colcon_core.package_identification:_identify(src/mower_dwa_local_planner) by extension 'colcon_meta'
[0.294s] Level 1:colcon.colcon_core.package_identification:_identify(src/mower_dwa_local_planner) by extensions ['ros']
[0.294s] Level 1:colcon.colcon_core.package_identification:_identify(src/mower_dwa_local_planner) by extension 'ros'
[0.295s] DEBUG:colcon.colcon_core.package_identification:Package 'src/mower_dwa_local_planner' with type 'ros.ament_python' and name 'mower_dwa_local_planner'
[0.295s] Level 1:colcon.colcon_core.package_discovery:discover_packages(recursive) using defaults
[0.295s] Level 1:colcon.colcon_core.package_discovery:discover_packages(ignore) discover
[0.295s] Level 1:colcon.colcon_core.package_discovery:discover_packages(ignore) using defaults
[0.295s] Level 1:colcon.colcon_core.package_discovery:discover_packages(path) discover
[0.295s] Level 1:colcon.colcon_core.package_discovery:discover_packages(path) using defaults
[0.310s] Level 1:colcon.colcon_core.package_discovery:discover_packages(prefix_path) check parameters
[0.311s] Level 1:colcon.colcon_core.package_discovery:discover_packages(prefix_path) discover
[0.314s] DEBUG:colcon.colcon_installed_package_information.package_discovery:Found 462 installed packages in /opt/ros/humble
[0.316s] Level 1:colcon.colcon_core.package_discovery:discover_packages(prefix_path) using defaults
[0.361s] Level 5:colcon.colcon_core.verb:set package 'mower_description' build argument 'cmake_args' from command line to 'None'
[0.361s] Level 5:colcon.colcon_core.verb:set package 'mower_description' build argument 'cmake_target' from command line to 'None'
[0.361s] Level 5:colcon.colcon_core.verb:set package 'mower_description' build argument 'cmake_target_skip_unavailable' from command line to 'False'
[0.361s] Level 5:colcon.colcon_core.verb:set package 'mower_description' build argument 'cmake_clean_cache' from command line to 'False'
[0.361s] Level 5:colcon.colcon_core.verb:set package 'mower_description' build argument 'cmake_clean_first' from command line to 'False'
[0.362s] Level 5:colcon.colcon_core.verb:set package 'mower_description' build argument 'cmake_force_configure' from command line to 'False'
[0.362s] Level 5:colcon.colcon_core.verb:set package 'mower_description' build argument 'ament_cmake_args' from command line to 'None'
[0.362s] Level 5:colcon.colcon_core.verb:set package 'mower_description' build argument 'catkin_cmake_args' from command line to 'None'
[0.362s] Level 5:colcon.colcon_core.verb:set package 'mower_description' build argument 'catkin_skip_building_tests' from command line to 'False'
[0.362s] DEBUG:colcon.colcon_core.verb:Building package 'mower_description' with the following arguments: {'ament_cmake_args': None, 'build_base': '/home/q/Algorithm_research/DWA_ws/build/mower_description', 'catkin_cmake_args': None, 'catkin_skip_building_tests': False, 'cmake_args': None, 'cmake_clean_cache': False, 'cmake_clean_first': False, 'cmake_force_configure': False, 'cmake_target': None, 'cmake_target_skip_unavailable': False, 'install_base': '/home/q/Algorithm_research/DWA_ws/install/mower_description', 'merge_install': False, 'path': '/home/q/Algorithm_research/DWA_ws/src/mower_description', 'symlink_install': False, 'test_result_base': None}
[0.362s] Level 5:colcon.colcon_core.verb:set package 'mower_dwa_local_planner' build argument 'cmake_args' from command line to 'None'
[0.362s] Level 5:colcon.colcon_core.verb:set package 'mower_dwa_local_planner' build argument 'cmake_target' from command line to 'None'
[0.362s] Level 5:colcon.colcon_core.verb:set package 'mower_dwa_local_planner' build argument 'cmake_target_skip_unavailable' from command line to 'False'
[0.362s] Level 5:colcon.colcon_core.verb:set package 'mower_dwa_local_planner' build argument 'cmake_clean_cache' from command line to 'False'
[0.362s] Level 5:colcon.colcon_core.verb:set package 'mower_dwa_local_planner' build argument 'cmake_clean_first' from command line to 'False'
[0.362s] Level 5:colcon.colcon_core.verb:set package 'mower_dwa_local_planner' build argument 'cmake_force_configure' from command line to 'False'
[0.362s] Level 5:colcon.colcon_core.verb:set package 'mower_dwa_local_planner' build argument 'ament_cmake_args' from command line to 'None'
[0.362s] Level 5:colcon.colcon_core.verb:set package 'mower_dwa_local_planner' build argument 'catkin_cmake_args' from command line to 'None'
[0.362s] Level 5:colcon.colcon_core.verb:set package 'mower_dwa_local_planner' build argument 'catkin_skip_building_tests' from command line to 'False'
[0.362s] DEBUG:colcon.colcon_core.verb:Building package 'mower_dwa_local_planner' with the following arguments: {'ament_cmake_args': None, 'build_base': '/home/q/Algorithm_research/DWA_ws/build/mower_dwa_local_planner', 'catkin_cmake_args': None, 'catkin_skip_building_tests': False, 'cmake_args': None, 'cmake_clean_cache': False, 'cmake_clean_first': False, 'cmake_force_configure': False, 'cmake_target': None, 'cmake_target_skip_unavailable': False, 'install_base': '/home/q/Algorithm_research/DWA_ws/install/mower_dwa_local_planner', 'merge_install': False, 'path': '/home/q/Algorithm_research/DWA_ws/src/mower_dwa_local_planner', 'symlink_install': False, 'test_result_base': None}
[0.362s] INFO:colcon.colcon_core.executor:Executing jobs using 'parallel' executor
[0.363s] DEBUG:colcon.colcon_parallel_executor.executor.parallel:run_until_complete
[0.363s] INFO:colcon.colcon_ros.task.ament_cmake.build:Building ROS package in '/home/q/Algorithm_research/DWA_ws/src/mower_description' with build type 'ament_cmake'
[0.363s] INFO:colcon.colcon_cmake.task.cmake.build:Building CMake package in '/home/q/Algorithm_research/DWA_ws/src/mower_description'
[0.364s] INFO:colcon.colcon_core.plugin_system:Skipping extension 'colcon_core.shell.bat': Not used on non-Windows systems
[0.365s] INFO:colcon.colcon_core.shell:Skip shell extension 'powershell' for command environment: Not usable outside of PowerShell
[0.365s] DEBUG:colcon.colcon_core.shell:Skip shell extension 'dsv' for command environment
[0.373s] DEBUG:colcon.colcon_core.event_handler.log_command:Invoking command in '/home/q/Algorithm_research/DWA_ws/build/mower_description': CMAKE_PREFIX_PATH=/opt/ros/humble /usr/bin/cmake /home/q/Algorithm_research/DWA_ws/src/mower_description -DCMAKE_INSTALL_PREFIX=/home/q/Algorithm_research/DWA_ws/install/mower_description
[4.203s] DEBUG:colcon.colcon_core.event_handler.log_command:Invoked command in '/home/q/Algorithm_research/DWA_ws/build/mower_description' returned '0': CMAKE_PREFIX_PATH=/opt/ros/humble /usr/bin/cmake /home/q/Algorithm_research/DWA_ws/src/mower_description -DCMAKE_INSTALL_PREFIX=/home/q/Algorithm_research/DWA_ws/install/mower_description
[4.206s] DEBUG:colcon.colcon_core.event_handler.log_command:Invoking command in '/home/q/Algorithm_research/DWA_ws/build/mower_description': CMAKE_PREFIX_PATH=/opt/ros/humble /usr/bin/cmake --build /home/q/Algorithm_research/DWA_ws/build/mower_description -- -j24 -l24
[6.192s] DEBUG:colcon.colcon_core.event_handler.log_command:Invoked command in '/home/q/Algorithm_research/DWA_ws/build/mower_description' returned '0': CMAKE_PREFIX_PATH=/opt/ros/humble /usr/bin/cmake --build /home/q/Algorithm_research/DWA_ws/build/mower_description -- -j24 -l24
[6.203s] DEBUG:colcon.colcon_core.event_handler.log_command:Invoking command in '/home/q/Algorithm_research/DWA_ws/build/mower_description': CMAKE_PREFIX_PATH=/opt/ros/humble /usr/bin/cmake --install /home/q/Algorithm_research/DWA_ws/build/mower_description
[6.321s] Level 1:colcon.colcon_core.environment:create_environment_scripts_only(mower_description)
[6.322s] DEBUG:colcon.colcon_core.event_handler.log_command:Invoked command in '/home/q/Algorithm_research/DWA_ws/build/mower_description' returned '0': CMAKE_PREFIX_PATH=/opt/ros/humble /usr/bin/cmake --install /home/q/Algorithm_research/DWA_ws/build/mower_description
[6.325s] Level 1:colcon.colcon_core.environment:checking '/home/q/Algorithm_research/DWA_ws/install/mower_description' for CMake module files
[6.325s] Level 1:colcon.colcon_core.environment:checking '/home/q/Algorithm_research/DWA_ws/install/mower_description' for CMake config files
[6.326s] Level 1:colcon.colcon_core.shell:create_environment_hook('mower_description', 'cmake_prefix_path')
[6.326s] INFO:colcon.colcon_core.shell:Creating environment hook '/home/q/Algorithm_research/DWA_ws/install/mower_description/share/mower_description/hook/cmake_prefix_path.ps1'
[6.327s] INFO:colcon.colcon_core.shell:Creating environment descriptor '/home/q/Algorithm_research/DWA_ws/install/mower_description/share/mower_description/hook/cmake_prefix_path.dsv'
[6.327s] INFO:colcon.colcon_core.shell:Creating environment hook '/home/q/Algorithm_research/DWA_ws/install/mower_description/share/mower_description/hook/cmake_prefix_path.sh'
[6.328s] Level 1:colcon.colcon_core.environment:checking '/home/q/Algorithm_research/DWA_ws/install/mower_description/lib'
[6.328s] Level 1:colcon.colcon_core.shell:create_environment_hook('mower_description', 'ld_library_path_lib')
[6.328s] INFO:colcon.colcon_core.shell:Creating environment hook '/home/q/Algorithm_research/DWA_ws/install/mower_description/share/mower_description/hook/ld_library_path_lib.ps1'
[6.329s] INFO:colcon.colcon_core.shell:Creating environment descriptor '/home/q/Algorithm_research/DWA_ws/install/mower_description/share/mower_description/hook/ld_library_path_lib.dsv'
[6.329s] INFO:colcon.colcon_core.shell:Creating environment hook '/home/q/Algorithm_research/DWA_ws/install/mower_description/share/mower_description/hook/ld_library_path_lib.sh'
[6.329s] Level 1:colcon.colcon_core.environment:checking '/home/q/Algorithm_research/DWA_ws/install/mower_description/bin'
[6.329s] Level 1:colcon.colcon_core.environment:checking '/home/q/Algorithm_research/DWA_ws/install/mower_description/lib/pkgconfig/mower_description.pc'
[6.329s] Level 1:colcon.colcon_core.environment:checking '/home/q/Algorithm_research/DWA_ws/install/mower_description/lib/python3.10/site-packages'
[6.330s] Level 1:colcon.colcon_core.environment:checking '/home/q/Algorithm_research/DWA_ws/install/mower_description/bin'
[6.330s] INFO:colcon.colcon_core.shell:Creating package script '/home/q/Algorithm_research/DWA_ws/install/mower_description/share/mower_description/package.ps1'
[6.330s] INFO:colcon.colcon_core.shell:Creating package descriptor '/home/q/Algorithm_research/DWA_ws/install/mower_description/share/mower_description/package.dsv'
[6.331s] INFO:colcon.colcon_core.shell:Creating package script '/home/q/Algorithm_research/DWA_ws/install/mower_description/share/mower_description/package.sh'
[6.332s] INFO:colcon.colcon_core.shell:Creating package script '/home/q/Algorithm_research/DWA_ws/install/mower_description/share/mower_description/package.bash'
[6.332s] INFO:colcon.colcon_core.shell:Creating package script '/home/q/Algorithm_research/DWA_ws/install/mower_description/share/mower_description/package.zsh'
[6.333s] Level 1:colcon.colcon_core.environment:create_file_with_runtime_dependencies(/home/q/Algorithm_research/DWA_ws/install/mower_description/share/colcon-core/packages/mower_description)
[6.333s] Level 1:colcon.colcon_core.environment:create_environment_scripts_only(mower_description)
[6.334s] Level 1:colcon.colcon_core.environment:checking '/home/q/Algorithm_research/DWA_ws/install/mower_description' for CMake module files
[6.335s] Level 1:colcon.colcon_core.environment:checking '/home/q/Algorithm_research/DWA_ws/install/mower_description' for CMake config files
[6.336s] Level 1:colcon.colcon_core.shell:create_environment_hook('mower_description', 'cmake_prefix_path')
[6.336s] INFO:colcon.colcon_core.shell:Creating environment hook '/home/q/Algorithm_research/DWA_ws/install/mower_description/share/mower_description/hook/cmake_prefix_path.ps1'
[6.337s] INFO:colcon.colcon_core.shell:Creating environment descriptor '/home/q/Algorithm_research/DWA_ws/install/mower_description/share/mower_description/hook/cmake_prefix_path.dsv'
[6.337s] INFO:colcon.colcon_core.shell:Creating environment hook '/home/q/Algorithm_research/DWA_ws/install/mower_description/share/mower_description/hook/cmake_prefix_path.sh'
[6.339s] Level 1:colcon.colcon_core.environment:checking '/home/q/Algorithm_research/DWA_ws/install/mower_description/lib'
[6.339s] Level 1:colcon.colcon_core.shell:create_environment_hook('mower_description', 'ld_library_path_lib')
[6.339s] INFO:colcon.colcon_core.shell:Creating environment hook '/home/q/Algorithm_research/DWA_ws/install/mower_description/share/mower_description/hook/ld_library_path_lib.ps1'
[6.340s] INFO:colcon.colcon_core.shell:Creating environment descriptor '/home/q/Algorithm_research/DWA_ws/install/mower_description/share/mower_description/hook/ld_library_path_lib.dsv'
[6.341s] INFO:colcon.colcon_core.shell:Creating environment hook '/home/q/Algorithm_research/DWA_ws/install/mower_description/share/mower_description/hook/ld_library_path_lib.sh'
[6.341s] Level 1:colcon.colcon_core.environment:checking '/home/q/Algorithm_research/DWA_ws/install/mower_description/bin'
[6.341s] Level 1:colcon.colcon_core.environment:checking '/home/q/Algorithm_research/DWA_ws/install/mower_description/lib/pkgconfig/mower_description.pc'
[6.342s] Level 1:colcon.colcon_core.environment:checking '/home/q/Algorithm_research/DWA_ws/install/mower_description/lib/python3.10/site-packages'
[6.342s] Level 1:colcon.colcon_core.environment:checking '/home/q/Algorithm_research/DWA_ws/install/mower_description/bin'
[6.343s] INFO:colcon.colcon_core.shell:Creating package script '/home/q/Algorithm_research/DWA_ws/install/mower_description/share/mower_description/package.ps1'
[6.344s] INFO:colcon.colcon_core.shell:Creating package descriptor '/home/q/Algorithm_research/DWA_ws/install/mower_description/share/mower_description/package.dsv'
[6.345s] INFO:colcon.colcon_core.shell:Creating package script '/home/q/Algorithm_research/DWA_ws/install/mower_description/share/mower_description/package.sh'
[6.346s] INFO:colcon.colcon_core.shell:Creating package script '/home/q/Algorithm_research/DWA_ws/install/mower_description/share/mower_description/package.bash'
[6.347s] INFO:colcon.colcon_core.shell:Creating package script '/home/q/Algorithm_research/DWA_ws/install/mower_description/share/mower_description/package.zsh'
[6.348s] Level 1:colcon.colcon_core.environment:create_file_with_runtime_dependencies(/home/q/Algorithm_research/DWA_ws/install/mower_description/share/colcon-core/packages/mower_description)
[6.349s] INFO:colcon.colcon_ros.task.ament_python.build:Building ROS package in '/home/q/Algorithm_research/DWA_ws/src/mower_dwa_local_planner' with build type 'ament_python'
[6.349s] Level 1:colcon.colcon_core.shell:create_environment_hook('mower_dwa_local_planner', 'ament_prefix_path')
[6.350s] INFO:colcon.colcon_core.shell:Creating environment hook '/home/q/Algorithm_research/DWA_ws/install/mower_dwa_local_planner/share/mower_dwa_local_planner/hook/ament_prefix_path.ps1'
[6.351s] INFO:colcon.colcon_core.shell:Creating environment descriptor '/home/q/Algorithm_research/DWA_ws/install/mower_dwa_local_planner/share/mower_dwa_local_planner/hook/ament_prefix_path.dsv'
[6.352s] INFO:colcon.colcon_core.shell:Creating environment hook '/home/q/Algorithm_research/DWA_ws/install/mower_dwa_local_planner/share/mower_dwa_local_planner/hook/ament_prefix_path.sh'
[6.353s] INFO:colcon.colcon_core.shell:Skip shell extension 'powershell' for command environment: Not usable outside of PowerShell
[6.353s] DEBUG:colcon.colcon_core.shell:Skip shell extension 'dsv' for command environment
[6.604s] INFO:colcon.colcon_core.task.python.build:Building Python package in '/home/q/Algorithm_research/DWA_ws/src/mower_dwa_local_planner'
[6.605s] INFO:colcon.colcon_core.shell:Skip shell extension 'powershell' for command environment: Not usable outside of PowerShell
[6.605s] DEBUG:colcon.colcon_core.shell:Skip shell extension 'dsv' for command environment
[7.253s] DEBUG:colcon.colcon_core.event_handler.log_command:Invoking command in '/home/q/Algorithm_research/DWA_ws/src/mower_dwa_local_planner': AMENT_PREFIX_PATH=/home/q/Algorithm_research/DWA_ws/install/mower_description:${AMENT_PREFIX_PATH} CMAKE_PREFIX_PATH=/home/q/Algorithm_research/DWA_ws/install/mower_description LD_LIBRARY_PATH=/home/q/Algorithm_research/DWA_ws/install/mower_description/lib:${LD_LIBRARY_PATH} PYTHONPATH=/home/q/Algorithm_research/DWA_ws/build/mower_dwa_local_planner/prefix_override:/usr/lib/python3/dist-packages/colcon_core/task/python/colcon_distutils_commands:/home/q/Algorithm_research/DWA_ws/install/mower_dwa_local_planner/lib/python3.10/site-packages:/home/q/Algorithm_research/DWA_ws/install/mower_description/local/lib/python3.10/dist-packages:${PYTHONPATH} /usr/bin/python3 -W ignore:setup.py install is deprecated -W ignore:easy_install command is deprecated setup.py egg_info --egg-base ../../build/mower_dwa_local_planner build --build-base /home/q/Algorithm_research/DWA_ws/build/mower_dwa_local_planner/build install --record /home/q/Algorithm_research/DWA_ws/build/mower_dwa_local_planner/install.log --single-version-externally-managed install_data
[7.522s] Level 1:colcon.colcon_core.environment:checking '/home/q/Algorithm_research/DWA_ws/install/mower_dwa_local_planner' for CMake module files
[7.522s] DEBUG:colcon.colcon_core.event_handler.log_command:Invoked command in '/home/q/Algorithm_research/DWA_ws/src/mower_dwa_local_planner' returned '0': AMENT_PREFIX_PATH=/home/q/Algorithm_research/DWA_ws/install/mower_description:${AMENT_PREFIX_PATH} CMAKE_PREFIX_PATH=/home/q/Algorithm_research/DWA_ws/install/mower_description LD_LIBRARY_PATH=/home/q/Algorithm_research/DWA_ws/install/mower_description/lib:${LD_LIBRARY_PATH} PYTHONPATH=/home/q/Algorithm_research/DWA_ws/build/mower_dwa_local_planner/prefix_override:/usr/lib/python3/dist-packages/colcon_core/task/python/colcon_distutils_commands:/home/q/Algorithm_research/DWA_ws/install/mower_dwa_local_planner/lib/python3.10/site-packages:/home/q/Algorithm_research/DWA_ws/install/mower_description/local/lib/python3.10/dist-packages:${PYTHONPATH} /usr/bin/python3 -W ignore:setup.py install is deprecated -W ignore:easy_install command is deprecated setup.py egg_info --egg-base ../../build/mower_dwa_local_planner build --build-base /home/q/Algorithm_research/DWA_ws/build/mower_dwa_local_planner/build install --record /home/q/Algorithm_research/DWA_ws/build/mower_dwa_local_planner/install.log --single-version-externally-managed install_data
[7.523s] Level 1:colcon.colcon_core.environment:checking '/home/q/Algorithm_research/DWA_ws/install/mower_dwa_local_planner' for CMake config files
[7.523s] Level 1:colcon.colcon_core.environment:checking '/home/q/Algorithm_research/DWA_ws/install/mower_dwa_local_planner/lib'
[7.523s] Level 1:colcon.colcon_core.environment:checking '/home/q/Algorithm_research/DWA_ws/install/mower_dwa_local_planner/bin'
[7.523s] Level 1:colcon.colcon_core.environment:checking '/home/q/Algorithm_research/DWA_ws/install/mower_dwa_local_planner/lib/pkgconfig/mower_dwa_local_planner.pc'
[7.523s] Level 1:colcon.colcon_core.environment:checking '/home/q/Algorithm_research/DWA_ws/install/mower_dwa_local_planner/lib/python3.10/site-packages'
[7.523s] Level 1:colcon.colcon_core.shell:create_environment_hook('mower_dwa_local_planner', 'pythonpath')
[7.523s] INFO:colcon.colcon_core.shell:Creating environment hook '/home/q/Algorithm_research/DWA_ws/install/mower_dwa_local_planner/share/mower_dwa_local_planner/hook/pythonpath.ps1'
[7.524s] INFO:colcon.colcon_core.shell:Creating environment descriptor '/home/q/Algorithm_research/DWA_ws/install/mower_dwa_local_planner/share/mower_dwa_local_planner/hook/pythonpath.dsv'
[7.524s] INFO:colcon.colcon_core.shell:Creating environment hook '/home/q/Algorithm_research/DWA_ws/install/mower_dwa_local_planner/share/mower_dwa_local_planner/hook/pythonpath.sh'
[7.524s] Level 1:colcon.colcon_core.environment:checking '/home/q/Algorithm_research/DWA_ws/install/mower_dwa_local_planner/bin'
[7.525s] Level 1:colcon.colcon_core.environment:create_environment_scripts_only(mower_dwa_local_planner)
[7.525s] INFO:colcon.colcon_core.shell:Creating package script '/home/q/Algorithm_research/DWA_ws/install/mower_dwa_local_planner/share/mower_dwa_local_planner/package.ps1'
[7.525s] INFO:colcon.colcon_core.shell:Creating package descriptor '/home/q/Algorithm_research/DWA_ws/install/mower_dwa_local_planner/share/mower_dwa_local_planner/package.dsv'
[7.525s] INFO:colcon.colcon_core.shell:Creating package script '/home/q/Algorithm_research/DWA_ws/install/mower_dwa_local_planner/share/mower_dwa_local_planner/package.sh'
[7.526s] INFO:colcon.colcon_core.shell:Creating package script '/home/q/Algorithm_research/DWA_ws/install/mower_dwa_local_planner/share/mower_dwa_local_planner/package.bash'
[7.526s] INFO:colcon.colcon_core.shell:Creating package script '/home/q/Algorithm_research/DWA_ws/install/mower_dwa_local_planner/share/mower_dwa_local_planner/package.zsh'
[7.526s] Level 1:colcon.colcon_core.environment:create_file_with_runtime_dependencies(/home/q/Algorithm_research/DWA_ws/install/mower_dwa_local_planner/share/colcon-core/packages/mower_dwa_local_planner)
[7.526s] DEBUG:colcon.colcon_parallel_executor.executor.parallel:closing loop
[7.527s] DEBUG:colcon.colcon_parallel_executor.executor.parallel:loop closed
[7.527s] DEBUG:colcon.colcon_parallel_executor.executor.parallel:run_until_complete finished with '0'
[7.527s] DEBUG:colcon.colcon_core.event_reactor:joining thread
[7.531s] INFO:colcon.colcon_core.plugin_system:Skipping extension 'colcon_notification.desktop_notification.terminal_notifier': Not used on non-Darwin systems
[7.531s] INFO:colcon.colcon_core.plugin_system:Skipping extension 'colcon_notification.desktop_notification.win32': Not used on non-Windows systems
[7.531s] INFO:colcon.colcon_notification.desktop_notification:Sending desktop notification using 'notify2'
[7.538s] DEBUG:colcon.colcon_core.event_reactor:joined thread
[7.538s] INFO:colcon.colcon_core.shell:Creating prefix script '/home/q/Algorithm_research/DWA_ws/install/local_setup.ps1'
[7.539s] INFO:colcon.colcon_core.shell:Creating prefix util module '/home/q/Algorithm_research/DWA_ws/install/_local_setup_util_ps1.py'
[7.540s] INFO:colcon.colcon_core.shell:Creating prefix chain script '/home/q/Algorithm_research/DWA_ws/install/setup.ps1'
[7.541s] INFO:colcon.colcon_core.shell:Creating prefix script '/home/q/Algorithm_research/DWA_ws/install/local_setup.sh'
[7.541s] INFO:colcon.colcon_core.shell:Creating prefix util module '/home/q/Algorithm_research/DWA_ws/install/_local_setup_util_sh.py'
[7.542s] INFO:colcon.colcon_core.shell:Creating prefix chain script '/home/q/Algorithm_research/DWA_ws/install/setup.sh'
[7.542s] INFO:colcon.colcon_core.shell:Creating prefix script '/home/q/Algorithm_research/DWA_ws/install/local_setup.bash'
[7.543s] INFO:colcon.colcon_core.shell:Creating prefix chain script '/home/q/Algorithm_research/DWA_ws/install/setup.bash'
[7.543s] INFO:colcon.colcon_core.shell:Creating prefix script '/home/q/Algorithm_research/DWA_ws/install/local_setup.zsh'
[7.544s] INFO:colcon.colcon_core.shell:Creating prefix chain script '/home/q/Algorithm_research/DWA_ws/install/setup.zsh'
