running develop
running egg_info
creating mower_dwa_local_planner.egg-info
writing mower_dwa_local_planner.egg-info/PKG-INFO
writing dependency_links to mower_dwa_local_planner.egg-info/dependency_links.txt
writing entry points to mower_dwa_local_planner.egg-info/entry_points.txt
writing requirements to mower_dwa_local_planner.egg-info/requires.txt
writing top-level names to mower_dwa_local_planner.egg-info/top_level.txt
writing manifest file 'mower_dwa_local_planner.egg-info/SOURCES.txt'
reading manifest file 'mower_dwa_local_planner.egg-info/SOURCES.txt'
writing manifest file 'mower_dwa_local_planner.egg-info/SOURCES.txt'
running build_ext
Creating /home/q/Algorithm_research/DWA_ws/install/mower_dwa_local_planner/lib/python3.10/site-packages/mower-dwa-local-planner.egg-link (link to .)
Installing dwa_local_planner script to /home/q/Algorithm_research/DWA_ws/install/mower_dwa_local_planner/lib/mower_dwa_local_planner

Installed /home/q/Algorithm_research/DWA_ws/build/mower_dwa_local_planner
running symlink_data
creating /home/q/Algorithm_research/DWA_ws/install/mower_dwa_local_planner/share/ament_index
creating /home/q/Algorithm_research/DWA_ws/install/mower_dwa_local_planner/share/ament_index/resource_index
creating /home/q/Algorithm_research/DWA_ws/install/mower_dwa_local_planner/share/ament_index/resource_index/packages
symbolically linking /home/q/Algorithm_research/DWA_ws/build/mower_dwa_local_planner/resource/mower_dwa_local_planner -> /home/q/Algorithm_research/DWA_ws/install/mower_dwa_local_planner/share/ament_index/resource_index/packages
symbolically linking /home/q/Algorithm_research/DWA_ws/build/mower_dwa_local_planner/package.xml -> /home/q/Algorithm_research/DWA_ws/install/mower_dwa_local_planner/share/mower_dwa_local_planner
creating /home/q/Algorithm_research/DWA_ws/install/mower_dwa_local_planner/share/mower_dwa_local_planner/launch
symbolically linking /home/q/Algorithm_research/DWA_ws/build/mower_dwa_local_planner/launch/dwa_demo.launch.py -> /home/q/Algorithm_research/DWA_ws/install/mower_dwa_local_planner/share/mower_dwa_local_planner/launch
creating /home/q/Algorithm_research/DWA_ws/install/mower_dwa_local_planner/share/mower_dwa_local_planner/config
symbolically linking /home/q/Algorithm_research/DWA_ws/build/mower_dwa_local_planner/config/dwa_params.yaml -> /home/q/Algorithm_research/DWA_ws/install/mower_dwa_local_planner/share/mower_dwa_local_planner/config
