[0.562s] Invoking command in '/home/q/Algorithm_research/DWA_ws/build/mower_dwa_local_planner': AMENT_PREFIX_PATH=/home/q/Algorithm_research/DWA_ws/install/mower_description:${AMENT_PREFIX_PATH} CMAKE_PREFIX_PATH=/home/q/Algorithm_research/DWA_ws/install/mower_description LD_LIBRARY_PATH=/home/q/Algorithm_research/DWA_ws/install/mower_description/lib:${LD_LIBRARY_PATH} PYTHONPATH=/home/q/Algorithm_research/DWA_ws/build/mower_dwa_local_planner/prefix_override:/usr/lib/python3/dist-packages/colcon_core/task/python/colcon_distutils_commands:/home/q/Algorithm_research/DWA_ws/install/mower_dwa_local_planner/lib/python3.10/site-packages:/home/q/Algorithm_research/DWA_ws/install/mower_description/local/lib/python3.10/dist-packages:${PYTHONPATH} /usr/bin/python3 -W ignore:setup.py install is deprecated -W ignore:easy_install command is deprecated setup.py develop --editable --build-directory /home/q/Algorithm_research/DWA_ws/build/mower_dwa_local_planner/build --no-deps symlink_data
[0.790s] running develop
[0.951s] running egg_info
[0.952s] creating mower_dwa_local_planner.egg-info
[0.952s] writing mower_dwa_local_planner.egg-info/PKG-INFO
[0.952s] writing dependency_links to mower_dwa_local_planner.egg-info/dependency_links.txt
[0.952s] writing entry points to mower_dwa_local_planner.egg-info/entry_points.txt
[0.952s] writing requirements to mower_dwa_local_planner.egg-info/requires.txt
[0.952s] writing top-level names to mower_dwa_local_planner.egg-info/top_level.txt
[0.952s] writing manifest file 'mower_dwa_local_planner.egg-info/SOURCES.txt'
[0.954s] reading manifest file 'mower_dwa_local_planner.egg-info/SOURCES.txt'
[0.955s] writing manifest file 'mower_dwa_local_planner.egg-info/SOURCES.txt'
[0.956s] running build_ext
[0.956s] Creating /home/q/Algorithm_research/DWA_ws/install/mower_dwa_local_planner/lib/python3.10/site-packages/mower-dwa-local-planner.egg-link (link to .)
[0.958s] Installing dwa_local_planner script to /home/q/Algorithm_research/DWA_ws/install/mower_dwa_local_planner/lib/mower_dwa_local_planner
[0.958s] 
[0.958s] Installed /home/q/Algorithm_research/DWA_ws/build/mower_dwa_local_planner
[0.958s] running symlink_data
[0.959s] creating /home/q/Algorithm_research/DWA_ws/install/mower_dwa_local_planner/share/ament_index
[0.959s] creating /home/q/Algorithm_research/DWA_ws/install/mower_dwa_local_planner/share/ament_index/resource_index
[0.959s] creating /home/q/Algorithm_research/DWA_ws/install/mower_dwa_local_planner/share/ament_index/resource_index/packages
[0.959s] symbolically linking /home/q/Algorithm_research/DWA_ws/build/mower_dwa_local_planner/resource/mower_dwa_local_planner -> /home/q/Algorithm_research/DWA_ws/install/mower_dwa_local_planner/share/ament_index/resource_index/packages
[0.959s] symbolically linking /home/q/Algorithm_research/DWA_ws/build/mower_dwa_local_planner/package.xml -> /home/q/Algorithm_research/DWA_ws/install/mower_dwa_local_planner/share/mower_dwa_local_planner
[0.959s] creating /home/q/Algorithm_research/DWA_ws/install/mower_dwa_local_planner/share/mower_dwa_local_planner/launch
[0.959s] symbolically linking /home/q/Algorithm_research/DWA_ws/build/mower_dwa_local_planner/launch/dwa_demo.launch.py -> /home/q/Algorithm_research/DWA_ws/install/mower_dwa_local_planner/share/mower_dwa_local_planner/launch
[0.959s] creating /home/q/Algorithm_research/DWA_ws/install/mower_dwa_local_planner/share/mower_dwa_local_planner/config
[0.959s] symbolically linking /home/q/Algorithm_research/DWA_ws/build/mower_dwa_local_planner/config/dwa_params.yaml -> /home/q/Algorithm_research/DWA_ws/install/mower_dwa_local_planner/share/mower_dwa_local_planner/config
[0.983s] Invoked command in '/home/q/Algorithm_research/DWA_ws/build/mower_dwa_local_planner' returned '0': AMENT_PREFIX_PATH=/home/q/Algorithm_research/DWA_ws/install/mower_description:${AMENT_PREFIX_PATH} CMAKE_PREFIX_PATH=/home/q/Algorithm_research/DWA_ws/install/mower_description LD_LIBRARY_PATH=/home/q/Algorithm_research/DWA_ws/install/mower_description/lib:${LD_LIBRARY_PATH} PYTHONPATH=/home/q/Algorithm_research/DWA_ws/build/mower_dwa_local_planner/prefix_override:/usr/lib/python3/dist-packages/colcon_core/task/python/colcon_distutils_commands:/home/q/Algorithm_research/DWA_ws/install/mower_dwa_local_planner/lib/python3.10/site-packages:/home/q/Algorithm_research/DWA_ws/install/mower_description/local/lib/python3.10/dist-packages:${PYTHONPATH} /usr/bin/python3 -W ignore:setup.py install is deprecated -W ignore:easy_install command is deprecated setup.py develop --editable --build-directory /home/q/Algorithm_research/DWA_ws/build/mower_dwa_local_planner/build --no-deps symlink_data
