-- Found ament_cmake: 1.3.14 (/opt/ros/humble/share/ament_cmake/cmake)
-- Override CMake install command with custom implementation using symlinks instead of copying resources
-- Found urdf: 2.6.1 (/opt/ros/humble/share/urdf/cmake)
-- Found xacro: 2.1.1 (/opt/ros/humble/share/xacro/cmake)
-- Found gazebo_ros: 3.9.0 (/opt/ros/humble/share/gazebo_ros/cmake)
-- Found rosidl_generator_c: 3.1.8 (/opt/ros/humble/share/rosidl_generator_c/cmake)
-- Found rosidl_adapter: 3.1.8 (/opt/ros/humble/share/rosidl_adapter/cmake)
-- Found rosidl_generator_cpp: 3.1.8 (/opt/ros/humble/share/rosidl_generator_cpp/cmake)
-- Using all available rosidl_typesupport_c: rosidl_typesupport_fastrtps_c;rosidl_typesupport_introspection_c
-- Using all available rosidl_typesupport_cpp: rosidl_typesupport_fastrtps_cpp;rosidl_typesupport_introspection_cpp
-- Found rmw_implementation_cmake: 6.1.2 (/opt/ros/humble/share/rmw_implementation_cmake/cmake)
-- Found rmw_fastrtps_cpp: 6.2.10 (/opt/ros/humble/share/rmw_fastrtps_cpp/cmake)
-- Found TinyXML2 via Config file: TinyXML2_DIR-NOTFOUND
-- Found TinyXML2 via Config file: TinyXML2_DIR-NOTFOUND
-- Found TinyXML2 via Config file: TinyXML2_DIR-NOTFOUND
-- Found TinyXML2 via Config file: TinyXML2_DIR-NOTFOUND
-- Using RMW implementation 'rmw_fastrtps_cpp' as default
-- Found DART: /usr/include (Required is at least version "6.6") found components: dart 
-- Found Protobuf: /usr/lib/x86_64-linux-gnu/libprotobuf.so (found version "3.12.4") 
-- Looking for ignition-math6 -- found version 6.15.1
-- Searching for dependencies of ignition-math6
-- Looking for OGRE...
-- Found Ogre Ghadamon (1.9.0)
-- Found OGRE: optimized;/usr/lib/x86_64-linux-gnu/libOgreMain.so;debug;/usr/lib/x86_64-linux-gnu/libOgreMain.so
-- Looking for OGRE_Paging...
-- Found OGRE_Paging: optimized;/usr/lib/x86_64-linux-gnu/libOgrePaging.so;debug;/usr/lib/x86_64-linux-gnu/libOgrePaging.so
-- Looking for OGRE_Terrain...
-- Found OGRE_Terrain: optimized;/usr/lib/x86_64-linux-gnu/libOgreTerrain.so;debug;/usr/lib/x86_64-linux-gnu/libOgreTerrain.so
-- Looking for OGRE_Property...
-- Found OGRE_Property: optimized;/usr/lib/x86_64-linux-gnu/libOgreProperty.so;debug;/usr/lib/x86_64-linux-gnu/libOgreProperty.so
-- Looking for OGRE_RTShaderSystem...
-- Found OGRE_RTShaderSystem: optimized;/usr/lib/x86_64-linux-gnu/libOgreRTShaderSystem.so;debug;/usr/lib/x86_64-linux-gnu/libOgreRTShaderSystem.so
-- Looking for OGRE_Volume...
-- Found OGRE_Volume: optimized;/usr/lib/x86_64-linux-gnu/libOgreVolume.so;debug;/usr/lib/x86_64-linux-gnu/libOgreVolume.so
-- Looking for OGRE_Overlay...
-- Found OGRE_Overlay: optimized;/usr/lib/x86_64-linux-gnu/libOgreOverlay.so;debug;/usr/lib/x86_64-linux-gnu/libOgreOverlay.so
-- Looking for ignition-math6 -- found version 6.15.1
-- Looking for ignition-transport8 -- found version 8.2.1
-- Searching for dependencies of ignition-transport8
-- Found Protobuf: /usr/lib/x86_64-linux-gnu/libprotobuf.so (found suitable version "3.12.4", minimum required is "3") 
-- Config-file not installed for ZeroMQ -- checking for pkg-config
-- Checking for module 'libzmq >= 4'
--   Found libzmq , version 4.3.4
-- Checking for module 'uuid'
--   Found uuid, version 2.37.2
-- Looking for ignition-msgs5 -- found version 5.8.1
-- Searching for dependencies of ignition-msgs5
-- Looking for ignition-math6 -- found version 6.15.1
-- Looking for ignition-msgs5 -- found version 5.8.1
-- Looking for ignition-common3 -- found version 3.14.0
-- Searching for dependencies of ignition-common3
-- Looking for dlfcn.h - found
-- Looking for libdl - found
-- Searching for <ignition-common3> component [graphics]
-- Looking for ignition-common3-graphics -- found version 3.14.0
-- Searching for dependencies of ignition-common3-graphics
-- Looking for ignition-math6 -- found version 6.15.1
-- Looking for ignition-fuel_tools4 -- found version 4.4.0
-- Searching for dependencies of ignition-fuel_tools4
-- Checking for module 'jsoncpp'
--   Found jsoncpp, version 1.9.5
-- Checking for module 'libzip'
--   Found libzip, version 1.7.3
-- Looking for ignition-common3 -- found version 3.14.0
-- Looking for ignition-math6 -- found version 6.15.1
-- Looking for ignition-msgs5 -- found version 5.8.1
-- Gazebo version: 11.10
-- Found rosidl_default_generators: 1.2.1 (/opt/ros/humble/share/rosidl_default_generators/cmake)
-- Found ament_cmake_ros: 0.10.0 (/opt/ros/humble/share/ament_cmake_ros/cmake)
-- Using all available rosidl_typesupport_c: rosidl_typesupport_fastrtps_c;rosidl_typesupport_introspection_c
-- Using all available rosidl_typesupport_cpp: rosidl_typesupport_fastrtps_cpp;rosidl_typesupport_introspection_cpp
-- Found python_cmake_module: 0.10.0 (/opt/ros/humble/share/python_cmake_module/cmake)
-- Using PYTHON_EXECUTABLE: /usr/bin/python3
-- Using PYTHON_INCLUDE_DIRS: /usr/include/python3.10
-- Using PYTHON_LIBRARIES: /usr/lib/x86_64-linux-gnu/libpython3.10.so
-- Found ament_lint_auto: 0.12.15 (/opt/ros/humble/share/ament_lint_auto/cmake)
-- Added test 'flake8' to check Python code syntax and style conventions
-- Added test 'lint_cmake' to check CMake code style
-- Added test 'pep257' to check Python code against some of the docstring style conventions in PEP 257
-- Added test 'xmllint' to check XML markup files
-- Configuring done
-- Generating done
-- Build files have been written to: /home/q/Algorithm_research/DWA_ws/build/mower_description
[35m[1mConsolidate compiler generated dependencies of target mower_description__rosidl_generator_c[0m
[  3%] Built target mower_description__rs
[  6%] Built target mower_description__cpp
[ 15%] Built target mower_description__rosidl_generator_c
[ 15%] Built target ament_cmake_python_symlink_mower_description
[35m[1mConsolidate compiler generated dependencies of target mower_description__rosidl_typesupport_introspection_cpp[0m
[35m[1mConsolidate compiler generated dependencies of target mower_description__rosidl_typesupport_fastrtps_cpp[0m
[35m[1mConsolidate compiler generated dependencies of target mower_description__rosidl_typesupport_cpp[0m
[35m[1mConsolidate compiler generated dependencies of target mower_description__rosidl_typesupport_fastrtps_c[0m
[35m[1mConsolidate compiler generated dependencies of target mower_description__rosidl_typesupport_introspection_c[0m
[35m[1mConsolidate compiler generated dependencies of target mower_description__rosidl_typesupport_c[0m
[ 25%] Built target mower_description__rosidl_typesupport_introspection_cpp
[ 34%] Built target mower_description__rosidl_typesupport_introspection_c
[ 53%] Built target mower_description__rosidl_typesupport_fastrtps_cpp
[ 53%] Built target mower_description__rosidl_typesupport_c
[ 71%] Built target mower_description__rosidl_typesupport_cpp
[ 71%] Built target mower_description__rosidl_typesupport_fastrtps_c
[ 71%] Built target mower_description
[ 75%] Built target mower_description__py
[35m[1mConsolidate compiler generated dependencies of target mower_description__rosidl_generator_py[0m
[ 81%] Built target mower_description__rosidl_generator_py
[35m[1mConsolidate compiler generated dependencies of target mower_description__rosidl_typesupport_fastrtps_c__pyext[0m
[35m[1mConsolidate compiler generated dependencies of target mower_description__rosidl_typesupport_introspection_c__pyext[0m
[35m[1mConsolidate compiler generated dependencies of target mower_description__rosidl_typesupport_c__pyext[0m
[ 87%] Built target mower_description__rosidl_typesupport_introspection_c__pyext
[ 93%] Built target mower_description__rosidl_typesupport_c__pyext
[100%] Built target mower_description__rosidl_typesupport_fastrtps_c__pyext
running egg_info
writing mower_description.egg-info/PKG-INFO
writing dependency_links to mower_description.egg-info/dependency_links.txt
writing top-level names to mower_description.egg-info/top_level.txt
reading manifest file 'mower_description.egg-info/SOURCES.txt'
writing manifest file 'mower_description.egg-info/SOURCES.txt'
[100%] Built target ament_cmake_python_build_mower_description_egg
-- Install configuration: ""
-- Execute custom install script
-- Up-to-date symlink: /home/q/Algorithm_research/DWA_ws/install/mower_description/share/ament_index/resource_index/rosidl_interfaces/mower_description
-- Up-to-date symlink: /home/q/Algorithm_research/DWA_ws/install/mower_description/include/mower_description/mower_description/msg/rosidl_generator_c__visibility_control.h
-- Up-to-date symlink: /home/q/Algorithm_research/DWA_ws/install/mower_description/include/mower_description/mower_description/srv/cutting_motor_control.h
-- Up-to-date symlink: /home/q/Algorithm_research/DWA_ws/install/mower_description/include/mower_description/mower_description/srv/detail/cutting_motor_control__functions.h
-- Up-to-date symlink: /home/q/Algorithm_research/DWA_ws/install/mower_description/include/mower_description/mower_description/srv/detail/cutting_motor_control__struct.h
-- Up-to-date symlink: /home/q/Algorithm_research/DWA_ws/install/mower_description/include/mower_description/mower_description/srv/detail/cutting_motor_control__type_support.h
-- Up-to-date symlink: /home/q/Algorithm_research/DWA_ws/install/mower_description/share/mower_description/environment/library_path.sh
-- Up-to-date symlink: /home/q/Algorithm_research/DWA_ws/install/mower_description/share/mower_description/environment/library_path.dsv
-- Up-to-date symlink: /home/q/Algorithm_research/DWA_ws/install/mower_description/include/mower_description/mower_description/msg/rosidl_typesupport_fastrtps_c__visibility_control.h
-- Up-to-date symlink: /home/q/Algorithm_research/DWA_ws/install/mower_description/include/mower_description/mower_description/srv/detail/cutting_motor_control__rosidl_typesupport_fastrtps_c.h
-- Up-to-date symlink: /home/q/Algorithm_research/DWA_ws/install/mower_description/include/mower_description/mower_description/msg/rosidl_generator_cpp__visibility_control.hpp
-- Up-to-date symlink: /home/q/Algorithm_research/DWA_ws/install/mower_description/include/mower_description/mower_description/srv/cutting_motor_control.hpp
-- Up-to-date symlink: /home/q/Algorithm_research/DWA_ws/install/mower_description/include/mower_description/mower_description/srv/detail/cutting_motor_control__builder.hpp
-- Up-to-date symlink: /home/q/Algorithm_research/DWA_ws/install/mower_description/include/mower_description/mower_description/srv/detail/cutting_motor_control__struct.hpp
-- Up-to-date symlink: /home/q/Algorithm_research/DWA_ws/install/mower_description/include/mower_description/mower_description/srv/detail/cutting_motor_control__traits.hpp
-- Up-to-date symlink: /home/q/Algorithm_research/DWA_ws/install/mower_description/include/mower_description/mower_description/srv/detail/cutting_motor_control__type_support.hpp
-- Up-to-date symlink: /home/q/Algorithm_research/DWA_ws/install/mower_description/include/mower_description/mower_description/msg/rosidl_typesupport_fastrtps_cpp__visibility_control.h
-- Up-to-date symlink: /home/q/Algorithm_research/DWA_ws/install/mower_description/include/mower_description/mower_description/srv/detail/cutting_motor_control__rosidl_typesupport_fastrtps_cpp.hpp
-- Up-to-date symlink: /home/q/Algorithm_research/DWA_ws/install/mower_description/include/mower_description/mower_description/msg/rosidl_typesupport_introspection_c__visibility_control.h
-- Up-to-date symlink: /home/q/Algorithm_research/DWA_ws/install/mower_description/include/mower_description/mower_description/srv/detail/cutting_motor_control__rosidl_typesupport_introspection_c.h
-- Up-to-date symlink: /home/q/Algorithm_research/DWA_ws/install/mower_description/include/mower_description/mower_description/srv/detail/cutting_motor_control__rosidl_typesupport_introspection_cpp.hpp
-- Up-to-date symlink: /home/q/Algorithm_research/DWA_ws/install/mower_description/share/mower_description/environment/pythonpath.sh
-- Up-to-date symlink: /home/q/Algorithm_research/DWA_ws/install/mower_description/share/mower_description/environment/pythonpath.dsv
-- Up-to-date symlink: /home/q/Algorithm_research/DWA_ws/install/mower_description/local/lib/python3.10/dist-packages/mower_description-0.0.0-py3.10.egg-info/PKG-INFO
-- Up-to-date symlink: /home/q/Algorithm_research/DWA_ws/install/mower_description/local/lib/python3.10/dist-packages/mower_description-0.0.0-py3.10.egg-info/SOURCES.txt
-- Up-to-date symlink: /home/q/Algorithm_research/DWA_ws/install/mower_description/local/lib/python3.10/dist-packages/mower_description-0.0.0-py3.10.egg-info/dependency_links.txt
-- Up-to-date symlink: /home/q/Algorithm_research/DWA_ws/install/mower_description/local/lib/python3.10/dist-packages/mower_description-0.0.0-py3.10.egg-info/top_level.txt
-- Up-to-date symlink: /home/q/Algorithm_research/DWA_ws/install/mower_description/local/lib/python3.10/dist-packages/mower_description/__init__.py
-- Up-to-date symlink: /home/q/Algorithm_research/DWA_ws/install/mower_description/local/lib/python3.10/dist-packages/mower_description/_mower_description_s.ep.rosidl_typesupport_c.c
-- Up-to-date symlink: /home/q/Algorithm_research/DWA_ws/install/mower_description/local/lib/python3.10/dist-packages/mower_description/_mower_description_s.ep.rosidl_typesupport_fastrtps_c.c
-- Up-to-date symlink: /home/q/Algorithm_research/DWA_ws/install/mower_description/local/lib/python3.10/dist-packages/mower_description/_mower_description_s.ep.rosidl_typesupport_introspection_c.c
-- Up-to-date symlink: /home/q/Algorithm_research/DWA_ws/install/mower_description/local/lib/python3.10/dist-packages/mower_description/libmower_description__rosidl_generator_py.so
-- Up-to-date symlink: /home/q/Algorithm_research/DWA_ws/install/mower_description/local/lib/python3.10/dist-packages/mower_description/mower_description_s__rosidl_typesupport_c.cpython-310-x86_64-linux-gnu.so
-- Up-to-date symlink: /home/q/Algorithm_research/DWA_ws/install/mower_description/local/lib/python3.10/dist-packages/mower_description/mower_description_s__rosidl_typesupport_fastrtps_c.cpython-310-x86_64-linux-gnu.so
-- Up-to-date symlink: /home/q/Algorithm_research/DWA_ws/install/mower_description/local/lib/python3.10/dist-packages/mower_description/mower_description_s__rosidl_typesupport_introspection_c.cpython-310-x86_64-linux-gnu.so
-- Up-to-date symlink: /home/q/Algorithm_research/DWA_ws/install/mower_description/local/lib/python3.10/dist-packages/mower_description/srv/__init__.py
-- Up-to-date symlink: /home/q/Algorithm_research/DWA_ws/install/mower_description/local/lib/python3.10/dist-packages/mower_description/srv/_cutting_motor_control.py
-- Up-to-date symlink: /home/q/Algorithm_research/DWA_ws/install/mower_description/local/lib/python3.10/dist-packages/mower_description/srv/_cutting_motor_control_s.c
-- Up-to-date symlink: /home/q/Algorithm_research/DWA_ws/install/mower_description/local/lib/python3.10/dist-packages/mower_description/mower_description_s__rosidl_typesupport_fastrtps_c.cpython-310-x86_64-linux-gnu.so
-- Up-to-date symlink: /home/q/Algorithm_research/DWA_ws/install/mower_description/local/lib/python3.10/dist-packages/mower_description/mower_description_s__rosidl_typesupport_introspection_c.cpython-310-x86_64-linux-gnu.so
-- Up-to-date symlink: /home/q/Algorithm_research/DWA_ws/install/mower_description/local/lib/python3.10/dist-packages/mower_description/mower_description_s__rosidl_typesupport_c.cpython-310-x86_64-linux-gnu.so
-- Up-to-date symlink: /home/q/Algorithm_research/DWA_ws/install/mower_description/share/ament_index/resource_index/rust_packages/mower_description
-- Up-to-date symlink: /home/q/Algorithm_research/DWA_ws/install/mower_description/share/mower_description/rust/Cargo.toml
-- Up-to-date symlink: /home/q/Algorithm_research/DWA_ws/install/mower_description/share/mower_description/rust/build.rs
-- Up-to-date symlink: /home/q/Algorithm_research/DWA_ws/install/mower_description/share/mower_description/rust/src/lib.rs
-- Up-to-date symlink: /home/q/Algorithm_research/DWA_ws/install/mower_description/share/mower_description/rust/src/srv.rs
-- Up-to-date symlink: /home/q/Algorithm_research/DWA_ws/install/mower_description/share/mower_description/rust/src/srv/rmw.rs
-- Up-to-date symlink: /home/q/Algorithm_research/DWA_ws/install/mower_description/share/mower_description/srv/CuttingMotorControl.idl
-- Up-to-date symlink: /home/q/Algorithm_research/DWA_ws/install/mower_description/share/mower_description/srv/CuttingMotorControl.srv
-- Up-to-date symlink: /home/q/Algorithm_research/DWA_ws/install/mower_description/share/mower_description/srv/CuttingMotorControl_Request.msg
-- Up-to-date symlink: /home/q/Algorithm_research/DWA_ws/install/mower_description/share/mower_description/srv/CuttingMotorControl_Response.msg
-- Up-to-date symlink: /home/q/Algorithm_research/DWA_ws/install/mower_description/lib/mower_description/cutting_motor_controller.py
-- Up-to-date symlink: /home/q/Algorithm_research/DWA_ws/install/mower_description/lib/mower_description/gear_marker_publisher.py
-- Up-to-date symlink: /home/q/Algorithm_research/DWA_ws/install/mower_description/share/mower_description/launch/mower_gazebo.launch.py
-- Up-to-date symlink: /home/q/Algorithm_research/DWA_ws/install/mower_description/share/mower_description/urdf/mower.urdf
-- Up-to-date symlink: /home/q/Algorithm_research/DWA_ws/install/mower_description/share/mower_description/worlds/mower_world.world
-- Up-to-date symlink: /home/q/Algorithm_research/DWA_ws/install/mower_description/share/mower_description/worlds/room_world.world
-- Up-to-date symlink: /home/q/Algorithm_research/DWA_ws/install/mower_description/share/mower_description/worlds/room_world_open.world
-- Up-to-date symlink: /home/q/Algorithm_research/DWA_ws/install/mower_description/share/mower_description/config/rviz/mower_gazebo.rviz
-- Up-to-date symlink: /home/q/Algorithm_research/DWA_ws/install/mower_description/share/ament_index/resource_index/package_run_dependencies/mower_description
-- Up-to-date symlink: /home/q/Algorithm_research/DWA_ws/install/mower_description/share/ament_index/resource_index/parent_prefix_path/mower_description
-- Up-to-date symlink: /home/q/Algorithm_research/DWA_ws/install/mower_description/share/mower_description/environment/ament_prefix_path.sh
-- Up-to-date symlink: /home/q/Algorithm_research/DWA_ws/install/mower_description/share/mower_description/environment/ament_prefix_path.dsv
-- Up-to-date symlink: /home/q/Algorithm_research/DWA_ws/install/mower_description/share/mower_description/environment/path.sh
-- Up-to-date symlink: /home/q/Algorithm_research/DWA_ws/install/mower_description/share/mower_description/environment/path.dsv
-- Up-to-date symlink: /home/q/Algorithm_research/DWA_ws/install/mower_description/share/mower_description/local_setup.bash
-- Up-to-date symlink: /home/q/Algorithm_research/DWA_ws/install/mower_description/share/mower_description/local_setup.sh
-- Up-to-date symlink: /home/q/Algorithm_research/DWA_ws/install/mower_description/share/mower_description/local_setup.zsh
-- Up-to-date symlink: /home/q/Algorithm_research/DWA_ws/install/mower_description/share/mower_description/local_setup.dsv
-- Symlinking: /home/q/Algorithm_research/DWA_ws/install/mower_description/share/mower_description/package.dsv
-- Up-to-date symlink: /home/q/Algorithm_research/DWA_ws/install/mower_description/share/ament_index/resource_index/packages/mower_description
-- Up-to-date symlink: /home/q/Algorithm_research/DWA_ws/install/mower_description/share/mower_description/cmake/rosidl_cmake-extras.cmake
-- Up-to-date symlink: /home/q/Algorithm_research/DWA_ws/install/mower_description/share/mower_description/cmake/ament_cmake_export_dependencies-extras.cmake
-- Up-to-date symlink: /home/q/Algorithm_research/DWA_ws/install/mower_description/share/mower_description/cmake/ament_cmake_export_include_directories-extras.cmake
-- Up-to-date symlink: /home/q/Algorithm_research/DWA_ws/install/mower_description/share/mower_description/cmake/ament_cmake_export_libraries-extras.cmake
-- Up-to-date symlink: /home/q/Algorithm_research/DWA_ws/install/mower_description/share/mower_description/cmake/ament_cmake_export_targets-extras.cmake
-- Up-to-date symlink: /home/q/Algorithm_research/DWA_ws/install/mower_description/share/mower_description/cmake/rosidl_cmake_export_typesupport_targets-extras.cmake
-- Up-to-date symlink: /home/q/Algorithm_research/DWA_ws/install/mower_description/share/mower_description/cmake/rosidl_cmake_export_typesupport_libraries-extras.cmake
-- Up-to-date symlink: /home/q/Algorithm_research/DWA_ws/install/mower_description/share/mower_description/cmake/mower_descriptionConfig.cmake
-- Up-to-date symlink: /home/q/Algorithm_research/DWA_ws/install/mower_description/share/mower_description/cmake/mower_descriptionConfig-version.cmake
-- Up-to-date symlink: /home/q/Algorithm_research/DWA_ws/install/mower_description/share/mower_description/package.xml
-- Up-to-date: /home/q/Algorithm_research/DWA_ws/install/mower_description/lib/libmower_description__rosidl_generator_c.so
-- Up-to-date: /home/q/Algorithm_research/DWA_ws/install/mower_description/lib/libmower_description__rosidl_typesupport_fastrtps_c.so
-- Up-to-date: /home/q/Algorithm_research/DWA_ws/install/mower_description/lib/libmower_description__rosidl_typesupport_fastrtps_cpp.so
-- Up-to-date: /home/q/Algorithm_research/DWA_ws/install/mower_description/lib/libmower_description__rosidl_typesupport_introspection_c.so
-- Up-to-date: /home/q/Algorithm_research/DWA_ws/install/mower_description/lib/libmower_description__rosidl_typesupport_c.so
-- Up-to-date: /home/q/Algorithm_research/DWA_ws/install/mower_description/lib/libmower_description__rosidl_typesupport_introspection_cpp.so
-- Up-to-date: /home/q/Algorithm_research/DWA_ws/install/mower_description/lib/libmower_description__rosidl_typesupport_cpp.so
Listing '/home/q/Algorithm_research/DWA_ws/install/mower_description/local/lib/python3.10/dist-packages/mower_description'...
Compiling '/home/q/Algorithm_research/DWA_ws/install/mower_description/local/lib/python3.10/dist-packages/mower_description/__init__.py'...
Listing '/home/q/Algorithm_research/DWA_ws/install/mower_description/local/lib/python3.10/dist-packages/mower_description/srv'...
-- Up-to-date: /home/q/Algorithm_research/DWA_ws/install/mower_description/lib/libmower_description__rosidl_generator_py.so
-- Up-to-date: /home/q/Algorithm_research/DWA_ws/install/mower_description/share/mower_description/cmake/export_mower_description__rosidl_generator_cExport.cmake
-- Up-to-date: /home/q/Algorithm_research/DWA_ws/install/mower_description/share/mower_description/cmake/export_mower_description__rosidl_generator_cExport-noconfig.cmake
-- Up-to-date: /home/q/Algorithm_research/DWA_ws/install/mower_description/share/mower_description/cmake/export_mower_description__rosidl_typesupport_fastrtps_cExport.cmake
-- Up-to-date: /home/q/Algorithm_research/DWA_ws/install/mower_description/share/mower_description/cmake/export_mower_description__rosidl_typesupport_fastrtps_cExport-noconfig.cmake
-- Up-to-date: /home/q/Algorithm_research/DWA_ws/install/mower_description/share/mower_description/cmake/export_mower_description__rosidl_generator_cppExport.cmake
-- Up-to-date: /home/q/Algorithm_research/DWA_ws/install/mower_description/share/mower_description/cmake/export_mower_description__rosidl_typesupport_fastrtps_cppExport.cmake
-- Up-to-date: /home/q/Algorithm_research/DWA_ws/install/mower_description/share/mower_description/cmake/export_mower_description__rosidl_typesupport_fastrtps_cppExport-noconfig.cmake
-- Up-to-date: /home/q/Algorithm_research/DWA_ws/install/mower_description/share/mower_description/cmake/mower_description__rosidl_typesupport_introspection_cExport.cmake
-- Up-to-date: /home/q/Algorithm_research/DWA_ws/install/mower_description/share/mower_description/cmake/mower_description__rosidl_typesupport_introspection_cExport-noconfig.cmake
-- Up-to-date: /home/q/Algorithm_research/DWA_ws/install/mower_description/share/mower_description/cmake/mower_description__rosidl_typesupport_cExport.cmake
-- Up-to-date: /home/q/Algorithm_research/DWA_ws/install/mower_description/share/mower_description/cmake/mower_description__rosidl_typesupport_cExport-noconfig.cmake
-- Up-to-date: /home/q/Algorithm_research/DWA_ws/install/mower_description/share/mower_description/cmake/mower_description__rosidl_typesupport_introspection_cppExport.cmake
-- Up-to-date: /home/q/Algorithm_research/DWA_ws/install/mower_description/share/mower_description/cmake/mower_description__rosidl_typesupport_introspection_cppExport-noconfig.cmake
-- Up-to-date: /home/q/Algorithm_research/DWA_ws/install/mower_description/share/mower_description/cmake/mower_description__rosidl_typesupport_cppExport.cmake
-- Up-to-date: /home/q/Algorithm_research/DWA_ws/install/mower_description/share/mower_description/cmake/mower_description__rosidl_typesupport_cppExport-noconfig.cmake
-- Up-to-date: /home/q/Algorithm_research/DWA_ws/install/mower_description/share/mower_description/cmake/export_mower_description__rosidl_generator_pyExport.cmake
-- Up-to-date: /home/q/Algorithm_research/DWA_ws/install/mower_description/share/mower_description/cmake/export_mower_description__rosidl_generator_pyExport-noconfig.cmake
