[0.010s] Invoking command in '/home/q/Algorithm_research/DWA_ws/build/mower_description': CMAKE_PREFIX_PATH=${CMAKE_PREFIX_PATH}:/home/q/Algorithm_research/DWA_ws/install/mower_dwa_local_planner:/home/q/Algorithm_research/DWA_ws/install/mower_slam:/home/q/Algorithm_research/DWA_ws/install/mower_algo_validation:/opt/ros/humble /usr/bin/cmake /home/q/Algorithm_research/DWA_ws/src/mower_description -DCMAKE_INSTALL_PREFIX=/home/q/Algorithm_research/DWA_ws/install/mower_description
[0.029s] -- Found ament_cmake: 1.3.14 (/opt/ros/humble/share/ament_cmake/cmake)
[0.139s] -- Override CMake install command with custom implementation using symlinks instead of copying resources
[0.150s] -- Found urdf: 2.6.1 (/opt/ros/humble/share/urdf/cmake)
[0.180s] -- Found xacro: 2.1.1 (/opt/ros/humble/share/xacro/cmake)
[0.180s] -- Found gazebo_ros: 3.9.0 (/opt/ros/humble/share/gazebo_ros/cmake)
[0.199s] -- Found rosidl_generator_c: 3.1.8 (/opt/ros/humble/share/rosidl_generator_c/cmake)
[0.201s] -- Found rosidl_adapter: 3.1.8 (/opt/ros/humble/share/rosidl_adapter/cmake)
[0.206s] -- Found rosidl_generator_cpp: 3.1.8 (/opt/ros/humble/share/rosidl_generator_cpp/cmake)
[0.214s] -- Using all available rosidl_typesupport_c: rosidl_typesupport_fastrtps_c;rosidl_typesupport_introspection_c
[0.224s] -- Using all available rosidl_typesupport_cpp: rosidl_typesupport_fastrtps_cpp;rosidl_typesupport_introspection_cpp
[0.252s] -- Found rmw_implementation_cmake: 6.1.2 (/opt/ros/humble/share/rmw_implementation_cmake/cmake)
[0.254s] -- Found rmw_fastrtps_cpp: 6.2.10 (/opt/ros/humble/share/rmw_fastrtps_cpp/cmake)
[0.273s] -- Found TinyXML2 via Config file: TinyXML2_DIR-NOTFOUND
[0.282s] -- Found TinyXML2 via Config file: TinyXML2_DIR-NOTFOUND
[0.298s] -- Found TinyXML2 via Config file: TinyXML2_DIR-NOTFOUND
[0.305s] -- Found TinyXML2 via Config file: TinyXML2_DIR-NOTFOUND
[0.316s] -- Using RMW implementation 'rmw_fastrtps_cpp' as default
[0.392s] -- Found DART: /usr/include (Required is at least version "6.6") found components: dart 
[0.422s] -- Found Protobuf: /usr/lib/x86_64-linux-gnu/libprotobuf.so (found version "3.12.4") 
[0.423s] -- Looking for ignition-math6 -- found version 6.15.1
[0.426s] -- Searching for dependencies of ignition-math6
[0.428s] -- Looking for OGRE...
[0.434s] -- Found Ogre Ghadamon (1.9.0)
[0.434s] -- Found OGRE: optimized;/usr/lib/x86_64-linux-gnu/libOgreMain.so;debug;/usr/lib/x86_64-linux-gnu/libOgreMain.so
[0.445s] -- Looking for OGRE_Paging...
[0.445s] -- Found OGRE_Paging: optimized;/usr/lib/x86_64-linux-gnu/libOgrePaging.so;debug;/usr/lib/x86_64-linux-gnu/libOgrePaging.so
[0.445s] -- Looking for OGRE_Terrain...
[0.445s] -- Found OGRE_Terrain: optimized;/usr/lib/x86_64-linux-gnu/libOgreTerrain.so;debug;/usr/lib/x86_64-linux-gnu/libOgreTerrain.so
[0.445s] -- Looking for OGRE_Property...
[0.445s] -- Found OGRE_Property: optimized;/usr/lib/x86_64-linux-gnu/libOgreProperty.so;debug;/usr/lib/x86_64-linux-gnu/libOgreProperty.so
[0.445s] -- Looking for OGRE_RTShaderSystem...
[0.445s] -- Found OGRE_RTShaderSystem: optimized;/usr/lib/x86_64-linux-gnu/libOgreRTShaderSystem.so;debug;/usr/lib/x86_64-linux-gnu/libOgreRTShaderSystem.so
[0.445s] -- Looking for OGRE_Volume...
[0.445s] -- Found OGRE_Volume: optimized;/usr/lib/x86_64-linux-gnu/libOgreVolume.so;debug;/usr/lib/x86_64-linux-gnu/libOgreVolume.so
[0.445s] -- Looking for OGRE_Overlay...
[0.445s] -- Found OGRE_Overlay: optimized;/usr/lib/x86_64-linux-gnu/libOgreOverlay.so;debug;/usr/lib/x86_64-linux-gnu/libOgreOverlay.so
[0.520s] -- Looking for ignition-math6 -- found version 6.15.1
[0.521s] -- Looking for ignition-transport8 -- found version 8.2.1
[0.521s] -- Searching for dependencies of ignition-transport8
[0.538s] -- Found Protobuf: /usr/lib/x86_64-linux-gnu/libprotobuf.so (found suitable version "3.12.4", minimum required is "3") 
[0.546s] -- Config-file not installed for ZeroMQ -- checking for pkg-config
[0.551s] -- Checking for module 'libzmq >= 4'
[0.567s] --   Found libzmq , version 4.3.4
[0.615s] -- Checking for module 'uuid'
[0.630s] --   Found uuid, version 2.37.2
[0.669s] -- Looking for ignition-msgs5 -- found version 5.8.1
[0.669s] -- Searching for dependencies of ignition-msgs5
[0.686s] -- Looking for ignition-math6 -- found version 6.15.1
[0.694s] -- Looking for ignition-msgs5 -- found version 5.8.1
[0.694s] -- Looking for ignition-common3 -- found version 3.14.0
[0.695s] -- Searching for dependencies of ignition-common3
[0.695s] -- Looking for dlfcn.h - found
[0.695s] -- Looking for libdl - found
[0.707s] -- Searching for <ignition-common3> component [graphics]
[0.708s] -- Looking for ignition-common3-graphics -- found version 3.14.0
[0.708s] -- Searching for dependencies of ignition-common3-graphics
[0.708s] -- Looking for ignition-math6 -- found version 6.15.1
[0.709s] -- Looking for ignition-fuel_tools4 -- found version 4.4.0
[0.710s] -- Searching for dependencies of ignition-fuel_tools4
[0.751s] -- Checking for module 'jsoncpp'
[0.766s] --   Found jsoncpp, version 1.9.5
[0.810s] -- Checking for module 'libzip'
[0.824s] --   Found libzip, version 1.7.3
[0.863s] -- Looking for ignition-common3 -- found version 3.14.0
[0.863s] -- Looking for ignition-math6 -- found version 6.15.1
[0.863s] -- Looking for ignition-msgs5 -- found version 5.8.1
[0.864s] -- Gazebo version: 11.10
[0.865s] -- Found rosidl_default_generators: 1.2.1 (/opt/ros/humble/share/rosidl_default_generators/cmake)
[1.175s] -- Found ament_cmake_ros: 0.10.0 (/opt/ros/humble/share/ament_cmake_ros/cmake)
[1.659s] -- Using all available rosidl_typesupport_c: rosidl_typesupport_fastrtps_c;rosidl_typesupport_introspection_c
[1.831s] -- Using all available rosidl_typesupport_cpp: rosidl_typesupport_fastrtps_cpp;rosidl_typesupport_introspection_cpp
[1.851s] -- Found python_cmake_module: 0.10.0 (/opt/ros/humble/share/python_cmake_module/cmake)
[1.871s] -- Using PYTHON_EXECUTABLE: /usr/bin/python3
[1.871s] -- Using PYTHON_INCLUDE_DIRS: /usr/include/python3.10
[1.871s] -- Using PYTHON_LIBRARIES: /usr/lib/x86_64-linux-gnu/libpython3.10.so
[2.020s] -- Found ament_lint_auto: 0.12.15 (/opt/ros/humble/share/ament_lint_auto/cmake)
[2.040s] -- Added test 'flake8' to check Python code syntax and style conventions
[2.040s] -- Added test 'lint_cmake' to check CMake code style
[2.041s] -- Added test 'pep257' to check Python code against some of the docstring style conventions in PEP 257
[2.042s] -- Added test 'xmllint' to check XML markup files
[2.048s] -- Configuring done
[2.113s] -- Generating done
[2.133s] -- Build files have been written to: /home/q/Algorithm_research/DWA_ws/build/mower_description
[2.142s] Invoked command in '/home/q/Algorithm_research/DWA_ws/build/mower_description' returned '0': CMAKE_PREFIX_PATH=${CMAKE_PREFIX_PATH}:/home/q/Algorithm_research/DWA_ws/install/mower_dwa_local_planner:/home/q/Algorithm_research/DWA_ws/install/mower_slam:/home/q/Algorithm_research/DWA_ws/install/mower_algo_validation:/opt/ros/humble /usr/bin/cmake /home/q/Algorithm_research/DWA_ws/src/mower_description -DCMAKE_INSTALL_PREFIX=/home/q/Algorithm_research/DWA_ws/install/mower_description
[2.144s] Invoking command in '/home/q/Algorithm_research/DWA_ws/build/mower_description': CMAKE_PREFIX_PATH=${CMAKE_PREFIX_PATH}:/home/q/Algorithm_research/DWA_ws/install/mower_dwa_local_planner:/home/q/Algorithm_research/DWA_ws/install/mower_slam:/home/q/Algorithm_research/DWA_ws/install/mower_algo_validation:/opt/ros/humble /usr/bin/cmake --build /home/q/Algorithm_research/DWA_ws/build/mower_description -- -j24 -l24
[2.194s] [35m[1mConsolidate compiler generated dependencies of target mower_description__rosidl_generator_c[0m
[2.204s] [  3%] Built target mower_description__rs
[2.204s] [  6%] Built target mower_description__cpp
[2.207s] [ 15%] Built target mower_description__rosidl_generator_c
[2.214s] [ 15%] Built target ament_cmake_python_symlink_mower_description
[2.217s] [35m[1mConsolidate compiler generated dependencies of target mower_description__rosidl_typesupport_introspection_cpp[0m
[2.217s] [35m[1mConsolidate compiler generated dependencies of target mower_description__rosidl_typesupport_fastrtps_cpp[0m
[2.220s] [35m[1mConsolidate compiler generated dependencies of target mower_description__rosidl_typesupport_cpp[0m
[2.220s] [35m[1mConsolidate compiler generated dependencies of target mower_description__rosidl_typesupport_fastrtps_c[0m
[2.224s] [35m[1mConsolidate compiler generated dependencies of target mower_description__rosidl_typesupport_introspection_c[0m
[2.224s] [35m[1mConsolidate compiler generated dependencies of target mower_description__rosidl_typesupport_c[0m
[2.236s] [ 25%] Built target mower_description__rosidl_typesupport_introspection_cpp
[2.237s] [ 34%] Built target mower_description__rosidl_typesupport_introspection_c
[2.238s] [ 53%] Built target mower_description__rosidl_typesupport_fastrtps_cpp
[2.238s] [ 53%] Built target mower_description__rosidl_typesupport_c
[2.238s] [ 71%] Built target mower_description__rosidl_typesupport_cpp
[2.238s] [ 71%] Built target mower_description__rosidl_typesupport_fastrtps_c
[2.260s] [ 71%] Built target mower_description
[2.284s] [ 75%] Built target mower_description__py
[2.298s] [35m[1mConsolidate compiler generated dependencies of target mower_description__rosidl_generator_py[0m
[2.316s] [ 81%] Built target mower_description__rosidl_generator_py
[2.331s] [35m[1mConsolidate compiler generated dependencies of target mower_description__rosidl_typesupport_fastrtps_c__pyext[0m
[2.332s] [35m[1mConsolidate compiler generated dependencies of target mower_description__rosidl_typesupport_introspection_c__pyext[0m
[2.332s] [35m[1mConsolidate compiler generated dependencies of target mower_description__rosidl_typesupport_c__pyext[0m
[2.350s] [ 87%] Built target mower_description__rosidl_typesupport_introspection_c__pyext
[2.352s] [ 93%] Built target mower_description__rosidl_typesupport_c__pyext
[2.353s] [100%] Built target mower_description__rosidl_typesupport_fastrtps_c__pyext
[2.445s] running egg_info
[2.445s] writing mower_description.egg-info/PKG-INFO
[2.445s] writing dependency_links to mower_description.egg-info/dependency_links.txt
[2.446s] writing top-level names to mower_description.egg-info/top_level.txt
[2.448s] reading manifest file 'mower_description.egg-info/SOURCES.txt'
[2.448s] writing manifest file 'mower_description.egg-info/SOURCES.txt'
[2.472s] [100%] Built target ament_cmake_python_build_mower_description_egg
[2.483s] Invoked command in '/home/q/Algorithm_research/DWA_ws/build/mower_description' returned '0': CMAKE_PREFIX_PATH=${CMAKE_PREFIX_PATH}:/home/q/Algorithm_research/DWA_ws/install/mower_dwa_local_planner:/home/q/Algorithm_research/DWA_ws/install/mower_slam:/home/q/Algorithm_research/DWA_ws/install/mower_algo_validation:/opt/ros/humble /usr/bin/cmake --build /home/q/Algorithm_research/DWA_ws/build/mower_description -- -j24 -l24
[2.496s] Invoking command in '/home/q/Algorithm_research/DWA_ws/build/mower_description': CMAKE_PREFIX_PATH=${CMAKE_PREFIX_PATH}:/home/q/Algorithm_research/DWA_ws/install/mower_dwa_local_planner:/home/q/Algorithm_research/DWA_ws/install/mower_slam:/home/q/Algorithm_research/DWA_ws/install/mower_algo_validation:/opt/ros/humble /usr/bin/cmake --install /home/q/Algorithm_research/DWA_ws/build/mower_description
[2.504s] -- Install configuration: ""
[2.504s] -- Execute custom install script
[2.504s] -- Up-to-date symlink: /home/q/Algorithm_research/DWA_ws/install/mower_description/share/ament_index/resource_index/rosidl_interfaces/mower_description
[2.505s] -- Up-to-date symlink: /home/q/Algorithm_research/DWA_ws/install/mower_description/include/mower_description/mower_description/msg/rosidl_generator_c__visibility_control.h
[2.505s] -- Up-to-date symlink: /home/q/Algorithm_research/DWA_ws/install/mower_description/include/mower_description/mower_description/srv/cutting_motor_control.h
[2.506s] -- Up-to-date symlink: /home/q/Algorithm_research/DWA_ws/install/mower_description/include/mower_description/mower_description/srv/detail/cutting_motor_control__functions.h
[2.506s] -- Up-to-date symlink: /home/q/Algorithm_research/DWA_ws/install/mower_description/include/mower_description/mower_description/srv/detail/cutting_motor_control__struct.h
[2.506s] -- Up-to-date symlink: /home/q/Algorithm_research/DWA_ws/install/mower_description/include/mower_description/mower_description/srv/detail/cutting_motor_control__type_support.h
[2.507s] -- Up-to-date symlink: /home/q/Algorithm_research/DWA_ws/install/mower_description/share/mower_description/environment/library_path.sh
[2.508s] -- Up-to-date symlink: /home/q/Algorithm_research/DWA_ws/install/mower_description/share/mower_description/environment/library_path.dsv
[2.508s] -- Up-to-date symlink: /home/q/Algorithm_research/DWA_ws/install/mower_description/include/mower_description/mower_description/msg/rosidl_typesupport_fastrtps_c__visibility_control.h
[2.509s] -- Up-to-date symlink: /home/q/Algorithm_research/DWA_ws/install/mower_description/include/mower_description/mower_description/srv/detail/cutting_motor_control__rosidl_typesupport_fastrtps_c.h
[2.509s] -- Up-to-date symlink: /home/q/Algorithm_research/DWA_ws/install/mower_description/include/mower_description/mower_description/msg/rosidl_generator_cpp__visibility_control.hpp
[2.510s] -- Up-to-date symlink: /home/q/Algorithm_research/DWA_ws/install/mower_description/include/mower_description/mower_description/srv/cutting_motor_control.hpp
[2.510s] -- Up-to-date symlink: /home/q/Algorithm_research/DWA_ws/install/mower_description/include/mower_description/mower_description/srv/detail/cutting_motor_control__builder.hpp
[2.511s] -- Up-to-date symlink: /home/q/Algorithm_research/DWA_ws/install/mower_description/include/mower_description/mower_description/srv/detail/cutting_motor_control__struct.hpp
[2.511s] -- Up-to-date symlink: /home/q/Algorithm_research/DWA_ws/install/mower_description/include/mower_description/mower_description/srv/detail/cutting_motor_control__traits.hpp
[2.512s] -- Up-to-date symlink: /home/q/Algorithm_research/DWA_ws/install/mower_description/include/mower_description/mower_description/srv/detail/cutting_motor_control__type_support.hpp
[2.512s] -- Up-to-date symlink: /home/q/Algorithm_research/DWA_ws/install/mower_description/include/mower_description/mower_description/msg/rosidl_typesupport_fastrtps_cpp__visibility_control.h
[2.512s] -- Up-to-date symlink: /home/q/Algorithm_research/DWA_ws/install/mower_description/include/mower_description/mower_description/srv/detail/cutting_motor_control__rosidl_typesupport_fastrtps_cpp.hpp
[2.513s] -- Up-to-date symlink: /home/q/Algorithm_research/DWA_ws/install/mower_description/include/mower_description/mower_description/msg/rosidl_typesupport_introspection_c__visibility_control.h
[2.513s] -- Up-to-date symlink: /home/q/Algorithm_research/DWA_ws/install/mower_description/include/mower_description/mower_description/srv/detail/cutting_motor_control__rosidl_typesupport_introspection_c.h
[2.514s] -- Up-to-date symlink: /home/q/Algorithm_research/DWA_ws/install/mower_description/include/mower_description/mower_description/srv/detail/cutting_motor_control__rosidl_typesupport_introspection_cpp.hpp
[2.514s] -- Up-to-date symlink: /home/q/Algorithm_research/DWA_ws/install/mower_description/share/mower_description/environment/pythonpath.sh
[2.514s] -- Up-to-date symlink: /home/q/Algorithm_research/DWA_ws/install/mower_description/share/mower_description/environment/pythonpath.dsv
[2.515s] -- Up-to-date symlink: /home/q/Algorithm_research/DWA_ws/install/mower_description/local/lib/python3.10/dist-packages/mower_description-0.0.0-py3.10.egg-info/PKG-INFO
[2.515s] -- Up-to-date symlink: /home/q/Algorithm_research/DWA_ws/install/mower_description/local/lib/python3.10/dist-packages/mower_description-0.0.0-py3.10.egg-info/SOURCES.txt
[2.516s] -- Up-to-date symlink: /home/q/Algorithm_research/DWA_ws/install/mower_description/local/lib/python3.10/dist-packages/mower_description-0.0.0-py3.10.egg-info/dependency_links.txt
[2.516s] -- Up-to-date symlink: /home/q/Algorithm_research/DWA_ws/install/mower_description/local/lib/python3.10/dist-packages/mower_description-0.0.0-py3.10.egg-info/top_level.txt
[2.517s] -- Up-to-date symlink: /home/q/Algorithm_research/DWA_ws/install/mower_description/local/lib/python3.10/dist-packages/mower_description/__init__.py
[2.517s] -- Up-to-date symlink: /home/q/Algorithm_research/DWA_ws/install/mower_description/local/lib/python3.10/dist-packages/mower_description/_mower_description_s.ep.rosidl_typesupport_c.c
[2.517s] -- Up-to-date symlink: /home/q/Algorithm_research/DWA_ws/install/mower_description/local/lib/python3.10/dist-packages/mower_description/_mower_description_s.ep.rosidl_typesupport_fastrtps_c.c
[2.518s] -- Up-to-date symlink: /home/q/Algorithm_research/DWA_ws/install/mower_description/local/lib/python3.10/dist-packages/mower_description/_mower_description_s.ep.rosidl_typesupport_introspection_c.c
[2.518s] -- Up-to-date symlink: /home/q/Algorithm_research/DWA_ws/install/mower_description/local/lib/python3.10/dist-packages/mower_description/libmower_description__rosidl_generator_py.so
[2.519s] -- Up-to-date symlink: /home/q/Algorithm_research/DWA_ws/install/mower_description/local/lib/python3.10/dist-packages/mower_description/mower_description_s__rosidl_typesupport_c.cpython-310-x86_64-linux-gnu.so
[2.519s] -- Up-to-date symlink: /home/q/Algorithm_research/DWA_ws/install/mower_description/local/lib/python3.10/dist-packages/mower_description/mower_description_s__rosidl_typesupport_fastrtps_c.cpython-310-x86_64-linux-gnu.so
[2.520s] -- Up-to-date symlink: /home/q/Algorithm_research/DWA_ws/install/mower_description/local/lib/python3.10/dist-packages/mower_description/mower_description_s__rosidl_typesupport_introspection_c.cpython-310-x86_64-linux-gnu.so
[2.520s] -- Up-to-date symlink: /home/q/Algorithm_research/DWA_ws/install/mower_description/local/lib/python3.10/dist-packages/mower_description/srv/__init__.py
[2.520s] -- Up-to-date symlink: /home/q/Algorithm_research/DWA_ws/install/mower_description/local/lib/python3.10/dist-packages/mower_description/srv/_cutting_motor_control.py
[2.521s] -- Up-to-date symlink: /home/q/Algorithm_research/DWA_ws/install/mower_description/local/lib/python3.10/dist-packages/mower_description/srv/_cutting_motor_control_s.c
[2.521s] -- Up-to-date symlink: /home/q/Algorithm_research/DWA_ws/install/mower_description/local/lib/python3.10/dist-packages/mower_description/mower_description_s__rosidl_typesupport_fastrtps_c.cpython-310-x86_64-linux-gnu.so
[2.522s] -- Up-to-date symlink: /home/q/Algorithm_research/DWA_ws/install/mower_description/local/lib/python3.10/dist-packages/mower_description/mower_description_s__rosidl_typesupport_introspection_c.cpython-310-x86_64-linux-gnu.so
[2.522s] -- Up-to-date symlink: /home/q/Algorithm_research/DWA_ws/install/mower_description/local/lib/python3.10/dist-packages/mower_description/mower_description_s__rosidl_typesupport_c.cpython-310-x86_64-linux-gnu.so
[2.522s] -- Up-to-date symlink: /home/q/Algorithm_research/DWA_ws/install/mower_description/share/ament_index/resource_index/rust_packages/mower_description
[2.523s] -- Up-to-date symlink: /home/q/Algorithm_research/DWA_ws/install/mower_description/share/mower_description/rust/Cargo.toml
[2.523s] -- Up-to-date symlink: /home/q/Algorithm_research/DWA_ws/install/mower_description/share/mower_description/rust/build.rs
[2.524s] -- Up-to-date symlink: /home/q/Algorithm_research/DWA_ws/install/mower_description/share/mower_description/rust/src/lib.rs
[2.524s] -- Up-to-date symlink: /home/q/Algorithm_research/DWA_ws/install/mower_description/share/mower_description/rust/src/srv.rs
[2.524s] -- Up-to-date symlink: /home/q/Algorithm_research/DWA_ws/install/mower_description/share/mower_description/rust/src/srv/rmw.rs
[2.525s] -- Up-to-date symlink: /home/q/Algorithm_research/DWA_ws/install/mower_description/share/mower_description/srv/CuttingMotorControl.idl
[2.525s] -- Up-to-date symlink: /home/q/Algorithm_research/DWA_ws/install/mower_description/share/mower_description/srv/CuttingMotorControl.srv
[2.525s] -- Up-to-date symlink: /home/q/Algorithm_research/DWA_ws/install/mower_description/share/mower_description/srv/CuttingMotorControl_Request.msg
[2.526s] -- Up-to-date symlink: /home/q/Algorithm_research/DWA_ws/install/mower_description/share/mower_description/srv/CuttingMotorControl_Response.msg
[2.526s] -- Up-to-date symlink: /home/q/Algorithm_research/DWA_ws/install/mower_description/lib/mower_description/cutting_motor_controller.py
[2.526s] -- Up-to-date symlink: /home/q/Algorithm_research/DWA_ws/install/mower_description/lib/mower_description/gear_marker_publisher.py
[2.527s] -- Up-to-date symlink: /home/q/Algorithm_research/DWA_ws/install/mower_description/share/mower_description/launch/mower_gazebo.launch.py
[2.527s] -- Up-to-date symlink: /home/q/Algorithm_research/DWA_ws/install/mower_description/share/mower_description/urdf/mower.urdf
[2.527s] -- Up-to-date symlink: /home/q/Algorithm_research/DWA_ws/install/mower_description/share/mower_description/worlds/mower_world.world
[2.528s] -- Up-to-date symlink: /home/q/Algorithm_research/DWA_ws/install/mower_description/share/mower_description/worlds/room_world.world
[2.528s] -- Up-to-date symlink: /home/q/Algorithm_research/DWA_ws/install/mower_description/share/mower_description/worlds/room_world_open.world
[2.528s] -- Up-to-date symlink: /home/q/Algorithm_research/DWA_ws/install/mower_description/share/mower_description/config/rviz/mower_gazebo.rviz
[2.529s] -- Up-to-date symlink: /home/q/Algorithm_research/DWA_ws/install/mower_description/share/ament_index/resource_index/package_run_dependencies/mower_description
[2.529s] -- Up-to-date symlink: /home/q/Algorithm_research/DWA_ws/install/mower_description/share/ament_index/resource_index/parent_prefix_path/mower_description
[2.530s] -- Up-to-date symlink: /home/q/Algorithm_research/DWA_ws/install/mower_description/share/mower_description/environment/ament_prefix_path.sh
[2.530s] -- Up-to-date symlink: /home/q/Algorithm_research/DWA_ws/install/mower_description/share/mower_description/environment/ament_prefix_path.dsv
[2.530s] -- Up-to-date symlink: /home/q/Algorithm_research/DWA_ws/install/mower_description/share/mower_description/environment/path.sh
[2.531s] -- Up-to-date symlink: /home/q/Algorithm_research/DWA_ws/install/mower_description/share/mower_description/environment/path.dsv
[2.531s] -- Up-to-date symlink: /home/q/Algorithm_research/DWA_ws/install/mower_description/share/mower_description/local_setup.bash
[2.531s] -- Up-to-date symlink: /home/q/Algorithm_research/DWA_ws/install/mower_description/share/mower_description/local_setup.sh
[2.532s] -- Up-to-date symlink: /home/q/Algorithm_research/DWA_ws/install/mower_description/share/mower_description/local_setup.zsh
[2.532s] -- Up-to-date symlink: /home/q/Algorithm_research/DWA_ws/install/mower_description/share/mower_description/local_setup.dsv
[2.533s] -- Symlinking: /home/q/Algorithm_research/DWA_ws/install/mower_description/share/mower_description/package.dsv
[2.542s] -- Up-to-date symlink: /home/q/Algorithm_research/DWA_ws/install/mower_description/share/ament_index/resource_index/packages/mower_description
[2.543s] -- Up-to-date symlink: /home/q/Algorithm_research/DWA_ws/install/mower_description/share/mower_description/cmake/rosidl_cmake-extras.cmake
[2.543s] -- Up-to-date symlink: /home/q/Algorithm_research/DWA_ws/install/mower_description/share/mower_description/cmake/ament_cmake_export_dependencies-extras.cmake
[2.543s] -- Up-to-date symlink: /home/q/Algorithm_research/DWA_ws/install/mower_description/share/mower_description/cmake/ament_cmake_export_include_directories-extras.cmake
[2.544s] -- Up-to-date symlink: /home/q/Algorithm_research/DWA_ws/install/mower_description/share/mower_description/cmake/ament_cmake_export_libraries-extras.cmake
[2.544s] -- Up-to-date symlink: /home/q/Algorithm_research/DWA_ws/install/mower_description/share/mower_description/cmake/ament_cmake_export_targets-extras.cmake
[2.544s] -- Up-to-date symlink: /home/q/Algorithm_research/DWA_ws/install/mower_description/share/mower_description/cmake/rosidl_cmake_export_typesupport_targets-extras.cmake
[2.545s] -- Up-to-date symlink: /home/q/Algorithm_research/DWA_ws/install/mower_description/share/mower_description/cmake/rosidl_cmake_export_typesupport_libraries-extras.cmake
[2.545s] -- Up-to-date symlink: /home/q/Algorithm_research/DWA_ws/install/mower_description/share/mower_description/cmake/mower_descriptionConfig.cmake
[2.545s] -- Up-to-date symlink: /home/q/Algorithm_research/DWA_ws/install/mower_description/share/mower_description/cmake/mower_descriptionConfig-version.cmake
[2.546s] -- Up-to-date symlink: /home/q/Algorithm_research/DWA_ws/install/mower_description/share/mower_description/package.xml
[2.546s] -- Up-to-date: /home/q/Algorithm_research/DWA_ws/install/mower_description/lib/libmower_description__rosidl_generator_c.so
[2.546s] -- Up-to-date: /home/q/Algorithm_research/DWA_ws/install/mower_description/lib/libmower_description__rosidl_typesupport_fastrtps_c.so
[2.547s] -- Up-to-date: /home/q/Algorithm_research/DWA_ws/install/mower_description/lib/libmower_description__rosidl_typesupport_fastrtps_cpp.so
[2.547s] -- Up-to-date: /home/q/Algorithm_research/DWA_ws/install/mower_description/lib/libmower_description__rosidl_typesupport_introspection_c.so
[2.547s] -- Up-to-date: /home/q/Algorithm_research/DWA_ws/install/mower_description/lib/libmower_description__rosidl_typesupport_c.so
[2.548s] -- Up-to-date: /home/q/Algorithm_research/DWA_ws/install/mower_description/lib/libmower_description__rosidl_typesupport_introspection_cpp.so
[2.548s] -- Up-to-date: /home/q/Algorithm_research/DWA_ws/install/mower_description/lib/libmower_description__rosidl_typesupport_cpp.so
[2.576s] Listing '/home/q/Algorithm_research/DWA_ws/install/mower_description/local/lib/python3.10/dist-packages/mower_description'...
[2.576s] Compiling '/home/q/Algorithm_research/DWA_ws/install/mower_description/local/lib/python3.10/dist-packages/mower_description/__init__.py'...
[2.576s] Listing '/home/q/Algorithm_research/DWA_ws/install/mower_description/local/lib/python3.10/dist-packages/mower_description/srv'...
[2.580s] -- Up-to-date: /home/q/Algorithm_research/DWA_ws/install/mower_description/lib/libmower_description__rosidl_generator_py.so
[2.580s] -- Up-to-date: /home/q/Algorithm_research/DWA_ws/install/mower_description/share/mower_description/cmake/export_mower_description__rosidl_generator_cExport.cmake
[2.580s] -- Up-to-date: /home/q/Algorithm_research/DWA_ws/install/mower_description/share/mower_description/cmake/export_mower_description__rosidl_generator_cExport-noconfig.cmake
[2.580s] -- Up-to-date: /home/q/Algorithm_research/DWA_ws/install/mower_description/share/mower_description/cmake/export_mower_description__rosidl_typesupport_fastrtps_cExport.cmake
[2.580s] -- Up-to-date: /home/q/Algorithm_research/DWA_ws/install/mower_description/share/mower_description/cmake/export_mower_description__rosidl_typesupport_fastrtps_cExport-noconfig.cmake
[2.580s] -- Up-to-date: /home/q/Algorithm_research/DWA_ws/install/mower_description/share/mower_description/cmake/export_mower_description__rosidl_generator_cppExport.cmake
[2.580s] -- Up-to-date: /home/q/Algorithm_research/DWA_ws/install/mower_description/share/mower_description/cmake/export_mower_description__rosidl_typesupport_fastrtps_cppExport.cmake
[2.580s] -- Up-to-date: /home/q/Algorithm_research/DWA_ws/install/mower_description/share/mower_description/cmake/export_mower_description__rosidl_typesupport_fastrtps_cppExport-noconfig.cmake
[2.580s] -- Up-to-date: /home/q/Algorithm_research/DWA_ws/install/mower_description/share/mower_description/cmake/mower_description__rosidl_typesupport_introspection_cExport.cmake
[2.581s] -- Up-to-date: /home/q/Algorithm_research/DWA_ws/install/mower_description/share/mower_description/cmake/mower_description__rosidl_typesupport_introspection_cExport-noconfig.cmake
[2.581s] -- Up-to-date: /home/q/Algorithm_research/DWA_ws/install/mower_description/share/mower_description/cmake/mower_description__rosidl_typesupport_cExport.cmake
[2.581s] -- Up-to-date: /home/q/Algorithm_research/DWA_ws/install/mower_description/share/mower_description/cmake/mower_description__rosidl_typesupport_cExport-noconfig.cmake
[2.581s] -- Up-to-date: /home/q/Algorithm_research/DWA_ws/install/mower_description/share/mower_description/cmake/mower_description__rosidl_typesupport_introspection_cppExport.cmake
[2.581s] -- Up-to-date: /home/q/Algorithm_research/DWA_ws/install/mower_description/share/mower_description/cmake/mower_description__rosidl_typesupport_introspection_cppExport-noconfig.cmake
[2.581s] -- Up-to-date: /home/q/Algorithm_research/DWA_ws/install/mower_description/share/mower_description/cmake/mower_description__rosidl_typesupport_cppExport.cmake
[2.581s] -- Up-to-date: /home/q/Algorithm_research/DWA_ws/install/mower_description/share/mower_description/cmake/mower_description__rosidl_typesupport_cppExport-noconfig.cmake
[2.581s] -- Up-to-date: /home/q/Algorithm_research/DWA_ws/install/mower_description/share/mower_description/cmake/export_mower_description__rosidl_generator_pyExport.cmake
[2.581s] -- Up-to-date: /home/q/Algorithm_research/DWA_ws/install/mower_description/share/mower_description/cmake/export_mower_description__rosidl_generator_pyExport-noconfig.cmake
[2.583s] Invoked command in '/home/q/Algorithm_research/DWA_ws/build/mower_description' returned '0': CMAKE_PREFIX_PATH=${CMAKE_PREFIX_PATH}:/home/q/Algorithm_research/DWA_ws/install/mower_dwa_local_planner:/home/q/Algorithm_research/DWA_ws/install/mower_slam:/home/q/Algorithm_research/DWA_ws/install/mower_algo_validation:/opt/ros/humble /usr/bin/cmake --install /home/q/Algorithm_research/DWA_ws/build/mower_description
