[0.012s] Invoking command in '/home/q/Algorithm_research/DWA_ws/build/mower_description': CMAKE_PREFIX_PATH=/opt/ros/humble /usr/bin/cmake --build /home/q/Algorithm_research/DWA_ws/build/mower_description -- -j24 -l24
[0.073s] Consolidate compiler generated dependencies of target mower_description__rosidl_generator_c
[0.085s] [  3%] Built target mower_description__rs
[0.085s] [ 12%] Built target mower_description__rosidl_generator_c
[0.087s] [ 15%] Built target mower_description__cpp
[0.094s] [ 15%] Built target ament_cmake_python_symlink_mower_description
[0.101s] Consolidate compiler generated dependencies of target mower_description__rosidl_typesupport_fastrtps_c
[0.102s] Consolidate compiler generated dependencies of target mower_description__rosidl_typesupport_introspection_c
[0.103s] Consolidate compiler generated dependencies of target mower_description__rosidl_typesupport_cpp
[0.103s] Consolidate compiler generated dependencies of target mower_description__rosidl_typesupport_introspection_cpp
[0.104s] Consolidate compiler generated dependencies of target mower_description__rosidl_typesupport_c
[0.108s] Consolidate compiler generated dependencies of target mower_description__rosidl_typesupport_fastrtps_cpp
[0.120s] [ 31%] Built target mower_description__rosidl_typesupport_introspection_c
[0.120s] [ 34%] Built target mower_description__rosidl_typesupport_introspection_cpp
[0.121s] [ 53%] Built target mower_description__rosidl_typesupport_fastrtps_c
[0.121s] [ 53%] Built target mower_description__rosidl_typesupport_cpp
[0.121s] [ 62%] Built target mower_description__rosidl_typesupport_c
[0.127s] [ 71%] Built target mower_description__rosidl_typesupport_fastrtps_cpp
[0.155s] [ 71%] Built target mower_description
[0.180s] [ 75%] Built target mower_description__py
[0.196s] Consolidate compiler generated dependencies of target mower_description__rosidl_generator_py
[0.214s] [ 81%] Built target mower_description__rosidl_generator_py
[0.230s] Consolidate compiler generated dependencies of target mower_description__rosidl_typesupport_fastrtps_c__pyext
[0.231s] Consolidate compiler generated dependencies of target mower_description__rosidl_typesupport_introspection_c__pyext
[0.231s] Consolidate compiler generated dependencies of target mower_description__rosidl_typesupport_c__pyext
[0.244s] [ 87%] Built target mower_description__rosidl_typesupport_introspection_c__pyext
[0.244s] [ 93%] Built target mower_description__rosidl_typesupport_fastrtps_c__pyext
[0.244s] [100%] Built target mower_description__rosidl_typesupport_c__pyext
[0.333s] running egg_info
[0.334s] writing mower_description.egg-info/PKG-INFO
[0.334s] writing dependency_links to mower_description.egg-info/dependency_links.txt
[0.334s] writing top-level names to mower_description.egg-info/top_level.txt
[0.336s] reading manifest file 'mower_description.egg-info/SOURCES.txt'
[0.336s] writing manifest file 'mower_description.egg-info/SOURCES.txt'
[0.359s] [100%] Built target ament_cmake_python_build_mower_description_egg
[0.371s] Invoked command in '/home/q/Algorithm_research/DWA_ws/build/mower_description' returned '0': CMAKE_PREFIX_PATH=/opt/ros/humble /usr/bin/cmake --build /home/q/Algorithm_research/DWA_ws/build/mower_description -- -j24 -l24
[0.382s] Invoking command in '/home/q/Algorithm_research/DWA_ws/build/mower_description': CMAKE_PREFIX_PATH=/opt/ros/humble /usr/bin/cmake --install /home/q/Algorithm_research/DWA_ws/build/mower_description
[0.391s] -- Install configuration: ""
[0.392s] -- Execute custom install script
[0.392s] -- Up-to-date symlink: /home/q/Algorithm_research/DWA_ws/install/mower_description/share/ament_index/resource_index/rosidl_interfaces/mower_description
[0.392s] -- Up-to-date symlink: /home/q/Algorithm_research/DWA_ws/install/mower_description/include/mower_description/mower_description/msg/rosidl_generator_c__visibility_control.h
[0.393s] -- Up-to-date symlink: /home/q/Algorithm_research/DWA_ws/install/mower_description/include/mower_description/mower_description/srv/cutting_motor_control.h
[0.394s] -- Up-to-date symlink: /home/q/Algorithm_research/DWA_ws/install/mower_description/include/mower_description/mower_description/srv/detail/cutting_motor_control__functions.h
[0.394s] -- Up-to-date symlink: /home/q/Algorithm_research/DWA_ws/install/mower_description/include/mower_description/mower_description/srv/detail/cutting_motor_control__struct.h
[0.394s] -- Up-to-date symlink: /home/q/Algorithm_research/DWA_ws/install/mower_description/include/mower_description/mower_description/srv/detail/cutting_motor_control__type_support.h
[0.395s] -- Up-to-date symlink: /home/q/Algorithm_research/DWA_ws/install/mower_description/share/mower_description/environment/library_path.sh
[0.395s] -- Up-to-date symlink: /home/q/Algorithm_research/DWA_ws/install/mower_description/share/mower_description/environment/library_path.dsv
[0.396s] -- Up-to-date symlink: /home/q/Algorithm_research/DWA_ws/install/mower_description/include/mower_description/mower_description/msg/rosidl_typesupport_fastrtps_c__visibility_control.h
[0.396s] -- Up-to-date symlink: /home/q/Algorithm_research/DWA_ws/install/mower_description/include/mower_description/mower_description/srv/detail/cutting_motor_control__rosidl_typesupport_fastrtps_c.h
[0.397s] -- Up-to-date symlink: /home/q/Algorithm_research/DWA_ws/install/mower_description/include/mower_description/mower_description/msg/rosidl_generator_cpp__visibility_control.hpp
[0.397s] -- Up-to-date symlink: /home/q/Algorithm_research/DWA_ws/install/mower_description/include/mower_description/mower_description/srv/cutting_motor_control.hpp
[0.398s] -- Up-to-date symlink: /home/q/Algorithm_research/DWA_ws/install/mower_description/include/mower_description/mower_description/srv/detail/cutting_motor_control__builder.hpp
[0.398s] -- Up-to-date symlink: /home/q/Algorithm_research/DWA_ws/install/mower_description/include/mower_description/mower_description/srv/detail/cutting_motor_control__struct.hpp
[0.398s] -- Up-to-date symlink: /home/q/Algorithm_research/DWA_ws/install/mower_description/include/mower_description/mower_description/srv/detail/cutting_motor_control__traits.hpp
[0.399s] -- Up-to-date symlink: /home/q/Algorithm_research/DWA_ws/install/mower_description/include/mower_description/mower_description/srv/detail/cutting_motor_control__type_support.hpp
[0.399s] -- Up-to-date symlink: /home/q/Algorithm_research/DWA_ws/install/mower_description/include/mower_description/mower_description/msg/rosidl_typesupport_fastrtps_cpp__visibility_control.h
[0.399s] -- Up-to-date symlink: /home/q/Algorithm_research/DWA_ws/install/mower_description/include/mower_description/mower_description/srv/detail/cutting_motor_control__rosidl_typesupport_fastrtps_cpp.hpp
[0.400s] -- Up-to-date symlink: /home/q/Algorithm_research/DWA_ws/install/mower_description/include/mower_description/mower_description/msg/rosidl_typesupport_introspection_c__visibility_control.h
[0.401s] -- Up-to-date symlink: /home/q/Algorithm_research/DWA_ws/install/mower_description/include/mower_description/mower_description/srv/detail/cutting_motor_control__rosidl_typesupport_introspection_c.h
[0.401s] -- Up-to-date symlink: /home/q/Algorithm_research/DWA_ws/install/mower_description/include/mower_description/mower_description/srv/detail/cutting_motor_control__rosidl_typesupport_introspection_cpp.hpp
[0.401s] -- Up-to-date symlink: /home/q/Algorithm_research/DWA_ws/install/mower_description/share/mower_description/environment/pythonpath.sh
[0.402s] -- Up-to-date symlink: /home/q/Algorithm_research/DWA_ws/install/mower_description/share/mower_description/environment/pythonpath.dsv
[0.402s] -- Up-to-date symlink: /home/q/Algorithm_research/DWA_ws/install/mower_description/local/lib/python3.10/dist-packages/mower_description-0.0.0-py3.10.egg-info/PKG-INFO
[0.403s] -- Up-to-date symlink: /home/q/Algorithm_research/DWA_ws/install/mower_description/local/lib/python3.10/dist-packages/mower_description-0.0.0-py3.10.egg-info/SOURCES.txt
[0.403s] -- Up-to-date symlink: /home/q/Algorithm_research/DWA_ws/install/mower_description/local/lib/python3.10/dist-packages/mower_description-0.0.0-py3.10.egg-info/dependency_links.txt
[0.403s] -- Up-to-date symlink: /home/q/Algorithm_research/DWA_ws/install/mower_description/local/lib/python3.10/dist-packages/mower_description-0.0.0-py3.10.egg-info/top_level.txt
[0.404s] -- Up-to-date symlink: /home/q/Algorithm_research/DWA_ws/install/mower_description/local/lib/python3.10/dist-packages/mower_description/__init__.py
[0.404s] -- Up-to-date symlink: /home/q/Algorithm_research/DWA_ws/install/mower_description/local/lib/python3.10/dist-packages/mower_description/_mower_description_s.ep.rosidl_typesupport_c.c
[0.405s] -- Up-to-date symlink: /home/q/Algorithm_research/DWA_ws/install/mower_description/local/lib/python3.10/dist-packages/mower_description/_mower_description_s.ep.rosidl_typesupport_fastrtps_c.c
[0.405s] -- Up-to-date symlink: /home/q/Algorithm_research/DWA_ws/install/mower_description/local/lib/python3.10/dist-packages/mower_description/_mower_description_s.ep.rosidl_typesupport_introspection_c.c
[0.406s] -- Up-to-date symlink: /home/q/Algorithm_research/DWA_ws/install/mower_description/local/lib/python3.10/dist-packages/mower_description/libmower_description__rosidl_generator_py.so
[0.406s] -- Up-to-date symlink: /home/q/Algorithm_research/DWA_ws/install/mower_description/local/lib/python3.10/dist-packages/mower_description/mower_description_s__rosidl_typesupport_c.cpython-310-x86_64-linux-gnu.so
[0.407s] -- Up-to-date symlink: /home/q/Algorithm_research/DWA_ws/install/mower_description/local/lib/python3.10/dist-packages/mower_description/mower_description_s__rosidl_typesupport_fastrtps_c.cpython-310-x86_64-linux-gnu.so
[0.407s] -- Up-to-date symlink: /home/q/Algorithm_research/DWA_ws/install/mower_description/local/lib/python3.10/dist-packages/mower_description/mower_description_s__rosidl_typesupport_introspection_c.cpython-310-x86_64-linux-gnu.so
[0.408s] -- Up-to-date symlink: /home/q/Algorithm_research/DWA_ws/install/mower_description/local/lib/python3.10/dist-packages/mower_description/srv/__init__.py
[0.408s] -- Up-to-date symlink: /home/q/Algorithm_research/DWA_ws/install/mower_description/local/lib/python3.10/dist-packages/mower_description/srv/_cutting_motor_control.py
[0.409s] -- Up-to-date symlink: /home/q/Algorithm_research/DWA_ws/install/mower_description/local/lib/python3.10/dist-packages/mower_description/srv/_cutting_motor_control_s.c
[0.409s] -- Up-to-date symlink: /home/q/Algorithm_research/DWA_ws/install/mower_description/local/lib/python3.10/dist-packages/mower_description/mower_description_s__rosidl_typesupport_fastrtps_c.cpython-310-x86_64-linux-gnu.so
[0.409s] -- Up-to-date symlink: /home/q/Algorithm_research/DWA_ws/install/mower_description/local/lib/python3.10/dist-packages/mower_description/mower_description_s__rosidl_typesupport_introspection_c.cpython-310-x86_64-linux-gnu.so
[0.410s] -- Up-to-date symlink: /home/q/Algorithm_research/DWA_ws/install/mower_description/local/lib/python3.10/dist-packages/mower_description/mower_description_s__rosidl_typesupport_c.cpython-310-x86_64-linux-gnu.so
[0.410s] -- Up-to-date symlink: /home/q/Algorithm_research/DWA_ws/install/mower_description/share/ament_index/resource_index/rust_packages/mower_description
[0.411s] -- Up-to-date symlink: /home/q/Algorithm_research/DWA_ws/install/mower_description/share/mower_description/rust/Cargo.toml
[0.411s] -- Up-to-date symlink: /home/q/Algorithm_research/DWA_ws/install/mower_description/share/mower_description/rust/build.rs
[0.411s] -- Up-to-date symlink: /home/q/Algorithm_research/DWA_ws/install/mower_description/share/mower_description/rust/src/lib.rs
[0.412s] -- Up-to-date symlink: /home/q/Algorithm_research/DWA_ws/install/mower_description/share/mower_description/rust/src/srv.rs
[0.412s] -- Up-to-date symlink: /home/q/Algorithm_research/DWA_ws/install/mower_description/share/mower_description/rust/src/srv/rmw.rs
[0.413s] -- Up-to-date symlink: /home/q/Algorithm_research/DWA_ws/install/mower_description/share/mower_description/srv/CuttingMotorControl.idl
[0.413s] -- Up-to-date symlink: /home/q/Algorithm_research/DWA_ws/install/mower_description/share/mower_description/srv/CuttingMotorControl.srv
[0.414s] -- Up-to-date symlink: /home/q/Algorithm_research/DWA_ws/install/mower_description/share/mower_description/srv/CuttingMotorControl_Request.msg
[0.414s] -- Up-to-date symlink: /home/q/Algorithm_research/DWA_ws/install/mower_description/share/mower_description/srv/CuttingMotorControl_Response.msg
[0.415s] -- Up-to-date symlink: /home/q/Algorithm_research/DWA_ws/install/mower_description/lib/mower_description/cutting_motor_controller.py
[0.415s] -- Up-to-date symlink: /home/q/Algorithm_research/DWA_ws/install/mower_description/lib/mower_description/gear_marker_publisher.py
[0.416s] -- Up-to-date symlink: /home/q/Algorithm_research/DWA_ws/install/mower_description/share/mower_description/launch/mower_gazebo.launch.py
[0.416s] -- Up-to-date symlink: /home/q/Algorithm_research/DWA_ws/install/mower_description/share/mower_description/urdf/mower.urdf
[0.417s] -- Up-to-date symlink: /home/q/Algorithm_research/DWA_ws/install/mower_description/share/mower_description/worlds/mower_world.world
[0.417s] -- Up-to-date symlink: /home/q/Algorithm_research/DWA_ws/install/mower_description/share/mower_description/worlds/room_world.world
[0.418s] -- Up-to-date symlink: /home/q/Algorithm_research/DWA_ws/install/mower_description/share/mower_description/worlds/room_world_open.world
[0.418s] -- Up-to-date symlink: /home/q/Algorithm_research/DWA_ws/install/mower_description/share/mower_description/config/rviz/mower_gazebo.rviz
[0.419s] -- Up-to-date symlink: /home/q/Algorithm_research/DWA_ws/install/mower_description/share/ament_index/resource_index/package_run_dependencies/mower_description
[0.419s] -- Up-to-date symlink: /home/q/Algorithm_research/DWA_ws/install/mower_description/share/ament_index/resource_index/parent_prefix_path/mower_description
[0.420s] -- Up-to-date symlink: /home/q/Algorithm_research/DWA_ws/install/mower_description/share/mower_description/environment/ament_prefix_path.sh
[0.420s] -- Up-to-date symlink: /home/q/Algorithm_research/DWA_ws/install/mower_description/share/mower_description/environment/ament_prefix_path.dsv
[0.421s] -- Up-to-date symlink: /home/q/Algorithm_research/DWA_ws/install/mower_description/share/mower_description/environment/path.sh
[0.421s] -- Up-to-date symlink: /home/q/Algorithm_research/DWA_ws/install/mower_description/share/mower_description/environment/path.dsv
[0.422s] -- Up-to-date symlink: /home/q/Algorithm_research/DWA_ws/install/mower_description/share/mower_description/local_setup.bash
[0.422s] -- Up-to-date symlink: /home/q/Algorithm_research/DWA_ws/install/mower_description/share/mower_description/local_setup.sh
[0.422s] -- Up-to-date symlink: /home/q/Algorithm_research/DWA_ws/install/mower_description/share/mower_description/local_setup.zsh
[0.423s] -- Up-to-date symlink: /home/q/Algorithm_research/DWA_ws/install/mower_description/share/mower_description/local_setup.dsv
[0.423s] -- Symlinking: /home/q/Algorithm_research/DWA_ws/install/mower_description/share/mower_description/package.dsv
[0.433s] -- Up-to-date symlink: /home/q/Algorithm_research/DWA_ws/install/mower_description/share/ament_index/resource_index/packages/mower_description
[0.433s] -- Up-to-date symlink: /home/q/Algorithm_research/DWA_ws/install/mower_description/share/mower_description/cmake/rosidl_cmake-extras.cmake
[0.434s] -- Up-to-date symlink: /home/q/Algorithm_research/DWA_ws/install/mower_description/share/mower_description/cmake/ament_cmake_export_dependencies-extras.cmake
[0.434s] -- Up-to-date symlink: /home/q/Algorithm_research/DWA_ws/install/mower_description/share/mower_description/cmake/ament_cmake_export_include_directories-extras.cmake
[0.435s] -- Up-to-date symlink: /home/q/Algorithm_research/DWA_ws/install/mower_description/share/mower_description/cmake/ament_cmake_export_libraries-extras.cmake
[0.435s] -- Up-to-date symlink: /home/q/Algorithm_research/DWA_ws/install/mower_description/share/mower_description/cmake/ament_cmake_export_targets-extras.cmake
[0.435s] -- Up-to-date symlink: /home/q/Algorithm_research/DWA_ws/install/mower_description/share/mower_description/cmake/rosidl_cmake_export_typesupport_targets-extras.cmake
[0.436s] -- Up-to-date symlink: /home/q/Algorithm_research/DWA_ws/install/mower_description/share/mower_description/cmake/rosidl_cmake_export_typesupport_libraries-extras.cmake
[0.436s] -- Up-to-date symlink: /home/q/Algorithm_research/DWA_ws/install/mower_description/share/mower_description/cmake/mower_descriptionConfig.cmake
[0.437s] -- Up-to-date symlink: /home/q/Algorithm_research/DWA_ws/install/mower_description/share/mower_description/cmake/mower_descriptionConfig-version.cmake
[0.437s] -- Up-to-date symlink: /home/q/Algorithm_research/DWA_ws/install/mower_description/share/mower_description/package.xml
[0.437s] -- Up-to-date: /home/q/Algorithm_research/DWA_ws/install/mower_description/lib/libmower_description__rosidl_generator_c.so
[0.438s] -- Up-to-date: /home/q/Algorithm_research/DWA_ws/install/mower_description/lib/libmower_description__rosidl_typesupport_fastrtps_c.so
[0.438s] -- Up-to-date: /home/q/Algorithm_research/DWA_ws/install/mower_description/lib/libmower_description__rosidl_typesupport_fastrtps_cpp.so
[0.438s] -- Up-to-date: /home/q/Algorithm_research/DWA_ws/install/mower_description/lib/libmower_description__rosidl_typesupport_introspection_c.so
[0.439s] -- Up-to-date: /home/q/Algorithm_research/DWA_ws/install/mower_description/lib/libmower_description__rosidl_typesupport_c.so
[0.439s] -- Up-to-date: /home/q/Algorithm_research/DWA_ws/install/mower_description/lib/libmower_description__rosidl_typesupport_introspection_cpp.so
[0.439s] -- Up-to-date: /home/q/Algorithm_research/DWA_ws/install/mower_description/lib/libmower_description__rosidl_typesupport_cpp.so
[0.468s] Listing '/home/q/Algorithm_research/DWA_ws/install/mower_description/local/lib/python3.10/dist-packages/mower_description'...
[0.468s] Listing '/home/q/Algorithm_research/DWA_ws/install/mower_description/local/lib/python3.10/dist-packages/mower_description/srv'...
[0.471s] -- Up-to-date: /home/q/Algorithm_research/DWA_ws/install/mower_description/lib/libmower_description__rosidl_generator_py.so
[0.472s] -- Up-to-date: /home/q/Algorithm_research/DWA_ws/install/mower_description/share/mower_description/cmake/export_mower_description__rosidl_generator_cExport.cmake
[0.472s] -- Up-to-date: /home/q/Algorithm_research/DWA_ws/install/mower_description/share/mower_description/cmake/export_mower_description__rosidl_generator_cExport-noconfig.cmake
[0.472s] -- Up-to-date: /home/q/Algorithm_research/DWA_ws/install/mower_description/share/mower_description/cmake/export_mower_description__rosidl_typesupport_fastrtps_cExport.cmake
[0.472s] -- Up-to-date: /home/q/Algorithm_research/DWA_ws/install/mower_description/share/mower_description/cmake/export_mower_description__rosidl_typesupport_fastrtps_cExport-noconfig.cmake
[0.472s] -- Up-to-date: /home/q/Algorithm_research/DWA_ws/install/mower_description/share/mower_description/cmake/export_mower_description__rosidl_generator_cppExport.cmake
[0.472s] -- Up-to-date: /home/q/Algorithm_research/DWA_ws/install/mower_description/share/mower_description/cmake/export_mower_description__rosidl_typesupport_fastrtps_cppExport.cmake
[0.472s] -- Up-to-date: /home/q/Algorithm_research/DWA_ws/install/mower_description/share/mower_description/cmake/export_mower_description__rosidl_typesupport_fastrtps_cppExport-noconfig.cmake
[0.473s] -- Up-to-date: /home/q/Algorithm_research/DWA_ws/install/mower_description/share/mower_description/cmake/mower_description__rosidl_typesupport_introspection_cExport.cmake
[0.473s] -- Up-to-date: /home/q/Algorithm_research/DWA_ws/install/mower_description/share/mower_description/cmake/mower_description__rosidl_typesupport_introspection_cExport-noconfig.cmake
[0.473s] -- Up-to-date: /home/q/Algorithm_research/DWA_ws/install/mower_description/share/mower_description/cmake/mower_description__rosidl_typesupport_cExport.cmake
[0.473s] -- Up-to-date: /home/q/Algorithm_research/DWA_ws/install/mower_description/share/mower_description/cmake/mower_description__rosidl_typesupport_cExport-noconfig.cmake
[0.473s] -- Up-to-date: /home/q/Algorithm_research/DWA_ws/install/mower_description/share/mower_description/cmake/mower_description__rosidl_typesupport_introspection_cppExport.cmake
[0.473s] -- Up-to-date: /home/q/Algorithm_research/DWA_ws/install/mower_description/share/mower_description/cmake/mower_description__rosidl_typesupport_introspection_cppExport-noconfig.cmake
[0.473s] -- Up-to-date: /home/q/Algorithm_research/DWA_ws/install/mower_description/share/mower_description/cmake/mower_description__rosidl_typesupport_cppExport.cmake
[0.473s] -- Up-to-date: /home/q/Algorithm_research/DWA_ws/install/mower_description/share/mower_description/cmake/mower_description__rosidl_typesupport_cppExport-noconfig.cmake
[0.473s] -- Up-to-date: /home/q/Algorithm_research/DWA_ws/install/mower_description/share/mower_description/cmake/export_mower_description__rosidl_generator_pyExport.cmake
[0.473s] -- Up-to-date: /home/q/Algorithm_research/DWA_ws/install/mower_description/share/mower_description/cmake/export_mower_description__rosidl_generator_pyExport-noconfig.cmake
[0.474s] Invoked command in '/home/q/Algorithm_research/DWA_ws/build/mower_description' returned '0': CMAKE_PREFIX_PATH=/opt/ros/humble /usr/bin/cmake --install /home/q/Algorithm_research/DWA_ws/build/mower_description
