[0.009s] Invoking command in '/home/q/Algorithm_research/DWA_ws/build/mower_description': CMAKE_PREFIX_PATH=/opt/ros/humble /usr/bin/cmake /home/q/Algorithm_research/DWA_ws/src/mower_description -DAMENT_CMAKE_SYMLINK_INSTALL=1 -DCMAKE_INSTALL_PREFIX=/home/q/Algorithm_research/DWA_ws/install/mower_description
[0.148s] -- The C compiler identification is GNU 11.4.0
[0.275s] -- The CXX compiler identification is GNU 11.4.0
[0.296s] -- Detecting C compiler ABI info
[0.430s] -- Detecting C compiler ABI info - done
[0.441s] -- Check for working C compiler: /usr/bin/cc - skipped
[0.443s] -- Detecting C compile features
[0.443s] -- Detecting C compile features - done
[0.449s] -- Detecting CXX compiler ABI info
[0.591s] -- Detecting CXX compiler ABI info - done
[0.602s] -- Check for working CXX compiler: /usr/bin/c++ - skipped
[0.602s] -- Detecting CXX compile features
[0.603s] -- Detecting CXX compile features - done
[0.611s] -- Found ament_cmake: 1.3.14 (/opt/ros/humble/share/ament_cmake/cmake)
[0.772s] -- Found Python3: /usr/bin/python3 (found version "3.10.12") found components: Interpreter 
[0.869s] -- Override CMake install command with custom implementation using symlinks instead of copying resources
[0.939s] -- Found urdf: 2.6.1 (/opt/ros/humble/share/urdf/cmake)
[1.021s] -- Found xacro: 2.1.1 (/opt/ros/humble/share/xacro/cmake)
[1.024s] -- Found gazebo_ros: 3.9.0 (/opt/ros/humble/share/gazebo_ros/cmake)
[1.090s] -- Found rosidl_generator_c: 3.1.8 (/opt/ros/humble/share/rosidl_generator_c/cmake)
[1.099s] -- Found rosidl_adapter: 3.1.8 (/opt/ros/humble/share/rosidl_adapter/cmake)
[1.118s] -- Found rosidl_generator_cpp: 3.1.8 (/opt/ros/humble/share/rosidl_generator_cpp/cmake)
[1.140s] -- Using all available rosidl_typesupport_c: rosidl_typesupport_fastrtps_c;rosidl_typesupport_introspection_c
[1.160s] -- Using all available rosidl_typesupport_cpp: rosidl_typesupport_fastrtps_cpp;rosidl_typesupport_introspection_cpp
[1.253s] -- Found rmw_implementation_cmake: 6.1.2 (/opt/ros/humble/share/rmw_implementation_cmake/cmake)
[1.260s] -- Found rmw_fastrtps_cpp: 6.2.10 (/opt/ros/humble/share/rmw_fastrtps_cpp/cmake)
[1.313s] -- Found TinyXML2 via Config file: TinyXML2_DIR-NOTFOUND
[1.375s] -- Found OpenSSL: /usr/lib/x86_64-linux-gnu/libcrypto.so (found version "3.0.2")  
[1.382s] -- Found TinyXML2 via Config file: TinyXML2_DIR-NOTFOUND
[1.397s] -- Found FastRTPS: /opt/ros/humble/include  
[1.401s] -- Found TinyXML2 via Config file: TinyXML2_DIR-NOTFOUND
[1.412s] -- Found TinyXML2 via Config file: TinyXML2_DIR-NOTFOUND
[1.424s] -- Using RMW implementation 'rmw_fastrtps_cpp' as default
[1.439s] -- Looking for pthread.h
[1.580s] -- Looking for pthread.h - found
[1.580s] -- Performing Test CMAKE_HAVE_LIBC_PTHREAD
[1.713s] -- Performing Test CMAKE_HAVE_LIBC_PTHREAD - Success
[1.714s] -- Found Threads: TRUE  
[1.822s] -- Found PkgConfig: /usr/bin/pkg-config (found version "0.29.2") 
[1.823s] -- Checking for module 'bullet>=2.82'
[1.840s] --   Found bullet, version 3.05
[1.976s] -- Found fcl: /usr/include (found suitable version "0.7.0", minimum required is "0.5.0") 
[2.038s] -- Found assimp: /usr/include (found version "5.2.0") 
[2.065s] -- Found DART: /usr/include (Required is at least version "6.6") found components: dart 
[2.108s] -- Found Boost: /usr/lib/x86_64-linux-gnu/cmake/Boost-1.74.0/BoostConfig.cmake (found suitable version "1.74.0", minimum required is "1.40.0") found components: thread system filesystem program_options regex iostreams date_time 
[2.125s] -- Found Protobuf: /usr/lib/x86_64-linux-gnu/libprotobuf.so (found version "3.12.4") 
[2.133s] -- Looking for ignition-math6 -- found version 6.15.1
[2.148s] -- Searching for dependencies of ignition-math6
[2.152s] -- Looking for OGRE...
[2.152s] -- OGRE_PREFIX_WATCH changed.
[2.158s] -- Checking for module 'OGRE'
[2.173s] --   Found OGRE, version 1.9.0
[2.212s] -- Found Ogre Ghadamon (1.9.0)
[2.218s] -- Found OGRE: optimized;/usr/lib/x86_64-linux-gnu/libOgreMain.so;debug;/usr/lib/x86_64-linux-gnu/libOgreMain.so
[2.227s] -- Looking for OGRE_Paging...
[2.230s] -- Found OGRE_Paging: optimized;/usr/lib/x86_64-linux-gnu/libOgrePaging.so;debug;/usr/lib/x86_64-linux-gnu/libOgrePaging.so
[2.230s] -- Looking for OGRE_Terrain...
[2.234s] -- Found OGRE_Terrain: optimized;/usr/lib/x86_64-linux-gnu/libOgreTerrain.so;debug;/usr/lib/x86_64-linux-gnu/libOgreTerrain.so
[2.234s] -- Looking for OGRE_Property...
[2.238s] -- Found OGRE_Property: optimized;/usr/lib/x86_64-linux-gnu/libOgreProperty.so;debug;/usr/lib/x86_64-linux-gnu/libOgreProperty.so
[2.238s] -- Looking for OGRE_RTShaderSystem...
[2.241s] -- Found OGRE_RTShaderSystem: optimized;/usr/lib/x86_64-linux-gnu/libOgreRTShaderSystem.so;debug;/usr/lib/x86_64-linux-gnu/libOgreRTShaderSystem.so
[2.241s] -- Looking for OGRE_Volume...
[2.245s] -- Found OGRE_Volume: optimized;/usr/lib/x86_64-linux-gnu/libOgreVolume.so;debug;/usr/lib/x86_64-linux-gnu/libOgreVolume.so
[2.245s] -- Looking for OGRE_Overlay...
[2.249s] -- Found OGRE_Overlay: optimized;/usr/lib/x86_64-linux-gnu/libOgreOverlay.so;debug;/usr/lib/x86_64-linux-gnu/libOgreOverlay.so
[2.333s] -- Looking for ignition-math6 -- found version 6.15.1
[2.336s] -- Looking for ignition-transport8 -- found version 8.2.1
[2.337s] -- Searching for dependencies of ignition-transport8
[2.355s] -- Found Protobuf: /usr/lib/x86_64-linux-gnu/libprotobuf.so (found suitable version "3.12.4", minimum required is "3") 
[2.367s] -- Config-file not installed for ZeroMQ -- checking for pkg-config
[2.373s] -- Checking for module 'libzmq >= 4'
[2.395s] --   Found libzmq , version 4.3.4
[2.443s] -- Found ZeroMQ: TRUE (Required is at least version "4") 
[2.451s] -- Checking for module 'uuid'
[2.467s] --   Found uuid, version 2.37.2
[2.506s] -- Found UUID: TRUE  
[2.510s] -- Looking for ignition-msgs5 -- found version 5.8.1
[2.511s] -- Searching for dependencies of ignition-msgs5
[2.529s] -- Looking for ignition-math6 -- found version 6.15.1
[2.536s] -- Checking for module 'tinyxml2'
[2.552s] --   Found tinyxml2, version 9.0.0
[2.599s] -- Looking for ignition-msgs5 -- found version 5.8.1
[2.602s] -- Looking for ignition-common3 -- found version 3.14.0
[2.602s] -- Searching for dependencies of ignition-common3
[2.603s] -- Looking for dlfcn.h - found
[2.604s] -- Looking for libdl - found
[2.605s] -- Found DL: TRUE  
[2.618s] -- Found tinyobjloader: /usr/lib/x86_64-linux-gnu/cmake/tinyobjloader/tinyobjloader-config.cmake (found version "2.0.0") 
[2.619s] -- Searching for <ignition-common3> component [graphics]
[2.623s] -- Looking for ignition-common3-graphics -- found version 3.14.0
[2.624s] -- Searching for dependencies of ignition-common3-graphics
[2.624s] -- Looking for ignition-math6 -- found version 6.15.1
[2.628s] -- Looking for ignition-fuel_tools4 -- found version 4.4.0
[2.629s] -- Searching for dependencies of ignition-fuel_tools4
[2.722s] -- Found CURL: /usr/lib/x86_64-linux-gnu/libcurl.so (found version "7.81.0")  
[2.736s] -- Checking for module 'jsoncpp'
[2.754s] --   Found jsoncpp, version 1.9.5
[2.796s] -- Found JSONCPP: TRUE  
[2.805s] -- Checking for module 'libzip'
[2.820s] --   Found libzip, version 1.7.3
[2.868s] -- Found ZIP: TRUE  
[2.868s] -- Looking for ignition-common3 -- found version 3.14.0
[2.869s] -- Looking for ignition-math6 -- found version 6.15.1
[2.870s] -- Looking for ignition-msgs5 -- found version 5.8.1
[2.879s] -- Gazebo version: 11.10
[2.880s] -- Checking for module 'tbb'
[2.898s] --   Found tbb, version 2021.5.0
[2.942s] -- Found rosidl_default_generators: 1.2.1 (/opt/ros/humble/share/rosidl_default_generators/cmake)
[3.300s] -- Found ament_cmake_ros: 0.10.0 (/opt/ros/humble/share/ament_cmake_ros/cmake)
[3.812s] -- Using all available rosidl_typesupport_c: rosidl_typesupport_fastrtps_c;rosidl_typesupport_introspection_c
[4.004s] -- Using all available rosidl_typesupport_cpp: rosidl_typesupport_fastrtps_cpp;rosidl_typesupport_introspection_cpp
[4.026s] -- Found PythonInterp: /usr/bin/python3 (found suitable version "3.10.12", minimum required is "3.6") 
[4.030s] -- Found python_cmake_module: 0.10.0 (/opt/ros/humble/share/python_cmake_module/cmake)
[4.056s] -- Found PythonLibs: /usr/lib/x86_64-linux-gnu/libpython3.10.so (found suitable version "3.10.12", minimum required is "3.5") 
[4.056s] -- Using PYTHON_EXECUTABLE: /usr/bin/python3
[4.056s] -- Using PYTHON_INCLUDE_DIRS: /usr/include/python3.10
[4.056s] -- Using PYTHON_LIBRARIES: /usr/lib/x86_64-linux-gnu/libpython3.10.so
[4.075s] -- Found PythonExtra: .so  
[4.258s] -- Found ament_lint_auto: 0.12.15 (/opt/ros/humble/share/ament_lint_auto/cmake)
[4.320s] -- Added test 'flake8' to check Python code syntax and style conventions
[4.321s] -- Added test 'lint_cmake' to check CMake code style
[4.322s] -- Added test 'pep257' to check Python code against some of the docstring style conventions in PEP 257
[4.324s] -- Added test 'xmllint' to check XML markup files
[4.334s] -- Configuring done
[4.371s] -- Generating done
[4.394s] -- Build files have been written to: /home/q/Algorithm_research/DWA_ws/build/mower_description
[4.405s] Invoked command in '/home/q/Algorithm_research/DWA_ws/build/mower_description' returned '0': CMAKE_PREFIX_PATH=/opt/ros/humble /usr/bin/cmake /home/q/Algorithm_research/DWA_ws/src/mower_description -DAMENT_CMAKE_SYMLINK_INSTALL=1 -DCMAKE_INSTALL_PREFIX=/home/q/Algorithm_research/DWA_ws/install/mower_description
[4.408s] Invoking command in '/home/q/Algorithm_research/DWA_ws/build/mower_description': CMAKE_PREFIX_PATH=/opt/ros/humble /usr/bin/cmake --build /home/q/Algorithm_research/DWA_ws/build/mower_description -- -j24 -l24
[4.461s] [  3%] Generating C code for ROS interfaces
[4.474s] [  6%] Generating Rust code for ROS interfaces
[4.475s] [  9%] Generating C++ code for ROS interfaces
[4.484s] [  9%] Built target ament_cmake_python_symlink_mower_description
[4.689s] [  9%] Built target mower_description__rs
[4.715s] [  9%] Built target mower_description__cpp
[4.728s] [ 12%] Generating C++ introspection for ROS interfaces
[4.729s] [ 15%] Generating C++ type support dispatch for ROS interfaces
[4.730s] [ 18%] Generating C++ type support for eProsima Fast-RTPS
[4.731s] running egg_info
[4.731s] creating mower_description.egg-info
[4.731s] writing mower_description.egg-info/PKG-INFO
[4.732s] writing dependency_links to mower_description.egg-info/dependency_links.txt
[4.732s] writing top-level names to mower_description.egg-info/top_level.txt
[4.732s] writing manifest file 'mower_description.egg-info/SOURCES.txt'
[4.733s] reading manifest file 'mower_description.egg-info/SOURCES.txt'
[4.734s] writing manifest file 'mower_description.egg-info/SOURCES.txt'
[4.736s] [ 21%] Building C object CMakeFiles/mower_description__rosidl_generator_c.dir/rosidl_generator_c/mower_description/srv/detail/cutting_motor_control__functions.c.o
[4.758s] [ 21%] Built target ament_cmake_python_build_mower_description_egg
[4.850s] [ 25%] Linking C shared library libmower_description__rosidl_generator_c.so
[4.897s] [ 25%] Built target mower_description__rosidl_generator_c
[4.911s] [ 28%] Generating C type support for eProsima Fast-RTPS
[4.911s] [ 31%] Generating C introspection for ROS interfaces
[4.914s] [ 34%] Generating C type support dispatch for ROS interfaces
[4.936s] [ 37%] Building CXX object CMakeFiles/mower_description__rosidl_typesupport_cpp.dir/rosidl_typesupport_cpp/mower_description/srv/cutting_motor_control__type_support.cpp.o
[4.959s] [ 40%] Building CXX object CMakeFiles/mower_description__rosidl_typesupport_introspection_cpp.dir/rosidl_typesupport_introspection_cpp/mower_description/srv/detail/cutting_motor_control__type_support.cpp.o
[4.969s] [ 43%] Building CXX object CMakeFiles/mower_description__rosidl_typesupport_fastrtps_cpp.dir/rosidl_typesupport_fastrtps_cpp/mower_description/srv/detail/dds_fastrtps/cutting_motor_control__type_support.cpp.o
[5.120s] [ 46%] Building CXX object CMakeFiles/mower_description__rosidl_typesupport_c.dir/rosidl_typesupport_c/mower_description/srv/cutting_motor_control__type_support.cpp.o
[5.153s] [ 50%] Building C object CMakeFiles/mower_description__rosidl_typesupport_introspection_c.dir/rosidl_typesupport_introspection_c/mower_description/srv/detail/cutting_motor_control__type_support.c.o
[5.159s] [ 53%] Building CXX object CMakeFiles/mower_description__rosidl_typesupport_fastrtps_c.dir/rosidl_typesupport_fastrtps_c/mower_description/srv/detail/cutting_motor_control__type_support_c.cpp.o
[5.246s] [ 56%] Linking C shared library libmower_description__rosidl_typesupport_introspection_c.so
[5.251s] [ 59%] Linking CXX shared library libmower_description__rosidl_typesupport_cpp.so
[5.273s] [ 62%] Linking CXX shared library libmower_description__rosidl_typesupport_c.so
[5.286s] [ 62%] Built target mower_description__rosidl_typesupport_introspection_c
[5.298s] [ 62%] Built target mower_description__rosidl_typesupport_cpp
[5.322s] [ 62%] Built target mower_description__rosidl_typesupport_c
[5.334s] [ 65%] Linking CXX shared library libmower_description__rosidl_typesupport_introspection_cpp.so
[5.366s] [ 68%] Linking CXX shared library libmower_description__rosidl_typesupport_fastrtps_cpp.so
[5.393s] [ 68%] Built target mower_description__rosidl_typesupport_introspection_cpp
[5.438s] [ 68%] Built target mower_description__rosidl_typesupport_fastrtps_cpp
[5.499s] [ 71%] Linking CXX shared library libmower_description__rosidl_typesupport_fastrtps_c.so
[5.569s] [ 71%] Built target mower_description__rosidl_typesupport_fastrtps_c
[5.597s] [ 71%] Built target mower_description
[5.625s] [ 75%] Generating Python code for ROS interfaces
[5.929s] [ 75%] Built target mower_description__py
[5.956s] [ 78%] Building C object CMakeFiles/mower_description__rosidl_generator_py.dir/rosidl_generator_py/mower_description/srv/_cutting_motor_control_s.c.o
[6.152s] [ 81%] Linking C shared library rosidl_generator_py/mower_description/libmower_description__rosidl_generator_py.so
[6.198s] [ 81%] Built target mower_description__rosidl_generator_py
[6.224s] [ 84%] Building C object CMakeFiles/mower_description__rosidl_typesupport_fastrtps_c__pyext.dir/rosidl_generator_py/mower_description/_mower_description_s.ep.rosidl_typesupport_fastrtps_c.c.o
[6.225s] [ 87%] Building C object CMakeFiles/mower_description__rosidl_typesupport_c__pyext.dir/rosidl_generator_py/mower_description/_mower_description_s.ep.rosidl_typesupport_c.c.o
[6.225s] [ 90%] Building C object CMakeFiles/mower_description__rosidl_typesupport_introspection_c__pyext.dir/rosidl_generator_py/mower_description/_mower_description_s.ep.rosidl_typesupport_introspection_c.c.o
[6.419s] [ 93%] Linking C shared library rosidl_generator_py/mower_description/mower_description_s__rosidl_typesupport_fastrtps_c.cpython-310-x86_64-linux-gnu.so
[6.424s] [ 96%] Linking C shared library rosidl_generator_py/mower_description/mower_description_s__rosidl_typesupport_introspection_c.cpython-310-x86_64-linux-gnu.so
[6.430s] [100%] Linking C shared library rosidl_generator_py/mower_description/mower_description_s__rosidl_typesupport_c.cpython-310-x86_64-linux-gnu.so
[6.467s] [100%] Built target mower_description__rosidl_typesupport_fastrtps_c__pyext
[6.467s] [100%] Built target mower_description__rosidl_typesupport_introspection_c__pyext
[6.475s] [100%] Built target mower_description__rosidl_typesupport_c__pyext
[6.488s] Invoked command in '/home/q/Algorithm_research/DWA_ws/build/mower_description' returned '0': CMAKE_PREFIX_PATH=/opt/ros/humble /usr/bin/cmake --build /home/q/Algorithm_research/DWA_ws/build/mower_description -- -j24 -l24
[6.498s] Invoking command in '/home/q/Algorithm_research/DWA_ws/build/mower_description': CMAKE_PREFIX_PATH=/opt/ros/humble /usr/bin/cmake --install /home/q/Algorithm_research/DWA_ws/build/mower_description
[6.510s] -- Install configuration: ""
[6.511s] -- Execute custom install script
[6.511s] -- Symlinking: /home/q/Algorithm_research/DWA_ws/install/mower_description/share/ament_index/resource_index/rosidl_interfaces/mower_description
[6.521s] -- Symlinking: /home/q/Algorithm_research/DWA_ws/install/mower_description/include/mower_description/mower_description/msg/rosidl_generator_c__visibility_control.h
[6.531s] -- Symlinking: /home/q/Algorithm_research/DWA_ws/install/mower_description/include/mower_description/mower_description/srv/cutting_motor_control.h
[6.541s] -- Symlinking: /home/q/Algorithm_research/DWA_ws/install/mower_description/include/mower_description/mower_description/srv/detail/cutting_motor_control__functions.h
[6.551s] -- Symlinking: /home/q/Algorithm_research/DWA_ws/install/mower_description/include/mower_description/mower_description/srv/detail/cutting_motor_control__struct.h
[6.562s] -- Symlinking: /home/q/Algorithm_research/DWA_ws/install/mower_description/include/mower_description/mower_description/srv/detail/cutting_motor_control__type_support.h
[6.573s] -- Symlinking: /home/q/Algorithm_research/DWA_ws/install/mower_description/share/mower_description/environment/library_path.sh
[6.585s] -- Symlinking: /home/q/Algorithm_research/DWA_ws/install/mower_description/share/mower_description/environment/library_path.dsv
[6.594s] -- Symlinking: /home/q/Algorithm_research/DWA_ws/install/mower_description/include/mower_description/mower_description/msg/rosidl_typesupport_fastrtps_c__visibility_control.h
[6.606s] -- Symlinking: /home/q/Algorithm_research/DWA_ws/install/mower_description/include/mower_description/mower_description/srv/detail/cutting_motor_control__rosidl_typesupport_fastrtps_c.h
[6.615s] -- Symlinking: /home/q/Algorithm_research/DWA_ws/install/mower_description/include/mower_description/mower_description/msg/rosidl_generator_cpp__visibility_control.hpp
[6.624s] -- Symlinking: /home/q/Algorithm_research/DWA_ws/install/mower_description/include/mower_description/mower_description/srv/cutting_motor_control.hpp
[6.634s] -- Symlinking: /home/q/Algorithm_research/DWA_ws/install/mower_description/include/mower_description/mower_description/srv/detail/cutting_motor_control__builder.hpp
[6.645s] -- Symlinking: /home/q/Algorithm_research/DWA_ws/install/mower_description/include/mower_description/mower_description/srv/detail/cutting_motor_control__struct.hpp
[6.654s] -- Symlinking: /home/q/Algorithm_research/DWA_ws/install/mower_description/include/mower_description/mower_description/srv/detail/cutting_motor_control__traits.hpp
[6.666s] -- Symlinking: /home/q/Algorithm_research/DWA_ws/install/mower_description/include/mower_description/mower_description/srv/detail/cutting_motor_control__type_support.hpp
[6.675s] -- Symlinking: /home/q/Algorithm_research/DWA_ws/install/mower_description/include/mower_description/mower_description/msg/rosidl_typesupport_fastrtps_cpp__visibility_control.h
[6.686s] -- Symlinking: /home/q/Algorithm_research/DWA_ws/install/mower_description/include/mower_description/mower_description/srv/detail/cutting_motor_control__rosidl_typesupport_fastrtps_cpp.hpp
[6.696s] -- Symlinking: /home/q/Algorithm_research/DWA_ws/install/mower_description/include/mower_description/mower_description/msg/rosidl_typesupport_introspection_c__visibility_control.h
[6.705s] -- Symlinking: /home/q/Algorithm_research/DWA_ws/install/mower_description/include/mower_description/mower_description/srv/detail/cutting_motor_control__rosidl_typesupport_introspection_c.h
[6.718s] -- Symlinking: /home/q/Algorithm_research/DWA_ws/install/mower_description/include/mower_description/mower_description/srv/detail/cutting_motor_control__rosidl_typesupport_introspection_cpp.hpp
[6.727s] -- Symlinking: /home/q/Algorithm_research/DWA_ws/install/mower_description/share/mower_description/environment/pythonpath.sh
[6.738s] -- Symlinking: /home/q/Algorithm_research/DWA_ws/install/mower_description/share/mower_description/environment/pythonpath.dsv
[6.748s] -- Symlinking: /home/q/Algorithm_research/DWA_ws/install/mower_description/local/lib/python3.10/dist-packages/mower_description-0.0.0-py3.10.egg-info/PKG-INFO
[6.759s] -- Symlinking: /home/q/Algorithm_research/DWA_ws/install/mower_description/local/lib/python3.10/dist-packages/mower_description-0.0.0-py3.10.egg-info/SOURCES.txt
[6.769s] -- Symlinking: /home/q/Algorithm_research/DWA_ws/install/mower_description/local/lib/python3.10/dist-packages/mower_description-0.0.0-py3.10.egg-info/dependency_links.txt
[6.778s] -- Symlinking: /home/q/Algorithm_research/DWA_ws/install/mower_description/local/lib/python3.10/dist-packages/mower_description-0.0.0-py3.10.egg-info/top_level.txt
[6.788s] -- Symlinking: /home/q/Algorithm_research/DWA_ws/install/mower_description/local/lib/python3.10/dist-packages/mower_description/__init__.py
[6.797s] -- Symlinking: /home/q/Algorithm_research/DWA_ws/install/mower_description/local/lib/python3.10/dist-packages/mower_description/_mower_description_s.ep.rosidl_typesupport_c.c
[6.806s] -- Symlinking: /home/q/Algorithm_research/DWA_ws/install/mower_description/local/lib/python3.10/dist-packages/mower_description/_mower_description_s.ep.rosidl_typesupport_fastrtps_c.c
[6.817s] -- Symlinking: /home/q/Algorithm_research/DWA_ws/install/mower_description/local/lib/python3.10/dist-packages/mower_description/_mower_description_s.ep.rosidl_typesupport_introspection_c.c
[6.832s] -- Symlinking: /home/q/Algorithm_research/DWA_ws/install/mower_description/local/lib/python3.10/dist-packages/mower_description/libmower_description__rosidl_generator_py.so
[6.844s] -- Symlinking: /home/q/Algorithm_research/DWA_ws/install/mower_description/local/lib/python3.10/dist-packages/mower_description/mower_description_s__rosidl_typesupport_c.cpython-310-x86_64-linux-gnu.so
[6.857s] -- Symlinking: /home/q/Algorithm_research/DWA_ws/install/mower_description/local/lib/python3.10/dist-packages/mower_description/mower_description_s__rosidl_typesupport_fastrtps_c.cpython-310-x86_64-linux-gnu.so
[6.868s] -- Symlinking: /home/q/Algorithm_research/DWA_ws/install/mower_description/local/lib/python3.10/dist-packages/mower_description/mower_description_s__rosidl_typesupport_introspection_c.cpython-310-x86_64-linux-gnu.so
[6.881s] -- Symlinking: /home/q/Algorithm_research/DWA_ws/install/mower_description/local/lib/python3.10/dist-packages/mower_description/srv/__init__.py
[6.890s] -- Symlinking: /home/q/Algorithm_research/DWA_ws/install/mower_description/local/lib/python3.10/dist-packages/mower_description/srv/_cutting_motor_control.py
[6.899s] -- Symlinking: /home/q/Algorithm_research/DWA_ws/install/mower_description/local/lib/python3.10/dist-packages/mower_description/srv/_cutting_motor_control_s.c
[6.909s] -- Up-to-date symlink: /home/q/Algorithm_research/DWA_ws/install/mower_description/local/lib/python3.10/dist-packages/mower_description/mower_description_s__rosidl_typesupport_fastrtps_c.cpython-310-x86_64-linux-gnu.so
[6.910s] -- Up-to-date symlink: /home/q/Algorithm_research/DWA_ws/install/mower_description/local/lib/python3.10/dist-packages/mower_description/mower_description_s__rosidl_typesupport_introspection_c.cpython-310-x86_64-linux-gnu.so
[6.910s] -- Up-to-date symlink: /home/q/Algorithm_research/DWA_ws/install/mower_description/local/lib/python3.10/dist-packages/mower_description/mower_description_s__rosidl_typesupport_c.cpython-310-x86_64-linux-gnu.so
[6.911s] -- Symlinking: /home/q/Algorithm_research/DWA_ws/install/mower_description/share/ament_index/resource_index/rust_packages/mower_description
[6.920s] -- Symlinking: /home/q/Algorithm_research/DWA_ws/install/mower_description/share/mower_description/rust/Cargo.toml
[6.929s] -- Symlinking: /home/q/Algorithm_research/DWA_ws/install/mower_description/share/mower_description/rust/build.rs
[6.937s] -- Symlinking: /home/q/Algorithm_research/DWA_ws/install/mower_description/share/mower_description/rust/src/lib.rs
[6.947s] -- Symlinking: /home/q/Algorithm_research/DWA_ws/install/mower_description/share/mower_description/rust/src/srv.rs
[6.956s] -- Symlinking: /home/q/Algorithm_research/DWA_ws/install/mower_description/share/mower_description/rust/src/srv/rmw.rs
[6.967s] -- Symlinking: /home/q/Algorithm_research/DWA_ws/install/mower_description/share/mower_description/srv/CuttingMotorControl.idl
[6.976s] -- Symlinking: /home/q/Algorithm_research/DWA_ws/install/mower_description/share/mower_description/srv/CuttingMotorControl.srv
[6.986s] -- Symlinking: /home/q/Algorithm_research/DWA_ws/install/mower_description/share/mower_description/srv/CuttingMotorControl_Request.msg
[6.997s] -- Symlinking: /home/q/Algorithm_research/DWA_ws/install/mower_description/share/mower_description/srv/CuttingMotorControl_Response.msg
[7.009s] -- Symlinking: /home/q/Algorithm_research/DWA_ws/install/mower_description/lib/mower_description/cutting_motor_controller.py
[7.019s] -- Symlinking: /home/q/Algorithm_research/DWA_ws/install/mower_description/lib/mower_description/gear_marker_publisher.py
[7.028s] -- Symlinking: /home/q/Algorithm_research/DWA_ws/install/mower_description/share/mower_description/launch/mower_gazebo.launch.py
[7.040s] -- Symlinking: /home/q/Algorithm_research/DWA_ws/install/mower_description/share/mower_description/urdf/mower.urdf
[7.050s] -- Symlinking: /home/q/Algorithm_research/DWA_ws/install/mower_description/share/mower_description/worlds/mower_world.world
[7.058s] -- Symlinking: /home/q/Algorithm_research/DWA_ws/install/mower_description/share/mower_description/worlds/room_world.world
[7.069s] -- Symlinking: /home/q/Algorithm_research/DWA_ws/install/mower_description/share/mower_description/worlds/room_world_open.world
[7.078s] -- Symlinking: /home/q/Algorithm_research/DWA_ws/install/mower_description/share/mower_description/config/rviz/mower_gazebo.rviz
[7.089s] -- Symlinking: /home/q/Algorithm_research/DWA_ws/install/mower_description/share/ament_index/resource_index/package_run_dependencies/mower_description
[7.099s] -- Symlinking: /home/q/Algorithm_research/DWA_ws/install/mower_description/share/ament_index/resource_index/parent_prefix_path/mower_description
[7.109s] -- Symlinking: /home/q/Algorithm_research/DWA_ws/install/mower_description/share/mower_description/environment/ament_prefix_path.sh
[7.119s] -- Symlinking: /home/q/Algorithm_research/DWA_ws/install/mower_description/share/mower_description/environment/ament_prefix_path.dsv
[7.129s] -- Symlinking: /home/q/Algorithm_research/DWA_ws/install/mower_description/share/mower_description/environment/path.sh
[7.138s] -- Symlinking: /home/q/Algorithm_research/DWA_ws/install/mower_description/share/mower_description/environment/path.dsv
[7.148s] -- Symlinking: /home/q/Algorithm_research/DWA_ws/install/mower_description/share/mower_description/local_setup.bash
[7.158s] -- Symlinking: /home/q/Algorithm_research/DWA_ws/install/mower_description/share/mower_description/local_setup.sh
[7.171s] -- Symlinking: /home/q/Algorithm_research/DWA_ws/install/mower_description/share/mower_description/local_setup.zsh
[7.181s] -- Symlinking: /home/q/Algorithm_research/DWA_ws/install/mower_description/share/mower_description/local_setup.dsv
[7.190s] -- Symlinking: /home/q/Algorithm_research/DWA_ws/install/mower_description/share/mower_description/package.dsv
[7.200s] -- Symlinking: /home/q/Algorithm_research/DWA_ws/install/mower_description/share/ament_index/resource_index/packages/mower_description
[7.209s] -- Symlinking: /home/q/Algorithm_research/DWA_ws/install/mower_description/share/mower_description/cmake/rosidl_cmake-extras.cmake
[7.218s] -- Symlinking: /home/q/Algorithm_research/DWA_ws/install/mower_description/share/mower_description/cmake/ament_cmake_export_dependencies-extras.cmake
[7.228s] -- Symlinking: /home/q/Algorithm_research/DWA_ws/install/mower_description/share/mower_description/cmake/ament_cmake_export_include_directories-extras.cmake
[7.237s] -- Symlinking: /home/q/Algorithm_research/DWA_ws/install/mower_description/share/mower_description/cmake/ament_cmake_export_libraries-extras.cmake
[7.250s] -- Symlinking: /home/q/Algorithm_research/DWA_ws/install/mower_description/share/mower_description/cmake/ament_cmake_export_targets-extras.cmake
[7.262s] -- Symlinking: /home/q/Algorithm_research/DWA_ws/install/mower_description/share/mower_description/cmake/rosidl_cmake_export_typesupport_targets-extras.cmake
[7.272s] -- Symlinking: /home/q/Algorithm_research/DWA_ws/install/mower_description/share/mower_description/cmake/rosidl_cmake_export_typesupport_libraries-extras.cmake
[7.281s] -- Symlinking: /home/q/Algorithm_research/DWA_ws/install/mower_description/share/mower_description/cmake/mower_descriptionConfig.cmake
[7.292s] -- Symlinking: /home/q/Algorithm_research/DWA_ws/install/mower_description/share/mower_description/cmake/mower_descriptionConfig-version.cmake
[7.302s] -- Symlinking: /home/q/Algorithm_research/DWA_ws/install/mower_description/share/mower_description/package.xml
[7.313s] -- Installing: /home/q/Algorithm_research/DWA_ws/install/mower_description/lib/libmower_description__rosidl_generator_c.so
[7.315s] -- Set runtime path of "/home/q/Algorithm_research/DWA_ws/install/mower_description/lib/libmower_description__rosidl_generator_c.so" to ""
[7.315s] -- Installing: /home/q/Algorithm_research/DWA_ws/install/mower_description/lib/libmower_description__rosidl_typesupport_fastrtps_c.so
[7.316s] -- Set runtime path of "/home/q/Algorithm_research/DWA_ws/install/mower_description/lib/libmower_description__rosidl_typesupport_fastrtps_c.so" to ""
[7.316s] -- Installing: /home/q/Algorithm_research/DWA_ws/install/mower_description/lib/libmower_description__rosidl_typesupport_fastrtps_cpp.so
[7.317s] -- Set runtime path of "/home/q/Algorithm_research/DWA_ws/install/mower_description/lib/libmower_description__rosidl_typesupport_fastrtps_cpp.so" to ""
[7.317s] -- Installing: /home/q/Algorithm_research/DWA_ws/install/mower_description/lib/libmower_description__rosidl_typesupport_introspection_c.so
[7.319s] -- Set runtime path of "/home/q/Algorithm_research/DWA_ws/install/mower_description/lib/libmower_description__rosidl_typesupport_introspection_c.so" to ""
[7.319s] -- Installing: /home/q/Algorithm_research/DWA_ws/install/mower_description/lib/libmower_description__rosidl_typesupport_c.so
[7.320s] -- Set runtime path of "/home/q/Algorithm_research/DWA_ws/install/mower_description/lib/libmower_description__rosidl_typesupport_c.so" to ""
[7.320s] -- Installing: /home/q/Algorithm_research/DWA_ws/install/mower_description/lib/libmower_description__rosidl_typesupport_introspection_cpp.so
[7.321s] -- Set runtime path of "/home/q/Algorithm_research/DWA_ws/install/mower_description/lib/libmower_description__rosidl_typesupport_introspection_cpp.so" to ""
[7.321s] -- Installing: /home/q/Algorithm_research/DWA_ws/install/mower_description/lib/libmower_description__rosidl_typesupport_cpp.so
[7.322s] -- Set runtime path of "/home/q/Algorithm_research/DWA_ws/install/mower_description/lib/libmower_description__rosidl_typesupport_cpp.so" to ""
[7.360s] Listing '/home/q/Algorithm_research/DWA_ws/install/mower_description/local/lib/python3.10/dist-packages/mower_description'...
[7.360s] Compiling '/home/q/Algorithm_research/DWA_ws/install/mower_description/local/lib/python3.10/dist-packages/mower_description/__init__.py'...
[7.360s] Listing '/home/q/Algorithm_research/DWA_ws/install/mower_description/local/lib/python3.10/dist-packages/mower_description/srv'...
[7.360s] Compiling '/home/q/Algorithm_research/DWA_ws/install/mower_description/local/lib/python3.10/dist-packages/mower_description/srv/__init__.py'...
[7.360s] Compiling '/home/q/Algorithm_research/DWA_ws/install/mower_description/local/lib/python3.10/dist-packages/mower_description/srv/_cutting_motor_control.py'...
[7.364s] -- Installing: /home/q/Algorithm_research/DWA_ws/install/mower_description/lib/libmower_description__rosidl_generator_py.so
[7.365s] -- Set runtime path of "/home/q/Algorithm_research/DWA_ws/install/mower_description/lib/libmower_description__rosidl_generator_py.so" to ""
[7.365s] -- Installing: /home/q/Algorithm_research/DWA_ws/install/mower_description/share/mower_description/cmake/export_mower_description__rosidl_generator_cExport.cmake
[7.366s] -- Installing: /home/q/Algorithm_research/DWA_ws/install/mower_description/share/mower_description/cmake/export_mower_description__rosidl_generator_cExport-noconfig.cmake
[7.367s] -- Installing: /home/q/Algorithm_research/DWA_ws/install/mower_description/share/mower_description/cmake/export_mower_description__rosidl_typesupport_fastrtps_cExport.cmake
[7.367s] -- Installing: /home/q/Algorithm_research/DWA_ws/install/mower_description/share/mower_description/cmake/export_mower_description__rosidl_typesupport_fastrtps_cExport-noconfig.cmake
[7.367s] -- Installing: /home/q/Algorithm_research/DWA_ws/install/mower_description/share/mower_description/cmake/export_mower_description__rosidl_generator_cppExport.cmake
[7.368s] -- Installing: /home/q/Algorithm_research/DWA_ws/install/mower_description/share/mower_description/cmake/export_mower_description__rosidl_typesupport_fastrtps_cppExport.cmake
[7.368s] -- Installing: /home/q/Algorithm_research/DWA_ws/install/mower_description/share/mower_description/cmake/export_mower_description__rosidl_typesupport_fastrtps_cppExport-noconfig.cmake
[7.369s] -- Installing: /home/q/Algorithm_research/DWA_ws/install/mower_description/share/mower_description/cmake/mower_description__rosidl_typesupport_introspection_cExport.cmake
[7.369s] -- Installing: /home/q/Algorithm_research/DWA_ws/install/mower_description/share/mower_description/cmake/mower_description__rosidl_typesupport_introspection_cExport-noconfig.cmake
[7.370s] -- Installing: /home/q/Algorithm_research/DWA_ws/install/mower_description/share/mower_description/cmake/mower_description__rosidl_typesupport_cExport.cmake
[7.370s] -- Installing: /home/q/Algorithm_research/DWA_ws/install/mower_description/share/mower_description/cmake/mower_description__rosidl_typesupport_cExport-noconfig.cmake
[7.370s] -- Installing: /home/q/Algorithm_research/DWA_ws/install/mower_description/share/mower_description/cmake/mower_description__rosidl_typesupport_introspection_cppExport.cmake
[7.371s] -- Installing: /home/q/Algorithm_research/DWA_ws/install/mower_description/share/mower_description/cmake/mower_description__rosidl_typesupport_introspection_cppExport-noconfig.cmake
[7.371s] -- Installing: /home/q/Algorithm_research/DWA_ws/install/mower_description/share/mower_description/cmake/mower_description__rosidl_typesupport_cppExport.cmake
[7.372s] -- Installing: /home/q/Algorithm_research/DWA_ws/install/mower_description/share/mower_description/cmake/mower_description__rosidl_typesupport_cppExport-noconfig.cmake
[7.372s] -- Installing: /home/q/Algorithm_research/DWA_ws/install/mower_description/share/mower_description/cmake/export_mower_description__rosidl_generator_pyExport.cmake
[7.372s] -- Installing: /home/q/Algorithm_research/DWA_ws/install/mower_description/share/mower_description/cmake/export_mower_description__rosidl_generator_pyExport-noconfig.cmake
[7.375s] Invoked command in '/home/q/Algorithm_research/DWA_ws/build/mower_description' returned '0': CMAKE_PREFIX_PATH=/opt/ros/humble /usr/bin/cmake --install /home/q/Algorithm_research/DWA_ws/build/mower_description
