[0.490s] Invoking command in '/home/q/Algorithm_research/DWA_ws/src/mower_dwa_local_planner': PYTHONPATH=/home/q/Algorithm_research/DWA_ws/build/mower_dwa_local_planner/prefix_override:/usr/lib/python3/dist-packages/colcon_core/task/python/colcon_distutils_commands:/home/q/Algorithm_research/DWA_ws/install/mower_dwa_local_planner/lib/python3.10/site-packages:${PYTHONPATH} /usr/bin/python3 -W ignore:setup.py install is deprecated -W ignore:easy_install command is deprecated setup.py egg_info --egg-base ../../build/mower_dwa_local_planner build --build-base /home/q/Algorithm_research/DWA_ws/build/mower_dwa_local_planner/build install --record /home/q/Algorithm_research/DWA_ws/build/mower_dwa_local_planner/install.log --single-version-externally-managed install_data
[0.680s] running egg_info
[0.681s] writing ../../build/mower_dwa_local_planner/mower_dwa_local_planner.egg-info/PKG-INFO
[0.681s] writing dependency_links to ../../build/mower_dwa_local_planner/mower_dwa_local_planner.egg-info/dependency_links.txt
[0.681s] writing entry points to ../../build/mower_dwa_local_planner/mower_dwa_local_planner.egg-info/entry_points.txt
[0.682s] writing requirements to ../../build/mower_dwa_local_planner/mower_dwa_local_planner.egg-info/requires.txt
[0.682s] writing top-level names to ../../build/mower_dwa_local_planner/mower_dwa_local_planner.egg-info/top_level.txt
[0.683s] reading manifest file '../../build/mower_dwa_local_planner/mower_dwa_local_planner.egg-info/SOURCES.txt'
[0.683s] writing manifest file '../../build/mower_dwa_local_planner/mower_dwa_local_planner.egg-info/SOURCES.txt'
[0.684s] running build
[0.684s] running build_py
[0.684s] running install
[0.684s] running install_lib
[0.685s] running install_data
[0.685s] running install_egg_info
[0.686s] removing '/home/q/Algorithm_research/DWA_ws/install/mower_dwa_local_planner/lib/python3.10/site-packages/mower_dwa_local_planner-0.0.1-py3.10.egg-info' (and everything under it)
[0.686s] Copying ../../build/mower_dwa_local_planner/mower_dwa_local_planner.egg-info to /home/q/Algorithm_research/DWA_ws/install/mower_dwa_local_planner/lib/python3.10/site-packages/mower_dwa_local_planner-0.0.1-py3.10.egg-info
[0.688s] running install_scripts
[0.706s] Installing dwa_local_planner script to /home/q/Algorithm_research/DWA_ws/install/mower_dwa_local_planner/lib/mower_dwa_local_planner
[0.706s] writing list of installed files to '/home/q/Algorithm_research/DWA_ws/build/mower_dwa_local_planner/install.log'
[0.721s] Invoked command in '/home/q/Algorithm_research/DWA_ws/src/mower_dwa_local_planner' returned '0': PYTHONPATH=/home/q/Algorithm_research/DWA_ws/build/mower_dwa_local_planner/prefix_override:/usr/lib/python3/dist-packages/colcon_core/task/python/colcon_distutils_commands:/home/q/Algorithm_research/DWA_ws/install/mower_dwa_local_planner/lib/python3.10/site-packages:${PYTHONPATH} /usr/bin/python3 -W ignore:setup.py install is deprecated -W ignore:easy_install command is deprecated setup.py egg_info --egg-base ../../build/mower_dwa_local_planner build --build-base /home/q/Algorithm_research/DWA_ws/build/mower_dwa_local_planner/build install --record /home/q/Algorithm_research/DWA_ws/build/mower_dwa_local_planner/install.log --single-version-externally-managed install_data
