running egg_info
writing ../../build/mower_dwa_local_planner/mower_dwa_local_planner.egg-info/PKG-INFO
writing dependency_links to ../../build/mower_dwa_local_planner/mower_dwa_local_planner.egg-info/dependency_links.txt
writing entry points to ../../build/mower_dwa_local_planner/mower_dwa_local_planner.egg-info/entry_points.txt
writing requirements to ../../build/mower_dwa_local_planner/mower_dwa_local_planner.egg-info/requires.txt
writing top-level names to ../../build/mower_dwa_local_planner/mower_dwa_local_planner.egg-info/top_level.txt
reading manifest file '../../build/mower_dwa_local_planner/mower_dwa_local_planner.egg-info/SOURCES.txt'
writing manifest file '../../build/mower_dwa_local_planner/mower_dwa_local_planner.egg-info/SOURCES.txt'
running build
running build_py
copying mower_dwa_local_planner/dwa_local_planner.py -> /home/q/Algorithm_research/DWA_ws/build/mower_dwa_local_planner/build/lib/mower_dwa_local_planner
running install
running install_lib
copying /home/q/Algorithm_research/DWA_ws/build/mower_dwa_local_planner/build/lib/mower_dwa_local_planner/dwa_local_planner.py -> /home/q/Algorithm_research/DWA_ws/install/mower_dwa_local_planner/lib/python3.10/site-packages/mower_dwa_local_planner
byte-compiling /home/q/Algorithm_research/DWA_ws/install/mower_dwa_local_planner/lib/python3.10/site-packages/mower_dwa_local_planner/dwa_local_planner.py to dwa_local_planner.cpython-310.pyc
running install_data
running install_egg_info
removing '/home/q/Algorithm_research/DWA_ws/install/mower_dwa_local_planner/lib/python3.10/site-packages/mower_dwa_local_planner-0.0.1-py3.10.egg-info' (and everything under it)
Copying ../../build/mower_dwa_local_planner/mower_dwa_local_planner.egg-info to /home/q/Algorithm_research/DWA_ws/install/mower_dwa_local_planner/lib/python3.10/site-packages/mower_dwa_local_planner-0.0.1-py3.10.egg-info
running install_scripts
Installing dwa_local_planner script to /home/q/Algorithm_research/DWA_ws/install/mower_dwa_local_planner/lib/mower_dwa_local_planner
writing list of installed files to '/home/q/Algorithm_research/DWA_ws/build/mower_dwa_local_planner/install.log'
